{"D:\\FULearning\\Spring26\\BackendBilliard\\controller\\auth\\auth.controller.js": {"path":"D:\\FULearning\\Spring26\\BackendBilliard\\controller\\auth\\auth.controller.js","all":false,"statementMap":{"0":{"start":{"line":1,"column":0},"end":{"line":1,"column":56}},"1":{"start":{"line":2,"column":0},"end":{"line":2,"column":36}},"2":{"start":{"line":3,"column":0},"end":{"line":3,"column":35}},"3":{"start":{"line":4,"column":0},"end":{"line":4,"column":59}},"4":{"start":{"line":5,"column":0},"end":{"line":5,"column":77}},"5":{"start":{"line":6,"column":0},"end":{"line":6,"column":7}},"6":{"start":{"line":7,"column":0},"end":{"line":7,"column":15}},"7":{"start":{"line":8,"column":0},"end":{"line":8,"column":25}},"8":{"start":{"line":9,"column":0},"end":{"line":9,"column":43}},"9":{"start":{"line":10,"column":0},"end":{"line":10,"column":0}},"10":{"start":{"line":11,"column":0},"end":{"line":11,"column":54}},"11":{"start":{"line":12,"column":0},"end":{"line":12,"column":48}},"12":{"start":{"line":13,"column":0},"end":{"line":13,"column":46}},"13":{"start":{"line":14,"column":0},"end":{"line":14,"column":64}},"14":{"start":{"line":15,"column":0},"end":{"line":15,"column":0}},"15":{"start":{"line":16,"column":0},"end":{"line":16,"column":67}},"16":{"start":{"line":17,"column":0},"end":{"line":17,"column":0}},"17":{"start":{"line":18,"column":0},"end":{"line":18,"column":34}},"18":{"start":{"line":19,"column":0},"end":{"line":19,"column":38}},"19":{"start":{"line":20,"column":0},"end":{"line":20,"column":7}},"20":{"start":{"line":21,"column":0},"end":{"line":21,"column":66}},"21":{"start":{"line":22,"column":0},"end":{"line":22,"column":0}},"22":{"start":{"line":23,"column":0},"end":{"line":23,"column":50}},"23":{"start":{"line":24,"column":0},"end":{"line":24,"column":16}},"24":{"start":{"line":25,"column":0},"end":{"line":25,"column":20}},"25":{"start":{"line":26,"column":0},"end":{"line":26,"column":62}},"26":{"start":{"line":27,"column":0},"end":{"line":27,"column":5}},"27":{"start":{"line":28,"column":0},"end":{"line":28,"column":0}},"28":{"start":{"line":29,"column":0},"end":{"line":29,"column":39}},"29":{"start":{"line":30,"column":0},"end":{"line":30,"column":35}},"30":{"start":{"line":31,"column":0},"end":{"line":31,"column":48}},"31":{"start":{"line":32,"column":0},"end":{"line":32,"column":9}},"32":{"start":{"line":33,"column":0},"end":{"line":33,"column":5}},"33":{"start":{"line":34,"column":0},"end":{"line":34,"column":0}},"34":{"start":{"line":35,"column":0},"end":{"line":35,"column":36}},"35":{"start":{"line":36,"column":0},"end":{"line":36,"column":20}},"36":{"start":{"line":37,"column":0},"end":{"line":37,"column":37}},"37":{"start":{"line":38,"column":0},"end":{"line":38,"column":5}},"38":{"start":{"line":39,"column":0},"end":{"line":39,"column":0}},"39":{"start":{"line":40,"column":0},"end":{"line":40,"column":18}},"40":{"start":{"line":41,"column":0},"end":{"line":41,"column":59}},"41":{"start":{"line":42,"column":0},"end":{"line":42,"column":24}},"42":{"start":{"line":43,"column":0},"end":{"line":43,"column":35}},"43":{"start":{"line":44,"column":0},"end":{"line":44,"column":36}},"44":{"start":{"line":45,"column":0},"end":{"line":45,"column":9}},"45":{"start":{"line":46,"column":0},"end":{"line":46,"column":5}},"46":{"start":{"line":47,"column":0},"end":{"line":47,"column":0}},"47":{"start":{"line":48,"column":0},"end":{"line":48,"column":58}},"48":{"start":{"line":49,"column":0},"end":{"line":49,"column":0}},"49":{"start":{"line":50,"column":0},"end":{"line":50,"column":59}},"50":{"start":{"line":51,"column":0},"end":{"line":51,"column":0}},"51":{"start":{"line":52,"column":0},"end":{"line":52,"column":42}},"52":{"start":{"line":53,"column":0},"end":{"line":53,"column":15}},"53":{"start":{"line":54,"column":0},"end":{"line":54,"column":12}},"54":{"start":{"line":55,"column":0},"end":{"line":55,"column":36}},"55":{"start":{"line":56,"column":0},"end":{"line":56,"column":24}},"56":{"start":{"line":57,"column":0},"end":{"line":57,"column":24}},"57":{"start":{"line":58,"column":0},"end":{"line":58,"column":24}},"58":{"start":{"line":59,"column":0},"end":{"line":59,"column":7}},"59":{"start":{"line":60,"column":0},"end":{"line":60,"column":0}},"60":{"start":{"line":61,"column":0},"end":{"line":61,"column":34}},"61":{"start":{"line":62,"column":0},"end":{"line":62,"column":59}},"62":{"start":{"line":63,"column":0},"end":{"line":63,"column":0}},"63":{"start":{"line":64,"column":0},"end":{"line":64,"column":31}},"64":{"start":{"line":65,"column":0},"end":{"line":65,"column":34}},"65":{"start":{"line":66,"column":0},"end":{"line":66,"column":64}},"66":{"start":{"line":67,"column":0},"end":{"line":67,"column":23}},"67":{"start":{"line":68,"column":0},"end":{"line":68,"column":6}},"68":{"start":{"line":69,"column":0},"end":{"line":69,"column":0}},"69":{"start":{"line":70,"column":0},"end":{"line":70,"column":39}},"70":{"start":{"line":71,"column":0},"end":{"line":71,"column":0}},"71":{"start":{"line":72,"column":0},"end":{"line":72,"column":26}},"72":{"start":{"line":73,"column":0},"end":{"line":73,"column":48}},"73":{"start":{"line":74,"column":0},"end":{"line":74,"column":7}},"74":{"start":{"line":75,"column":0},"end":{"line":75,"column":19}},"75":{"start":{"line":76,"column":0},"end":{"line":76,"column":31}},"76":{"start":{"line":77,"column":0},"end":{"line":77,"column":53}},"77":{"start":{"line":78,"column":0},"end":{"line":78,"column":35}},"78":{"start":{"line":79,"column":0},"end":{"line":79,"column":16}},"79":{"start":{"line":80,"column":0},"end":{"line":80,"column":78}},"80":{"start":{"line":81,"column":0},"end":{"line":81,"column":9}},"81":{"start":{"line":82,"column":0},"end":{"line":82,"column":5}},"82":{"start":{"line":83,"column":0},"end":{"line":83,"column":0}},"83":{"start":{"line":84,"column":0},"end":{"line":84,"column":53}},"84":{"start":{"line":85,"column":0},"end":{"line":85,"column":3}},"85":{"start":{"line":86,"column":0},"end":{"line":86,"column":2}},"86":{"start":{"line":87,"column":0},"end":{"line":87,"column":0}},"87":{"start":{"line":88,"column":0},"end":{"line":88,"column":15}},"88":{"start":{"line":89,"column":0},"end":{"line":89,"column":39}},"89":{"start":{"line":90,"column":0},"end":{"line":90,"column":7}},"90":{"start":{"line":91,"column":0},"end":{"line":91,"column":41}},"91":{"start":{"line":92,"column":0},"end":{"line":92,"column":0}},"92":{"start":{"line":93,"column":0},"end":{"line":93,"column":53}},"93":{"start":{"line":94,"column":0},"end":{"line":94,"column":17}},"94":{"start":{"line":95,"column":0},"end":{"line":95,"column":73}},"95":{"start":{"line":96,"column":0},"end":{"line":96,"column":0}},"96":{"start":{"line":97,"column":0},"end":{"line":97,"column":63}},"97":{"start":{"line":98,"column":0},"end":{"line":98,"column":76}},"98":{"start":{"line":99,"column":0},"end":{"line":99,"column":0}},"99":{"start":{"line":100,"column":0},"end":{"line":100,"column":36}},"100":{"start":{"line":101,"column":0},"end":{"line":101,"column":65}},"101":{"start":{"line":102,"column":0},"end":{"line":102,"column":0}},"102":{"start":{"line":103,"column":0},"end":{"line":103,"column":26}},"103":{"start":{"line":104,"column":0},"end":{"line":104,"column":68}},"104":{"start":{"line":105,"column":0},"end":{"line":105,"column":0}},"105":{"start":{"line":106,"column":0},"end":{"line":106,"column":36}},"106":{"start":{"line":107,"column":0},"end":{"line":107,"column":24}},"107":{"start":{"line":108,"column":0},"end":{"line":108,"column":23}},"108":{"start":{"line":109,"column":0},"end":{"line":109,"column":58}},"109":{"start":{"line":110,"column":0},"end":{"line":110,"column":5}},"110":{"start":{"line":111,"column":0},"end":{"line":111,"column":0}},"111":{"start":{"line":112,"column":0},"end":{"line":112,"column":30}},"112":{"start":{"line":113,"column":0},"end":{"line":113,"column":25}},"113":{"start":{"line":114,"column":0},"end":{"line":114,"column":0}},"114":{"start":{"line":115,"column":0},"end":{"line":115,"column":42}},"115":{"start":{"line":116,"column":0},"end":{"line":116,"column":0}},"116":{"start":{"line":117,"column":0},"end":{"line":117,"column":49}},"117":{"start":{"line":118,"column":0},"end":{"line":118,"column":19}},"118":{"start":{"line":119,"column":0},"end":{"line":119,"column":53}},"119":{"start":{"line":120,"column":0},"end":{"line":120,"column":3}},"120":{"start":{"line":121,"column":0},"end":{"line":121,"column":2}},"121":{"start":{"line":122,"column":0},"end":{"line":122,"column":0}},"122":{"start":{"line":123,"column":0},"end":{"line":123,"column":13}},"123":{"start":{"line":124,"column":0},"end":{"line":124,"column":39}},"124":{"start":{"line":125,"column":0},"end":{"line":125,"column":7}},"125":{"start":{"line":126,"column":0},"end":{"line":126,"column":31}},"126":{"start":{"line":127,"column":0},"end":{"line":127,"column":0}},"127":{"start":{"line":128,"column":0},"end":{"line":128,"column":53}},"128":{"start":{"line":129,"column":0},"end":{"line":129,"column":19}},"129":{"start":{"line":130,"column":0},"end":{"line":130,"column":73}},"130":{"start":{"line":131,"column":0},"end":{"line":131,"column":5}},"131":{"start":{"line":132,"column":0},"end":{"line":132,"column":0}},"132":{"start":{"line":133,"column":0},"end":{"line":133,"column":39}},"133":{"start":{"line":134,"column":0},"end":{"line":134,"column":16}},"134":{"start":{"line":135,"column":0},"end":{"line":135,"column":20}},"135":{"start":{"line":136,"column":0},"end":{"line":136,"column":73}},"136":{"start":{"line":137,"column":0},"end":{"line":137,"column":5}},"137":{"start":{"line":138,"column":0},"end":{"line":138,"column":0}},"138":{"start":{"line":139,"column":0},"end":{"line":139,"column":19}},"139":{"start":{"line":140,"column":0},"end":{"line":140,"column":34}},"140":{"start":{"line":141,"column":0},"end":{"line":141,"column":69}},"141":{"start":{"line":142,"column":0},"end":{"line":142,"column":0}},"142":{"start":{"line":143,"column":0},"end":{"line":143,"column":31}},"143":{"start":{"line":144,"column":0},"end":{"line":144,"column":34}},"144":{"start":{"line":145,"column":0},"end":{"line":145,"column":64}},"145":{"start":{"line":146,"column":0},"end":{"line":146,"column":34}},"146":{"start":{"line":147,"column":0},"end":{"line":147,"column":6}},"147":{"start":{"line":148,"column":0},"end":{"line":148,"column":0}},"148":{"start":{"line":149,"column":0},"end":{"line":149,"column":16}},"149":{"start":{"line":150,"column":0},"end":{"line":150,"column":39}},"150":{"start":{"line":151,"column":0},"end":{"line":151,"column":0}},"151":{"start":{"line":152,"column":0},"end":{"line":152,"column":56}},"152":{"start":{"line":153,"column":0},"end":{"line":153,"column":19}},"153":{"start":{"line":154,"column":0},"end":{"line":154,"column":48}},"154":{"start":{"line":155,"column":0},"end":{"line":155,"column":53}},"155":{"start":{"line":156,"column":0},"end":{"line":156,"column":3}},"156":{"start":{"line":157,"column":0},"end":{"line":157,"column":2}},"157":{"start":{"line":158,"column":0},"end":{"line":158,"column":0}},"158":{"start":{"line":159,"column":0},"end":{"line":159,"column":44}},"159":{"start":{"line":160,"column":0},"end":{"line":160,"column":7}},"160":{"start":{"line":161,"column":0},"end":{"line":161,"column":33}},"161":{"start":{"line":162,"column":0},"end":{"line":162,"column":0}},"162":{"start":{"line":163,"column":0},"end":{"line":163,"column":47}},"163":{"start":{"line":164,"column":0},"end":{"line":164,"column":23}},"164":{"start":{"line":165,"column":0},"end":{"line":165,"column":50}},"165":{"start":{"line":166,"column":0},"end":{"line":166,"column":7}},"166":{"start":{"line":167,"column":0},"end":{"line":167,"column":0}},"167":{"start":{"line":168,"column":0},"end":{"line":168,"column":40}},"168":{"start":{"line":169,"column":0},"end":{"line":169,"column":50}},"169":{"start":{"line":170,"column":0},"end":{"line":170,"column":0}},"170":{"start":{"line":171,"column":0},"end":{"line":171,"column":51}},"171":{"start":{"line":172,"column":0},"end":{"line":172,"column":16}},"172":{"start":{"line":173,"column":0},"end":{"line":173,"column":72}},"173":{"start":{"line":174,"column":0},"end":{"line":174,"column":0}},"174":{"start":{"line":175,"column":0},"end":{"line":175,"column":58}},"175":{"start":{"line":176,"column":0},"end":{"line":176,"column":14}},"176":{"start":{"line":177,"column":0},"end":{"line":177,"column":78}},"177":{"start":{"line":178,"column":0},"end":{"line":178,"column":0}},"178":{"start":{"line":179,"column":0},"end":{"line":179,"column":36}},"179":{"start":{"line":180,"column":0},"end":{"line":180,"column":41}},"180":{"start":{"line":181,"column":0},"end":{"line":181,"column":12}},"181":{"start":{"line":182,"column":0},"end":{"line":182,"column":25}},"182":{"start":{"line":183,"column":0},"end":{"line":183,"column":23}},"183":{"start":{"line":184,"column":0},"end":{"line":184,"column":23}},"184":{"start":{"line":185,"column":0},"end":{"line":185,"column":24}},"185":{"start":{"line":186,"column":0},"end":{"line":186,"column":7}},"186":{"start":{"line":187,"column":0},"end":{"line":187,"column":0}},"187":{"start":{"line":188,"column":0},"end":{"line":188,"column":33}},"188":{"start":{"line":189,"column":0},"end":{"line":189,"column":43}},"189":{"start":{"line":190,"column":0},"end":{"line":190,"column":7}},"190":{"start":{"line":191,"column":0},"end":{"line":191,"column":19}},"191":{"start":{"line":192,"column":0},"end":{"line":192,"column":26}},"192":{"start":{"line":193,"column":0},"end":{"line":193,"column":30}},"193":{"start":{"line":194,"column":0},"end":{"line":194,"column":27}},"194":{"start":{"line":195,"column":0},"end":{"line":195,"column":7}},"195":{"start":{"line":196,"column":0},"end":{"line":196,"column":3}},"196":{"start":{"line":197,"column":0},"end":{"line":197,"column":2}},"197":{"start":{"line":198,"column":0},"end":{"line":198,"column":0}},"198":{"start":{"line":199,"column":0},"end":{"line":199,"column":44}},"199":{"start":{"line":200,"column":0},"end":{"line":200,"column":7}},"200":{"start":{"line":201,"column":0},"end":{"line":201,"column":31}},"201":{"start":{"line":202,"column":0},"end":{"line":202,"column":0}},"202":{"start":{"line":203,"column":0},"end":{"line":203,"column":78}},"203":{"start":{"line":204,"column":0},"end":{"line":204,"column":17}},"204":{"start":{"line":205,"column":0},"end":{"line":205,"column":73}},"205":{"start":{"line":206,"column":0},"end":{"line":206,"column":0}},"206":{"start":{"line":207,"column":0},"end":{"line":207,"column":37}},"207":{"start":{"line":208,"column":0},"end":{"line":208,"column":16}},"208":{"start":{"line":209,"column":0},"end":{"line":209,"column":20}},"209":{"start":{"line":210,"column":0},"end":{"line":210,"column":67}},"210":{"start":{"line":211,"column":0},"end":{"line":211,"column":0}},"211":{"start":{"line":212,"column":0},"end":{"line":212,"column":36}},"212":{"start":{"line":213,"column":0},"end":{"line":213,"column":75}},"213":{"start":{"line":214,"column":0},"end":{"line":214,"column":0}},"214":{"start":{"line":215,"column":0},"end":{"line":215,"column":48}},"215":{"start":{"line":216,"column":0},"end":{"line":216,"column":63}},"216":{"start":{"line":217,"column":0},"end":{"line":217,"column":0}},"217":{"start":{"line":218,"column":0},"end":{"line":218,"column":43}},"218":{"start":{"line":219,"column":0},"end":{"line":219,"column":25}},"219":{"start":{"line":220,"column":0},"end":{"line":220,"column":0}},"220":{"start":{"line":221,"column":0},"end":{"line":221,"column":54}},"221":{"start":{"line":222,"column":0},"end":{"line":222,"column":0}},"222":{"start":{"line":223,"column":0},"end":{"line":223,"column":59}},"223":{"start":{"line":224,"column":0},"end":{"line":224,"column":19}},"224":{"start":{"line":225,"column":0},"end":{"line":225,"column":53}},"225":{"start":{"line":226,"column":0},"end":{"line":226,"column":3}},"226":{"start":{"line":227,"column":0},"end":{"line":227,"column":2}},"227":{"start":{"line":228,"column":0},"end":{"line":228,"column":0}},"228":{"start":{"line":229,"column":0},"end":{"line":229,"column":35}},"229":{"start":{"line":230,"column":0},"end":{"line":230,"column":7}},"230":{"start":{"line":231,"column":0},"end":{"line":231,"column":41}},"231":{"start":{"line":232,"column":0},"end":{"line":232,"column":0}},"232":{"start":{"line":233,"column":0},"end":{"line":233,"column":52}},"233":{"start":{"line":234,"column":0},"end":{"line":234,"column":31}},"234":{"start":{"line":235,"column":0},"end":{"line":235,"column":35}},"235":{"start":{"line":236,"column":0},"end":{"line":236,"column":0}},"236":{"start":{"line":237,"column":0},"end":{"line":237,"column":17}},"237":{"start":{"line":238,"column":0},"end":{"line":238,"column":70}},"238":{"start":{"line":239,"column":0},"end":{"line":239,"column":0}},"239":{"start":{"line":240,"column":0},"end":{"line":240,"column":37}},"240":{"start":{"line":241,"column":0},"end":{"line":241,"column":16}},"241":{"start":{"line":242,"column":0},"end":{"line":242,"column":20}},"242":{"start":{"line":243,"column":0},"end":{"line":243,"column":61}},"243":{"start":{"line":244,"column":0},"end":{"line":244,"column":0}},"244":{"start":{"line":245,"column":0},"end":{"line":245,"column":36}},"245":{"start":{"line":246,"column":0},"end":{"line":246,"column":75}},"246":{"start":{"line":247,"column":0},"end":{"line":247,"column":0}},"247":{"start":{"line":248,"column":0},"end":{"line":248,"column":74}},"248":{"start":{"line":249,"column":0},"end":{"line":249,"column":75}},"249":{"start":{"line":250,"column":0},"end":{"line":250,"column":0}},"250":{"start":{"line":251,"column":0},"end":{"line":251,"column":42}},"251":{"start":{"line":252,"column":0},"end":{"line":252,"column":0}},"252":{"start":{"line":253,"column":0},"end":{"line":253,"column":27}},"253":{"start":{"line":254,"column":0},"end":{"line":254,"column":7}},"254":{"start":{"line":255,"column":0},"end":{"line":255,"column":31}},"255":{"start":{"line":256,"column":0},"end":{"line":256,"column":36}},"256":{"start":{"line":257,"column":0},"end":{"line":257,"column":23}},"257":{"start":{"line":258,"column":0},"end":{"line":258,"column":61}},"258":{"start":{"line":259,"column":0},"end":{"line":259,"column":8}},"259":{"start":{"line":260,"column":0},"end":{"line":260,"column":29}},"260":{"start":{"line":261,"column":0},"end":{"line":261,"column":26}},"261":{"start":{"line":262,"column":0},"end":{"line":262,"column":6}},"262":{"start":{"line":263,"column":0},"end":{"line":263,"column":0}},"263":{"start":{"line":264,"column":0},"end":{"line":264,"column":14}},"264":{"start":{"line":265,"column":0},"end":{"line":265,"column":38}},"265":{"start":{"line":266,"column":0},"end":{"line":266,"column":12}},"266":{"start":{"line":267,"column":0},"end":{"line":267,"column":21}},"267":{"start":{"line":268,"column":0},"end":{"line":268,"column":33}},"268":{"start":{"line":269,"column":0},"end":{"line":269,"column":7}},"269":{"start":{"line":270,"column":0},"end":{"line":270,"column":19}},"270":{"start":{"line":271,"column":0},"end":{"line":271,"column":53}},"271":{"start":{"line":272,"column":0},"end":{"line":272,"column":3}},"272":{"start":{"line":273,"column":0},"end":{"line":273,"column":2}},"273":{"start":{"line":274,"column":0},"end":{"line":274,"column":0}},"274":{"start":{"line":275,"column":0},"end":{"line":275,"column":41}},"275":{"start":{"line":276,"column":0},"end":{"line":276,"column":7}},"276":{"start":{"line":277,"column":0},"end":{"line":277,"column":33}},"277":{"start":{"line":278,"column":0},"end":{"line":278,"column":0}},"278":{"start":{"line":279,"column":0},"end":{"line":279,"column":47}},"279":{"start":{"line":280,"column":0},"end":{"line":280,"column":23}},"280":{"start":{"line":281,"column":0},"end":{"line":281,"column":50}},"281":{"start":{"line":282,"column":0},"end":{"line":282,"column":7}},"282":{"start":{"line":283,"column":0},"end":{"line":283,"column":0}},"283":{"start":{"line":284,"column":0},"end":{"line":284,"column":40}},"284":{"start":{"line":285,"column":0},"end":{"line":285,"column":30}},"285":{"start":{"line":286,"column":0},"end":{"line":286,"column":0}},"286":{"start":{"line":287,"column":0},"end":{"line":287,"column":51}},"287":{"start":{"line":288,"column":0},"end":{"line":288,"column":19}},"288":{"start":{"line":289,"column":0},"end":{"line":289,"column":16}},"289":{"start":{"line":290,"column":0},"end":{"line":290,"column":20}},"290":{"start":{"line":291,"column":0},"end":{"line":291,"column":65}},"291":{"start":{"line":292,"column":0},"end":{"line":292,"column":5}},"292":{"start":{"line":293,"column":0},"end":{"line":293,"column":0}},"293":{"start":{"line":294,"column":0},"end":{"line":294,"column":26}},"294":{"start":{"line":295,"column":0},"end":{"line":295,"column":38}},"295":{"start":{"line":296,"column":0},"end":{"line":296,"column":80}},"296":{"start":{"line":297,"column":0},"end":{"line":297,"column":5}},"297":{"start":{"line":298,"column":0},"end":{"line":298,"column":0}},"298":{"start":{"line":299,"column":0},"end":{"line":299,"column":27}},"299":{"start":{"line":300,"column":0},"end":{"line":300,"column":58}},"300":{"start":{"line":301,"column":0},"end":{"line":301,"column":29}},"301":{"start":{"line":302,"column":0},"end":{"line":302,"column":26}},"302":{"start":{"line":303,"column":0},"end":{"line":303,"column":6}},"303":{"start":{"line":304,"column":0},"end":{"line":304,"column":0}},"304":{"start":{"line":305,"column":0},"end":{"line":305,"column":21}},"305":{"start":{"line":306,"column":0},"end":{"line":306,"column":45}},"306":{"start":{"line":307,"column":0},"end":{"line":307,"column":12}},"307":{"start":{"line":308,"column":0},"end":{"line":308,"column":7}},"308":{"start":{"line":309,"column":0},"end":{"line":309,"column":19}},"309":{"start":{"line":310,"column":0},"end":{"line":310,"column":53}},"310":{"start":{"line":311,"column":0},"end":{"line":311,"column":3}},"311":{"start":{"line":312,"column":0},"end":{"line":312,"column":2}},"312":{"start":{"line":313,"column":0},"end":{"line":313,"column":0}},"313":{"start":{"line":314,"column":0},"end":{"line":314,"column":45}},"314":{"start":{"line":315,"column":0},"end":{"line":315,"column":26}},"315":{"start":{"line":316,"column":0},"end":{"line":316,"column":7}},"316":{"start":{"line":317,"column":0},"end":{"line":317,"column":56}},"317":{"start":{"line":318,"column":0},"end":{"line":318,"column":74}},"318":{"start":{"line":319,"column":0},"end":{"line":319,"column":34}},"319":{"start":{"line":320,"column":0},"end":{"line":320,"column":17}},"320":{"start":{"line":321,"column":0},"end":{"line":321,"column":45}},"321":{"start":{"line":322,"column":0},"end":{"line":322,"column":54}},"322":{"start":{"line":323,"column":0},"end":{"line":323,"column":3}},"323":{"start":{"line":324,"column":0},"end":{"line":324,"column":2}},"324":{"start":{"line":325,"column":0},"end":{"line":325,"column":0}},"325":{"start":{"line":326,"column":0},"end":{"line":326,"column":40}},"326":{"start":{"line":327,"column":0},"end":{"line":327,"column":7}},"327":{"start":{"line":328,"column":0},"end":{"line":328,"column":33}},"328":{"start":{"line":329,"column":0},"end":{"line":329,"column":0}},"329":{"start":{"line":330,"column":0},"end":{"line":330,"column":47}},"330":{"start":{"line":331,"column":0},"end":{"line":331,"column":23}},"331":{"start":{"line":332,"column":0},"end":{"line":332,"column":50}},"332":{"start":{"line":333,"column":0},"end":{"line":333,"column":7}},"333":{"start":{"line":334,"column":0},"end":{"line":334,"column":0}},"334":{"start":{"line":335,"column":0},"end":{"line":335,"column":40}},"335":{"start":{"line":336,"column":0},"end":{"line":336,"column":50}},"336":{"start":{"line":337,"column":0},"end":{"line":337,"column":0}},"337":{"start":{"line":338,"column":0},"end":{"line":338,"column":51}},"338":{"start":{"line":339,"column":0},"end":{"line":339,"column":0}},"339":{"start":{"line":340,"column":0},"end":{"line":340,"column":19}},"340":{"start":{"line":341,"column":0},"end":{"line":341,"column":60}},"341":{"start":{"line":342,"column":0},"end":{"line":342,"column":16}},"342":{"start":{"line":343,"column":0},"end":{"line":343,"column":80}},"343":{"start":{"line":344,"column":0},"end":{"line":344,"column":0}},"344":{"start":{"line":345,"column":0},"end":{"line":345,"column":38}},"345":{"start":{"line":346,"column":0},"end":{"line":346,"column":23}},"346":{"start":{"line":347,"column":0},"end":{"line":347,"column":14}},"347":{"start":{"line":348,"column":0},"end":{"line":348,"column":27}},"348":{"start":{"line":349,"column":0},"end":{"line":349,"column":25}},"349":{"start":{"line":350,"column":0},"end":{"line":350,"column":25}},"350":{"start":{"line":351,"column":0},"end":{"line":351,"column":26}},"351":{"start":{"line":352,"column":0},"end":{"line":352,"column":9}},"352":{"start":{"line":353,"column":0},"end":{"line":353,"column":5}},"353":{"start":{"line":354,"column":0},"end":{"line":354,"column":0}},"354":{"start":{"line":355,"column":0},"end":{"line":355,"column":38}},"355":{"start":{"line":356,"column":0},"end":{"line":356,"column":78}},"356":{"start":{"line":357,"column":0},"end":{"line":357,"column":0}},"357":{"start":{"line":358,"column":0},"end":{"line":358,"column":36}},"358":{"start":{"line":359,"column":0},"end":{"line":359,"column":68}},"359":{"start":{"line":360,"column":0},"end":{"line":360,"column":0}},"360":{"start":{"line":361,"column":0},"end":{"line":361,"column":27}},"361":{"start":{"line":362,"column":0},"end":{"line":362,"column":58}},"362":{"start":{"line":363,"column":0},"end":{"line":363,"column":29}},"363":{"start":{"line":364,"column":0},"end":{"line":364,"column":26}},"364":{"start":{"line":365,"column":0},"end":{"line":365,"column":6}},"365":{"start":{"line":366,"column":0},"end":{"line":366,"column":0}},"366":{"start":{"line":367,"column":0},"end":{"line":367,"column":64}},"367":{"start":{"line":368,"column":0},"end":{"line":368,"column":19}},"368":{"start":{"line":369,"column":0},"end":{"line":369,"column":53}},"369":{"start":{"line":370,"column":0},"end":{"line":370,"column":3}},"370":{"start":{"line":371,"column":0},"end":{"line":371,"column":2}},"371":{"start":{"line":372,"column":0},"end":{"line":372,"column":0}},"372":{"start":{"line":373,"column":0},"end":{"line":373,"column":42}},"373":{"start":{"line":374,"column":0},"end":{"line":374,"column":7}},"374":{"start":{"line":375,"column":0},"end":{"line":375,"column":57}},"375":{"start":{"line":376,"column":0},"end":{"line":376,"column":0}},"376":{"start":{"line":377,"column":0},"end":{"line":377,"column":53}},"377":{"start":{"line":378,"column":0},"end":{"line":378,"column":59}},"378":{"start":{"line":379,"column":0},"end":{"line":379,"column":47}},"379":{"start":{"line":380,"column":0},"end":{"line":380,"column":0}},"380":{"start":{"line":381,"column":0},"end":{"line":381,"column":19}},"381":{"start":{"line":382,"column":0},"end":{"line":382,"column":35}},"382":{"start":{"line":383,"column":0},"end":{"line":383,"column":37}},"383":{"start":{"line":384,"column":0},"end":{"line":384,"column":9}},"384":{"start":{"line":385,"column":0},"end":{"line":385,"column":5}},"385":{"start":{"line":386,"column":0},"end":{"line":386,"column":0}},"386":{"start":{"line":387,"column":0},"end":{"line":387,"column":14}},"387":{"start":{"line":388,"column":0},"end":{"line":388,"column":37}},"388":{"start":{"line":389,"column":0},"end":{"line":389,"column":20}},"389":{"start":{"line":390,"column":0},"end":{"line":390,"column":7}},"390":{"start":{"line":391,"column":0},"end":{"line":391,"column":19}},"391":{"start":{"line":392,"column":0},"end":{"line":392,"column":26}},"392":{"start":{"line":393,"column":0},"end":{"line":393,"column":30}},"393":{"start":{"line":394,"column":0},"end":{"line":394,"column":27}},"394":{"start":{"line":395,"column":0},"end":{"line":395,"column":7}},"395":{"start":{"line":396,"column":0},"end":{"line":396,"column":3}},"396":{"start":{"line":397,"column":0},"end":{"line":397,"column":2}},"397":{"start":{"line":398,"column":0},"end":{"line":398,"column":43}},"398":{"start":{"line":399,"column":0},"end":{"line":399,"column":7}},"399":{"start":{"line":400,"column":0},"end":{"line":400,"column":41}},"400":{"start":{"line":401,"column":0},"end":{"line":401,"column":0}},"401":{"start":{"line":402,"column":0},"end":{"line":402,"column":53}},"402":{"start":{"line":403,"column":0},"end":{"line":403,"column":0}},"403":{"start":{"line":404,"column":0},"end":{"line":404,"column":26}},"404":{"start":{"line":405,"column":0},"end":{"line":405,"column":44}},"405":{"start":{"line":406,"column":0},"end":{"line":406,"column":0}},"406":{"start":{"line":407,"column":0},"end":{"line":407,"column":43}},"407":{"start":{"line":408,"column":0},"end":{"line":408,"column":35}},"408":{"start":{"line":409,"column":0},"end":{"line":409,"column":46}},"409":{"start":{"line":410,"column":0},"end":{"line":410,"column":9}},"410":{"start":{"line":411,"column":0},"end":{"line":411,"column":5}},"411":{"start":{"line":412,"column":0},"end":{"line":412,"column":0}},"412":{"start":{"line":413,"column":0},"end":{"line":413,"column":54}},"413":{"start":{"line":414,"column":0},"end":{"line":414,"column":0}},"414":{"start":{"line":415,"column":0},"end":{"line":415,"column":19}},"415":{"start":{"line":416,"column":0},"end":{"line":416,"column":35}},"416":{"start":{"line":417,"column":0},"end":{"line":417,"column":37}},"417":{"start":{"line":418,"column":0},"end":{"line":418,"column":9}},"418":{"start":{"line":419,"column":0},"end":{"line":419,"column":5}},"419":{"start":{"line":420,"column":0},"end":{"line":420,"column":0}},"420":{"start":{"line":421,"column":0},"end":{"line":421,"column":19}},"421":{"start":{"line":422,"column":0},"end":{"line":422,"column":60}},"422":{"start":{"line":423,"column":0},"end":{"line":423,"column":51}},"423":{"start":{"line":424,"column":0},"end":{"line":424,"column":66}},"424":{"start":{"line":425,"column":0},"end":{"line":425,"column":0}},"425":{"start":{"line":426,"column":0},"end":{"line":426,"column":25}},"426":{"start":{"line":427,"column":0},"end":{"line":427,"column":0}},"427":{"start":{"line":428,"column":0},"end":{"line":428,"column":52}},"428":{"start":{"line":429,"column":0},"end":{"line":429,"column":34}},"429":{"start":{"line":430,"column":0},"end":{"line":430,"column":32}},"430":{"start":{"line":431,"column":0},"end":{"line":431,"column":0}},"431":{"start":{"line":432,"column":0},"end":{"line":432,"column":14}},"432":{"start":{"line":433,"column":0},"end":{"line":433,"column":45}},"433":{"start":{"line":434,"column":0},"end":{"line":434,"column":19}},"434":{"start":{"line":435,"column":0},"end":{"line":435,"column":7}},"435":{"start":{"line":436,"column":0},"end":{"line":436,"column":19}},"436":{"start":{"line":437,"column":0},"end":{"line":437,"column":26}},"437":{"start":{"line":438,"column":0},"end":{"line":438,"column":30}},"438":{"start":{"line":439,"column":0},"end":{"line":439,"column":27}},"439":{"start":{"line":440,"column":0},"end":{"line":440,"column":7}},"440":{"start":{"line":441,"column":0},"end":{"line":441,"column":3}},"441":{"start":{"line":442,"column":0},"end":{"line":442,"column":2}},"442":{"start":{"line":443,"column":0},"end":{"line":443,"column":44}},"443":{"start":{"line":444,"column":0},"end":{"line":444,"column":7}},"444":{"start":{"line":445,"column":0},"end":{"line":445,"column":41}},"445":{"start":{"line":446,"column":0},"end":{"line":446,"column":67}},"446":{"start":{"line":447,"column":0},"end":{"line":447,"column":0}},"447":{"start":{"line":448,"column":0},"end":{"line":448,"column":59}},"448":{"start":{"line":449,"column":0},"end":{"line":449,"column":35}},"449":{"start":{"line":450,"column":0},"end":{"line":450,"column":50}},"450":{"start":{"line":451,"column":0},"end":{"line":451,"column":9}},"451":{"start":{"line":452,"column":0},"end":{"line":452,"column":5}},"452":{"start":{"line":453,"column":0},"end":{"line":453,"column":0}},"453":{"start":{"line":454,"column":0},"end":{"line":454,"column":42}},"454":{"start":{"line":455,"column":0},"end":{"line":455,"column":35}},"455":{"start":{"line":456,"column":0},"end":{"line":456,"column":48}},"456":{"start":{"line":457,"column":0},"end":{"line":457,"column":9}},"457":{"start":{"line":458,"column":0},"end":{"line":458,"column":5}},"458":{"start":{"line":459,"column":0},"end":{"line":459,"column":0}},"459":{"start":{"line":460,"column":0},"end":{"line":460,"column":79}},"460":{"start":{"line":461,"column":0},"end":{"line":461,"column":0}},"461":{"start":{"line":462,"column":0},"end":{"line":462,"column":19}},"462":{"start":{"line":463,"column":0},"end":{"line":463,"column":35}},"463":{"start":{"line":464,"column":0},"end":{"line":464,"column":41}},"464":{"start":{"line":465,"column":0},"end":{"line":465,"column":9}},"465":{"start":{"line":466,"column":0},"end":{"line":466,"column":5}},"466":{"start":{"line":467,"column":0},"end":{"line":467,"column":0}},"467":{"start":{"line":468,"column":0},"end":{"line":468,"column":39}},"468":{"start":{"line":469,"column":0},"end":{"line":469,"column":35}},"469":{"start":{"line":470,"column":0},"end":{"line":470,"column":54}},"470":{"start":{"line":471,"column":0},"end":{"line":471,"column":9}},"471":{"start":{"line":472,"column":0},"end":{"line":472,"column":5}},"472":{"start":{"line":473,"column":0},"end":{"line":473,"column":0}},"473":{"start":{"line":474,"column":0},"end":{"line":474,"column":77}},"474":{"start":{"line":475,"column":0},"end":{"line":475,"column":0}},"475":{"start":{"line":476,"column":0},"end":{"line":476,"column":19}},"476":{"start":{"line":477,"column":0},"end":{"line":477,"column":35}},"477":{"start":{"line":478,"column":0},"end":{"line":478,"column":42}},"478":{"start":{"line":479,"column":0},"end":{"line":479,"column":9}},"479":{"start":{"line":480,"column":0},"end":{"line":480,"column":5}},"480":{"start":{"line":481,"column":0},"end":{"line":481,"column":0}},"481":{"start":{"line":482,"column":0},"end":{"line":482,"column":62}},"482":{"start":{"line":483,"column":0},"end":{"line":483,"column":0}},"483":{"start":{"line":484,"column":0},"end":{"line":484,"column":43}},"484":{"start":{"line":485,"column":0},"end":{"line":485,"column":25}},"485":{"start":{"line":486,"column":0},"end":{"line":486,"column":0}},"486":{"start":{"line":487,"column":0},"end":{"line":487,"column":14}},"487":{"start":{"line":488,"column":0},"end":{"line":488,"column":41}},"488":{"start":{"line":489,"column":0},"end":{"line":489,"column":7}},"489":{"start":{"line":490,"column":0},"end":{"line":490,"column":19}},"490":{"start":{"line":491,"column":0},"end":{"line":491,"column":26}},"491":{"start":{"line":492,"column":0},"end":{"line":492,"column":29}},"492":{"start":{"line":493,"column":0},"end":{"line":493,"column":7}},"493":{"start":{"line":494,"column":0},"end":{"line":494,"column":3}},"494":{"start":{"line":495,"column":0},"end":{"line":495,"column":2}},"495":{"start":{"line":496,"column":0},"end":{"line":496,"column":0}},"496":{"start":{"line":497,"column":0},"end":{"line":497,"column":46}},"497":{"start":{"line":498,"column":0},"end":{"line":498,"column":46}},"498":{"start":{"line":499,"column":0},"end":{"line":499,"column":7}},"499":{"start":{"line":500,"column":0},"end":{"line":500,"column":41}},"500":{"start":{"line":501,"column":0},"end":{"line":501,"column":0}},"501":{"start":{"line":502,"column":0},"end":{"line":502,"column":47}},"502":{"start":{"line":503,"column":0},"end":{"line":503,"column":50}},"503":{"start":{"line":504,"column":0},"end":{"line":504,"column":0}},"504":{"start":{"line":505,"column":0},"end":{"line":505,"column":36}},"505":{"start":{"line":506,"column":0},"end":{"line":506,"column":0}},"506":{"start":{"line":507,"column":0},"end":{"line":507,"column":51}},"507":{"start":{"line":508,"column":0},"end":{"line":508,"column":28}},"508":{"start":{"line":509,"column":0},"end":{"line":509,"column":6}},"509":{"start":{"line":510,"column":0},"end":{"line":510,"column":31}},"510":{"start":{"line":511,"column":0},"end":{"line":511,"column":17}},"511":{"start":{"line":512,"column":0},"end":{"line":512,"column":20}},"512":{"start":{"line":513,"column":0},"end":{"line":513,"column":0}},"513":{"start":{"line":514,"column":0},"end":{"line":514,"column":53}},"514":{"start":{"line":515,"column":0},"end":{"line":515,"column":28}},"515":{"start":{"line":516,"column":0},"end":{"line":516,"column":7}},"516":{"start":{"line":517,"column":0},"end":{"line":517,"column":0}},"517":{"start":{"line":518,"column":0},"end":{"line":518,"column":14}},"518":{"start":{"line":519,"column":0},"end":{"line":519,"column":55}},"519":{"start":{"line":520,"column":0},"end":{"line":520,"column":26}},"520":{"start":{"line":521,"column":0},"end":{"line":521,"column":19}},"521":{"start":{"line":522,"column":0},"end":{"line":522,"column":14}},"522":{"start":{"line":523,"column":0},"end":{"line":523,"column":13}},"523":{"start":{"line":524,"column":0},"end":{"line":524,"column":14}},"524":{"start":{"line":525,"column":0},"end":{"line":525,"column":45}},"525":{"start":{"line":526,"column":0},"end":{"line":526,"column":8}},"526":{"start":{"line":527,"column":0},"end":{"line":527,"column":7}},"527":{"start":{"line":528,"column":0},"end":{"line":528,"column":19}},"528":{"start":{"line":529,"column":0},"end":{"line":529,"column":53}},"529":{"start":{"line":530,"column":0},"end":{"line":530,"column":3}},"530":{"start":{"line":531,"column":0},"end":{"line":531,"column":2}},"531":{"start":{"line":532,"column":0},"end":{"line":532,"column":0}},"532":{"start":{"line":533,"column":0},"end":{"line":533,"column":46}},"533":{"start":{"line":534,"column":0},"end":{"line":534,"column":51}},"534":{"start":{"line":535,"column":0},"end":{"line":535,"column":10}},"535":{"start":{"line":536,"column":0},"end":{"line":536,"column":55}},"536":{"start":{"line":537,"column":0},"end":{"line":537,"column":0}},"537":{"start":{"line":538,"column":0},"end":{"line":538,"column":55}},"538":{"start":{"line":539,"column":0},"end":{"line":539,"column":20}},"539":{"start":{"line":540,"column":0},"end":{"line":540,"column":15}},"540":{"start":{"line":541,"column":0},"end":{"line":541,"column":17}},"541":{"start":{"line":542,"column":0},"end":{"line":542,"column":10}},"542":{"start":{"line":543,"column":0},"end":{"line":543,"column":0}},"543":{"start":{"line":544,"column":0},"end":{"line":544,"column":29}},"544":{"start":{"line":545,"column":0},"end":{"line":545,"column":48}},"545":{"start":{"line":546,"column":0},"end":{"line":546,"column":28}},"546":{"start":{"line":547,"column":0},"end":{"line":547,"column":10}},"547":{"start":{"line":548,"column":0},"end":{"line":548,"column":22}},"548":{"start":{"line":549,"column":0},"end":{"line":549,"column":56}},"549":{"start":{"line":550,"column":0},"end":{"line":550,"column":6}},"550":{"start":{"line":551,"column":0},"end":{"line":551,"column":5}},"551":{"start":{"line":552,"column":0},"end":{"line":552,"column":0}},"552":{"start":{"line":553,"column":0},"end":{"line":553,"column":32}},"553":{"start":{"line":554,"column":0},"end":{"line":554,"column":40}},"554":{"start":{"line":555,"column":0},"end":{"line":555,"column":7}},"555":{"start":{"line":556,"column":0},"end":{"line":556,"column":30}},"556":{"start":{"line":557,"column":0},"end":{"line":557,"column":0}},"557":{"start":{"line":558,"column":0},"end":{"line":558,"column":62}},"558":{"start":{"line":559,"column":0},"end":{"line":559,"column":9}},"559":{"start":{"line":560,"column":0},"end":{"line":560,"column":24}},"560":{"start":{"line":561,"column":0},"end":{"line":561,"column":20}},"561":{"start":{"line":562,"column":0},"end":{"line":562,"column":6}},"562":{"start":{"line":563,"column":0},"end":{"line":563,"column":0}},"563":{"start":{"line":564,"column":0},"end":{"line":564,"column":24}},"564":{"start":{"line":565,"column":0},"end":{"line":565,"column":78}},"565":{"start":{"line":566,"column":0},"end":{"line":566,"column":5}},"566":{"start":{"line":567,"column":0},"end":{"line":567,"column":0}},"567":{"start":{"line":568,"column":0},"end":{"line":568,"column":14}},"568":{"start":{"line":569,"column":0},"end":{"line":569,"column":36}},"569":{"start":{"line":570,"column":0},"end":{"line":570,"column":25}},"570":{"start":{"line":571,"column":0},"end":{"line":571,"column":7}},"571":{"start":{"line":572,"column":0},"end":{"line":572,"column":19}},"572":{"start":{"line":573,"column":0},"end":{"line":573,"column":53}},"573":{"start":{"line":574,"column":0},"end":{"line":574,"column":3}},"574":{"start":{"line":575,"column":0},"end":{"line":575,"column":2}},"575":{"start":{"line":576,"column":0},"end":{"line":576,"column":0}},"576":{"start":{"line":577,"column":0},"end":{"line":577,"column":24}},"577":{"start":{"line":578,"column":0},"end":{"line":578,"column":43}},"578":{"start":{"line":579,"column":0},"end":{"line":579,"column":7}},"579":{"start":{"line":580,"column":0},"end":{"line":580,"column":41}},"580":{"start":{"line":581,"column":0},"end":{"line":581,"column":0}},"581":{"start":{"line":582,"column":0},"end":{"line":582,"column":34}},"582":{"start":{"line":583,"column":0},"end":{"line":583,"column":48}},"583":{"start":{"line":584,"column":0},"end":{"line":584,"column":34}},"584":{"start":{"line":585,"column":0},"end":{"line":585,"column":6}},"585":{"start":{"line":586,"column":0},"end":{"line":586,"column":0}},"586":{"start":{"line":587,"column":0},"end":{"line":587,"column":14}},"587":{"start":{"line":588,"column":0},"end":{"line":588,"column":46}},"588":{"start":{"line":589,"column":0},"end":{"line":589,"column":7}},"589":{"start":{"line":590,"column":0},"end":{"line":590,"column":19}},"590":{"start":{"line":591,"column":0},"end":{"line":591,"column":53}},"591":{"start":{"line":592,"column":0},"end":{"line":592,"column":3}},"592":{"start":{"line":593,"column":0},"end":{"line":593,"column":2}},"593":{"start":{"line":594,"column":0},"end":{"line":594,"column":0}},"594":{"start":{"line":595,"column":0},"end":{"line":595,"column":21}},"595":{"start":{"line":596,"column":0},"end":{"line":596,"column":48}},"596":{"start":{"line":597,"column":0},"end":{"line":597,"column":7}},"597":{"start":{"line":598,"column":0},"end":{"line":598,"column":30}},"598":{"start":{"line":599,"column":0},"end":{"line":599,"column":0}},"599":{"start":{"line":600,"column":0},"end":{"line":600,"column":66}},"600":{"start":{"line":601,"column":0},"end":{"line":601,"column":0}},"601":{"start":{"line":602,"column":0},"end":{"line":602,"column":24}},"602":{"start":{"line":603,"column":0},"end":{"line":603,"column":78}},"603":{"start":{"line":604,"column":0},"end":{"line":604,"column":5}},"604":{"start":{"line":605,"column":0},"end":{"line":605,"column":0}},"605":{"start":{"line":606,"column":0},"end":{"line":606,"column":14}},"606":{"start":{"line":607,"column":0},"end":{"line":607,"column":45}},"607":{"start":{"line":608,"column":0},"end":{"line":608,"column":7}},"608":{"start":{"line":609,"column":0},"end":{"line":609,"column":19}},"609":{"start":{"line":610,"column":0},"end":{"line":610,"column":53}},"610":{"start":{"line":611,"column":0},"end":{"line":611,"column":3}},"611":{"start":{"line":612,"column":0},"end":{"line":612,"column":2}},"612":{"start":{"line":613,"column":0},"end":{"line":613,"column":0}},"613":{"start":{"line":614,"column":0},"end":{"line":614,"column":35}},"614":{"start":{"line":615,"column":0},"end":{"line":615,"column":52}},"615":{"start":{"line":616,"column":0},"end":{"line":616,"column":7}},"616":{"start":{"line":617,"column":0},"end":{"line":617,"column":41}},"617":{"start":{"line":618,"column":0},"end":{"line":618,"column":0}},"618":{"start":{"line":619,"column":0},"end":{"line":619,"column":61}},"619":{"start":{"line":620,"column":0},"end":{"line":620,"column":0}},"620":{"start":{"line":621,"column":0},"end":{"line":621,"column":14}},"621":{"start":{"line":622,"column":0},"end":{"line":622,"column":44}},"622":{"start":{"line":623,"column":0},"end":{"line":623,"column":7}},"623":{"start":{"line":624,"column":0},"end":{"line":624,"column":19}},"624":{"start":{"line":625,"column":0},"end":{"line":625,"column":53}},"625":{"start":{"line":626,"column":0},"end":{"line":626,"column":3}},"626":{"start":{"line":627,"column":0},"end":{"line":627,"column":2}},"627":{"start":{"line":628,"column":0},"end":{"line":628,"column":0}},"628":{"start":{"line":629,"column":0},"end":{"line":629,"column":18}},"629":{"start":{"line":630,"column":0},"end":{"line":630,"column":41}},"630":{"start":{"line":631,"column":0},"end":{"line":631,"column":7}},"631":{"start":{"line":632,"column":0},"end":{"line":632,"column":41}},"632":{"start":{"line":633,"column":0},"end":{"line":633,"column":0}},"633":{"start":{"line":634,"column":0},"end":{"line":634,"column":53}},"634":{"start":{"line":635,"column":0},"end":{"line":635,"column":28}},"635":{"start":{"line":636,"column":0},"end":{"line":636,"column":21}},"636":{"start":{"line":637,"column":0},"end":{"line":637,"column":7}},"637":{"start":{"line":638,"column":0},"end":{"line":638,"column":0}},"638":{"start":{"line":639,"column":0},"end":{"line":639,"column":14}},"639":{"start":{"line":640,"column":0},"end":{"line":640,"column":20}},"640":{"start":{"line":641,"column":0},"end":{"line":641,"column":7}},"641":{"start":{"line":642,"column":0},"end":{"line":642,"column":19}},"642":{"start":{"line":643,"column":0},"end":{"line":643,"column":53}},"643":{"start":{"line":644,"column":0},"end":{"line":644,"column":3}},"644":{"start":{"line":645,"column":0},"end":{"line":645,"column":2}},"645":{"start":{"line":646,"column":0},"end":{"line":646,"column":0}},"646":{"start":{"line":647,"column":0},"end":{"line":647,"column":25}},"647":{"start":{"line":648,"column":0},"end":{"line":648,"column":48}},"648":{"start":{"line":649,"column":0},"end":{"line":649,"column":7}},"649":{"start":{"line":650,"column":0},"end":{"line":650,"column":41}},"650":{"start":{"line":651,"column":0},"end":{"line":651,"column":0}},"651":{"start":{"line":652,"column":0},"end":{"line":652,"column":61}},"652":{"start":{"line":653,"column":0},"end":{"line":653,"column":29}},"653":{"start":{"line":654,"column":0},"end":{"line":654,"column":6}},"654":{"start":{"line":655,"column":0},"end":{"line":655,"column":0}},"655":{"start":{"line":656,"column":0},"end":{"line":656,"column":19}},"656":{"start":{"line":657,"column":0},"end":{"line":657,"column":35}},"657":{"start":{"line":658,"column":0},"end":{"line":658,"column":37}},"658":{"start":{"line":659,"column":0},"end":{"line":659,"column":9}},"659":{"start":{"line":660,"column":0},"end":{"line":660,"column":5}},"660":{"start":{"line":661,"column":0},"end":{"line":661,"column":0}},"661":{"start":{"line":662,"column":0},"end":{"line":662,"column":26}},"662":{"start":{"line":663,"column":0},"end":{"line":663,"column":25}},"663":{"start":{"line":664,"column":0},"end":{"line":664,"column":22}},"664":{"start":{"line":665,"column":0},"end":{"line":665,"column":19}},"665":{"start":{"line":666,"column":0},"end":{"line":666,"column":6}},"666":{"start":{"line":667,"column":0},"end":{"line":667,"column":0}},"667":{"start":{"line":668,"column":0},"end":{"line":668,"column":14}},"668":{"start":{"line":669,"column":0},"end":{"line":669,"column":39}},"669":{"start":{"line":670,"column":0},"end":{"line":670,"column":38}},"670":{"start":{"line":671,"column":0},"end":{"line":671,"column":7}},"671":{"start":{"line":672,"column":0},"end":{"line":672,"column":19}},"672":{"start":{"line":673,"column":0},"end":{"line":673,"column":26}},"673":{"start":{"line":674,"column":0},"end":{"line":674,"column":30}},"674":{"start":{"line":675,"column":0},"end":{"line":675,"column":27}},"675":{"start":{"line":676,"column":0},"end":{"line":676,"column":7}},"676":{"start":{"line":677,"column":0},"end":{"line":677,"column":3}},"677":{"start":{"line":678,"column":0},"end":{"line":678,"column":2}},"678":{"start":{"line":679,"column":0},"end":{"line":679,"column":0}},"679":{"start":{"line":680,"column":0},"end":{"line":680,"column":18}},"680":{"start":{"line":681,"column":0},"end":{"line":681,"column":18}},"681":{"start":{"line":682,"column":0},"end":{"line":682,"column":11}},"682":{"start":{"line":683,"column":0},"end":{"line":683,"column":12}},"683":{"start":{"line":684,"column":0},"end":{"line":684,"column":17}},"684":{"start":{"line":685,"column":0},"end":{"line":685,"column":17}},"685":{"start":{"line":686,"column":0},"end":{"line":686,"column":8}},"686":{"start":{"line":687,"column":0},"end":{"line":687,"column":14}},"687":{"start":{"line":688,"column":0},"end":{"line":688,"column":12}},"688":{"start":{"line":689,"column":0},"end":{"line":689,"column":13}},"689":{"start":{"line":690,"column":0},"end":{"line":690,"column":15}},"690":{"start":{"line":691,"column":0},"end":{"line":691,"column":16}},"691":{"start":{"line":692,"column":0},"end":{"line":692,"column":17}},"692":{"start":{"line":693,"column":0},"end":{"line":693,"column":19}},"693":{"start":{"line":694,"column":0},"end":{"line":694,"column":13}},"694":{"start":{"line":695,"column":0},"end":{"line":695,"column":16}},"695":{"start":{"line":696,"column":0},"end":{"line":696,"column":21}},"696":{"start":{"line":697,"column":0},"end":{"line":697,"column":25}},"697":{"start":{"line":698,"column":0},"end":{"line":698,"column":14}},"698":{"start":{"line":699,"column":0},"end":{"line":699,"column":20}},"699":{"start":{"line":700,"column":0},"end":{"line":700,"column":2}}},"s":{"0":1,"1":1,"2":1,"3":1,"4":1,"5":1,"6":1,"7":1,"8":1,"9":1,"10":1,"11":1,"12":1,"13":1,"14":1,"15":1,"16":1,"17":1,"18":1,"19":3,"20":3,"21":3,"22":3,"23":1,"24":1,"25":1,"26":1,"27":2,"28":3,"29":0,"30":0,"31":0,"32":0,"33":2,"34":2,"35":3,"36":1,"37":1,"38":2,"39":2,"40":2,"41":3,"42":1,"43":1,"44":1,"45":1,"46":1,"47":1,"48":1,"49":1,"50":1,"51":1,"52":1,"53":1,"54":1,"55":1,"56":1,"57":1,"58":1,"59":1,"60":1,"61":1,"62":1,"63":1,"64":1,"65":1,"66":1,"67":1,"68":1,"69":1,"70":1,"71":1,"72":1,"73":1,"74":3,"75":0,"76":0,"77":0,"78":0,"79":0,"80":0,"81":0,"82":0,"83":0,"84":0,"85":3,"86":1,"87":1,"88":1,"89":2,"90":2,"91":2,"92":2,"93":2,"94":2,"95":2,"96":2,"97":2,"98":2,"99":2,"100":2,"101":2,"102":2,"103":2,"104":2,"105":2,"106":1,"107":1,"108":1,"109":1,"110":1,"111":1,"112":1,"113":1,"114":1,"115":1,"116":1,"117":2,"118":0,"119":0,"120":2,"121":1,"122":1,"123":1,"124":1,"125":1,"126":1,"127":1,"128":1,"129":0,"130":0,"131":1,"132":1,"133":0,"134":0,"135":0,"136":0,"137":1,"138":1,"139":1,"140":1,"141":1,"142":1,"143":1,"144":1,"145":1,"146":1,"147":1,"148":1,"149":1,"150":1,"151":1,"152":1,"153":0,"154":0,"155":0,"156":1,"157":1,"158":1,"159":0,"160":0,"161":0,"162":0,"163":0,"164":0,"165":0,"166":0,"167":0,"168":0,"169":0,"170":0,"171":0,"172":0,"173":0,"174":0,"175":0,"176":0,"177":0,"178":0,"179":0,"180":0,"181":0,"182":0,"183":0,"184":0,"185":0,"186":0,"187":0,"188":0,"189":0,"190":0,"191":0,"192":0,"193":0,"194":0,"195":0,"196":0,"197":1,"198":1,"199":2,"200":2,"201":2,"202":2,"203":2,"204":2,"205":2,"206":2,"207":2,"208":1,"209":1,"210":1,"211":1,"212":2,"213":1,"214":1,"215":1,"216":1,"217":1,"218":1,"219":1,"220":1,"221":1,"222":1,"223":2,"224":0,"225":0,"226":2,"227":1,"228":1,"229":2,"230":2,"231":2,"232":2,"233":2,"234":2,"235":2,"236":2,"237":2,"238":2,"239":2,"240":2,"241":0,"242":0,"243":2,"244":2,"245":2,"246":2,"247":2,"248":2,"249":1,"250":1,"251":1,"252":1,"253":1,"254":1,"255":1,"256":1,"257":2,"258":2,"259":2,"260":2,"261":2,"262":2,"263":2,"264":2,"265":2,"266":2,"267":2,"268":2,"269":2,"270":0,"271":0,"272":2,"273":1,"274":1,"275":0,"276":0,"277":0,"278":0,"279":0,"280":0,"281":0,"282":0,"283":0,"284":0,"285":0,"286":0,"287":0,"288":0,"289":0,"290":0,"291":0,"292":0,"293":0,"294":0,"295":0,"296":0,"297":0,"298":0,"299":0,"300":0,"301":0,"302":0,"303":0,"304":0,"305":0,"306":0,"307":0,"308":0,"309":0,"310":0,"311":0,"312":1,"313":1,"314":0,"315":0,"316":0,"317":0,"318":0,"319":0,"320":0,"321":0,"322":0,"323":0,"324":1,"325":1,"326":0,"327":0,"328":0,"329":0,"330":0,"331":0,"332":0,"333":0,"334":0,"335":0,"336":0,"337":0,"338":0,"339":0,"340":0,"341":0,"342":0,"343":0,"344":0,"345":0,"346":0,"347":0,"348":0,"349":0,"350":0,"351":0,"352":0,"353":0,"354":0,"355":0,"356":0,"357":0,"358":0,"359":0,"360":0,"361":0,"362":0,"363":0,"364":0,"365":0,"366":0,"367":0,"368":0,"369":0,"370":0,"371":1,"372":1,"373":0,"374":0,"375":0,"376":0,"377":0,"378":0,"379":0,"380":0,"381":0,"382":0,"383":0,"384":0,"385":0,"386":0,"387":0,"388":0,"389":0,"390":0,"391":0,"392":0,"393":0,"394":0,"395":0,"396":0,"397":1,"398":2,"399":2,"400":2,"401":2,"402":2,"403":2,"404":2,"405":2,"406":2,"407":1,"408":1,"409":1,"410":1,"411":1,"412":1,"413":1,"414":2,"415":0,"416":0,"417":0,"418":0,"419":1,"420":1,"421":1,"422":1,"423":1,"424":1,"425":1,"426":1,"427":1,"428":1,"429":1,"430":1,"431":1,"432":1,"433":1,"434":1,"435":2,"436":0,"437":0,"438":0,"439":0,"440":0,"441":2,"442":1,"443":2,"444":2,"445":2,"446":2,"447":2,"448":0,"449":0,"450":0,"451":0,"452":2,"453":2,"454":0,"455":0,"456":0,"457":0,"458":2,"459":2,"460":2,"461":2,"462":0,"463":0,"464":0,"465":0,"466":2,"467":2,"468":0,"469":0,"470":0,"471":0,"472":2,"473":2,"474":2,"475":2,"476":1,"477":1,"478":1,"479":1,"480":1,"481":1,"482":1,"483":1,"484":1,"485":1,"486":1,"487":1,"488":1,"489":2,"490":0,"491":0,"492":0,"493":0,"494":2,"495":1,"496":1,"497":1,"498":1,"499":1,"500":1,"501":1,"502":1,"503":1,"504":1,"505":1,"506":1,"507":1,"508":1,"509":1,"510":1,"511":1,"512":1,"513":1,"514":1,"515":1,"516":1,"517":1,"518":1,"519":1,"520":1,"521":1,"522":1,"523":1,"524":1,"525":1,"526":1,"527":1,"528":0,"529":0,"530":1,"531":1,"532":1,"533":1,"534":1,"535":1,"536":1,"537":1,"538":1,"539":1,"540":1,"541":1,"542":1,"543":1,"544":1,"545":1,"546":1,"547":1,"548":1,"549":1,"550":1,"551":1,"552":1,"553":1,"554":1,"555":1,"556":1,"557":1,"558":1,"559":1,"560":1,"561":1,"562":1,"563":1,"564":1,"565":1,"566":0,"567":0,"568":0,"569":0,"570":0,"571":0,"572":0,"573":0,"574":1,"575":1,"576":1,"577":1,"578":0,"579":0,"580":0,"581":0,"582":0,"583":0,"584":0,"585":0,"586":0,"587":0,"588":0,"589":0,"590":0,"591":0,"592":0,"593":1,"594":1,"595":1,"596":0,"597":0,"598":0,"599":0,"600":0,"601":0,"602":0,"603":0,"604":0,"605":0,"606":0,"607":0,"608":0,"609":0,"610":0,"611":0,"612":1,"613":1,"614":1,"615":0,"616":0,"617":0,"618":0,"619":0,"620":0,"621":0,"622":0,"623":0,"624":0,"625":0,"626":0,"627":1,"628":1,"629":1,"630":1,"631":1,"632":1,"633":1,"634":1,"635":1,"636":1,"637":1,"638":1,"639":1,"640":1,"641":1,"642":0,"643":0,"644":1,"645":1,"646":1,"647":1,"648":1,"649":1,"650":1,"651":1,"652":1,"653":1,"654":1,"655":1,"656":0,"657":0,"658":0,"659":0,"660":1,"661":1,"662":1,"663":1,"664":0,"665":1,"666":1,"667":1,"668":1,"669":1,"670":1,"671":1,"672":0,"673":0,"674":0,"675":0,"676":0,"677":1,"678":1,"679":1,"680":1,"681":1,"682":1,"683":1,"684":1,"685":1,"686":1,"687":1,"688":1,"689":1,"690":1,"691":1,"692":1,"693":1,"694":1,"695":1,"696":1,"697":1,"698":1,"699":1},"branchMap":{"0":{"type":"branch","line":19,"loc":{"start":{"line":19,"column":17},"end":{"line":86,"column":2}},"locations":[{"start":{"line":19,"column":17},"end":{"line":86,"column":2}}]},"1":{"type":"branch","line":23,"loc":{"start":{"line":23,"column":27},"end":{"line":23,"column":47}},"locations":[{"start":{"line":23,"column":27},"end":{"line":23,"column":47}}]},"2":{"type":"branch","line":23,"loc":{"start":{"line":23,"column":49},"end":{"line":27,"column":5}},"locations":[{"start":{"line":23,"column":49},"end":{"line":27,"column":5}}]},"3":{"type":"branch","line":27,"loc":{"start":{"line":27,"column":4},"end":{"line":29,"column":38}},"locations":[{"start":{"line":27,"column":4},"end":{"line":29,"column":38}}]},"4":{"type":"branch","line":29,"loc":{"start":{"line":29,"column":38},"end":{"line":33,"column":5}},"locations":[{"start":{"line":29,"column":38},"end":{"line":33,"column":5}}]},"5":{"type":"branch","line":33,"loc":{"start":{"line":33,"column":4},"end":{"line":36,"column":19}},"locations":[{"start":{"line":33,"column":4},"end":{"line":36,"column":19}}]},"6":{"type":"branch","line":36,"loc":{"start":{"line":36,"column":19},"end":{"line":38,"column":5}},"locations":[{"start":{"line":36,"column":19},"end":{"line":38,"column":5}}]},"7":{"type":"branch","line":38,"loc":{"start":{"line":38,"column":4},"end":{"line":42,"column":23}},"locations":[{"start":{"line":38,"column":4},"end":{"line":42,"column":23}}]},"8":{"type":"branch","line":42,"loc":{"start":{"line":42,"column":23},"end":{"line":75,"column":4}},"locations":[{"start":{"line":42,"column":23},"end":{"line":75,"column":4}}]},"9":{"type":"branch","line":75,"loc":{"start":{"line":75,"column":4},"end":{"line":85,"column":3}},"locations":[{"start":{"line":75,"column":4},"end":{"line":85,"column":3}}]},"10":{"type":"branch","line":89,"loc":{"start":{"line":89,"column":18},"end":{"line":121,"column":2}},"locations":[{"start":{"line":89,"column":18},"end":{"line":121,"column":2}}]},"11":{"type":"branch","line":95,"loc":{"start":{"line":95,"column":6},"end":{"line":95,"column":73}},"locations":[{"start":{"line":95,"column":6},"end":{"line":95,"column":73}}]},"12":{"type":"branch","line":98,"loc":{"start":{"line":98,"column":14},"end":{"line":98,"column":76}},"locations":[{"start":{"line":98,"column":14},"end":{"line":98,"column":76}}]},"13":{"type":"branch","line":101,"loc":{"start":{"line":101,"column":6},"end":{"line":101,"column":65}},"locations":[{"start":{"line":101,"column":6},"end":{"line":101,"column":65}}]},"14":{"type":"branch","line":104,"loc":{"start":{"line":104,"column":6},"end":{"line":104,"column":68}},"locations":[{"start":{"line":104,"column":6},"end":{"line":104,"column":68}}]},"15":{"type":"branch","line":106,"loc":{"start":{"line":106,"column":35},"end":{"line":118,"column":4}},"locations":[{"start":{"line":106,"column":35},"end":{"line":118,"column":4}}]},"16":{"type":"branch","line":118,"loc":{"start":{"line":118,"column":4},"end":{"line":120,"column":3}},"locations":[{"start":{"line":118,"column":4},"end":{"line":120,"column":3}}]},"17":{"type":"branch","line":124,"loc":{"start":{"line":124,"column":18},"end":{"line":157,"column":2}},"locations":[{"start":{"line":124,"column":18},"end":{"line":157,"column":2}}]},"18":{"type":"branch","line":129,"loc":{"start":{"line":129,"column":18},"end":{"line":131,"column":5}},"locations":[{"start":{"line":129,"column":18},"end":{"line":131,"column":5}}]},"19":{"type":"branch","line":133,"loc":{"start":{"line":133,"column":38},"end":{"line":137,"column":5}},"locations":[{"start":{"line":133,"column":38},"end":{"line":137,"column":5}}]},"20":{"type":"branch","line":153,"loc":{"start":{"line":153,"column":4},"end":{"line":156,"column":3}},"locations":[{"start":{"line":153,"column":4},"end":{"line":156,"column":3}}]},"21":{"type":"branch","line":199,"loc":{"start":{"line":199,"column":23},"end":{"line":227,"column":2}},"locations":[{"start":{"line":199,"column":23},"end":{"line":227,"column":2}}]},"22":{"type":"branch","line":205,"loc":{"start":{"line":205,"column":6},"end":{"line":205,"column":73}},"locations":[{"start":{"line":205,"column":6},"end":{"line":205,"column":73}}]},"23":{"type":"branch","line":208,"loc":{"start":{"line":208,"column":6},"end":{"line":212,"column":36}},"locations":[{"start":{"line":208,"column":6},"end":{"line":212,"column":36}}]},"24":{"type":"branch","line":213,"loc":{"start":{"line":213,"column":6},"end":{"line":213,"column":75}},"locations":[{"start":{"line":213,"column":6},"end":{"line":213,"column":75}}]},"25":{"type":"branch","line":213,"loc":{"start":{"line":213,"column":74},"end":{"line":224,"column":4}},"locations":[{"start":{"line":213,"column":74},"end":{"line":224,"column":4}}]},"26":{"type":"branch","line":224,"loc":{"start":{"line":224,"column":4},"end":{"line":226,"column":3}},"locations":[{"start":{"line":224,"column":4},"end":{"line":226,"column":3}}]},"27":{"type":"branch","line":229,"loc":{"start":{"line":229,"column":14},"end":{"line":273,"column":2}},"locations":[{"start":{"line":229,"column":14},"end":{"line":273,"column":2}}]},"28":{"type":"branch","line":238,"loc":{"start":{"line":238,"column":6},"end":{"line":238,"column":70}},"locations":[{"start":{"line":238,"column":6},"end":{"line":238,"column":70}}]},"29":{"type":"branch","line":241,"loc":{"start":{"line":241,"column":6},"end":{"line":243,"column":61}},"locations":[{"start":{"line":241,"column":6},"end":{"line":243,"column":61}}]},"30":{"type":"branch","line":246,"loc":{"start":{"line":246,"column":6},"end":{"line":246,"column":75}},"locations":[{"start":{"line":246,"column":6},"end":{"line":246,"column":75}}]},"31":{"type":"branch","line":249,"loc":{"start":{"line":249,"column":18},"end":{"line":258,"column":31}},"locations":[{"start":{"line":249,"column":18},"end":{"line":258,"column":31}}]},"32":{"type":"branch","line":258,"loc":{"start":{"line":258,"column":27},"end":{"line":258,"column":59}},"locations":[{"start":{"line":258,"column":27},"end":{"line":258,"column":59}}]},"33":{"type":"branch","line":270,"loc":{"start":{"line":270,"column":4},"end":{"line":272,"column":3}},"locations":[{"start":{"line":270,"column":4},"end":{"line":272,"column":3}}]},"34":{"type":"branch","line":398,"loc":{"start":{"line":398,"column":22},"end":{"line":442,"column":2}},"locations":[{"start":{"line":398,"column":22},"end":{"line":442,"column":2}}]},"35":{"type":"branch","line":407,"loc":{"start":{"line":407,"column":42},"end":{"line":415,"column":18}},"locations":[{"start":{"line":407,"column":42},"end":{"line":415,"column":18}}]},"36":{"type":"branch","line":415,"loc":{"start":{"line":415,"column":18},"end":{"line":419,"column":5}},"locations":[{"start":{"line":415,"column":18},"end":{"line":419,"column":5}}]},"37":{"type":"branch","line":419,"loc":{"start":{"line":419,"column":4},"end":{"line":436,"column":4}},"locations":[{"start":{"line":419,"column":4},"end":{"line":436,"column":4}}]},"38":{"type":"branch","line":436,"loc":{"start":{"line":436,"column":4},"end":{"line":441,"column":3}},"locations":[{"start":{"line":436,"column":4},"end":{"line":441,"column":3}}]},"39":{"type":"branch","line":443,"loc":{"start":{"line":443,"column":23},"end":{"line":495,"column":2}},"locations":[{"start":{"line":443,"column":23},"end":{"line":495,"column":2}}]},"40":{"type":"branch","line":448,"loc":{"start":{"line":448,"column":58},"end":{"line":452,"column":5}},"locations":[{"start":{"line":448,"column":58},"end":{"line":452,"column":5}}]},"41":{"type":"branch","line":454,"loc":{"start":{"line":454,"column":41},"end":{"line":458,"column":5}},"locations":[{"start":{"line":454,"column":41},"end":{"line":458,"column":5}}]},"42":{"type":"branch","line":462,"loc":{"start":{"line":462,"column":18},"end":{"line":466,"column":5}},"locations":[{"start":{"line":462,"column":18},"end":{"line":466,"column":5}}]},"43":{"type":"branch","line":468,"loc":{"start":{"line":468,"column":38},"end":{"line":472,"column":5}},"locations":[{"start":{"line":468,"column":38},"end":{"line":472,"column":5}}]},"44":{"type":"branch","line":476,"loc":{"start":{"line":476,"column":18},"end":{"line":490,"column":4}},"locations":[{"start":{"line":476,"column":18},"end":{"line":490,"column":4}}]},"45":{"type":"branch","line":490,"loc":{"start":{"line":490,"column":4},"end":{"line":494,"column":3}},"locations":[{"start":{"line":490,"column":4},"end":{"line":494,"column":3}}]},"46":{"type":"branch","line":498,"loc":{"start":{"line":498,"column":25},"end":{"line":531,"column":2}},"locations":[{"start":{"line":498,"column":25},"end":{"line":531,"column":2}}]},"47":{"type":"branch","line":502,"loc":{"start":{"line":502,"column":41},"end":{"line":502,"column":46}},"locations":[{"start":{"line":502,"column":41},"end":{"line":502,"column":46}}]},"48":{"type":"branch","line":503,"loc":{"start":{"line":503,"column":43},"end":{"line":503,"column":49}},"locations":[{"start":{"line":503,"column":43},"end":{"line":503,"column":49}}]},"49":{"type":"branch","line":528,"loc":{"start":{"line":528,"column":4},"end":{"line":530,"column":3}},"locations":[{"start":{"line":528,"column":4},"end":{"line":530,"column":3}}]},"50":{"type":"branch","line":554,"loc":{"start":{"line":554,"column":19},"end":{"line":575,"column":2}},"locations":[{"start":{"line":554,"column":19},"end":{"line":575,"column":2}}]},"51":{"type":"branch","line":566,"loc":{"start":{"line":566,"column":4},"end":{"line":574,"column":3}},"locations":[{"start":{"line":566,"column":4},"end":{"line":574,"column":3}}]},"52":{"type":"branch","line":630,"loc":{"start":{"line":630,"column":20},"end":{"line":645,"column":2}},"locations":[{"start":{"line":630,"column":20},"end":{"line":645,"column":2}}]},"53":{"type":"branch","line":642,"loc":{"start":{"line":642,"column":4},"end":{"line":644,"column":3}},"locations":[{"start":{"line":642,"column":4},"end":{"line":644,"column":3}}]},"54":{"type":"branch","line":648,"loc":{"start":{"line":648,"column":27},"end":{"line":678,"column":2}},"locations":[{"start":{"line":648,"column":27},"end":{"line":678,"column":2}}]},"55":{"type":"branch","line":656,"loc":{"start":{"line":656,"column":18},"end":{"line":660,"column":5}},"locations":[{"start":{"line":656,"column":18},"end":{"line":660,"column":5}}]},"56":{"type":"branch","line":664,"loc":{"start":{"line":664,"column":19},"end":{"line":665,"column":19}},"locations":[{"start":{"line":664,"column":19},"end":{"line":665,"column":19}}]},"57":{"type":"branch","line":672,"loc":{"start":{"line":672,"column":4},"end":{"line":677,"column":3}},"locations":[{"start":{"line":672,"column":4},"end":{"line":677,"column":3}}]}},"b":{"0":[3],"1":[2],"2":[1],"3":[2],"4":[0],"5":[2],"6":[1],"7":[2],"8":[1],"9":[0],"10":[2],"11":[0],"12":[0],"13":[0],"14":[0],"15":[1],"16":[0],"17":[1],"18":[0],"19":[0],"20":[0],"21":[2],"22":[0],"23":[1],"24":[0],"25":[1],"26":[0],"27":[2],"28":[0],"29":[0],"30":[0],"31":[1],"32":[0],"33":[0],"34":[2],"35":[1],"36":[0],"37":[1],"38":[0],"39":[2],"40":[0],"41":[0],"42":[0],"43":[0],"44":[1],"45":[0],"46":[1],"47":[0],"48":[0],"49":[0],"50":[1],"51":[0],"52":[1],"53":[0],"54":[1],"55":[0],"56":[0],"57":[0]},"fnMap":{"0":{"name":"register","decl":{"start":{"line":19,"column":17},"end":{"line":86,"column":2}},"loc":{"start":{"line":19,"column":17},"end":{"line":86,"column":2}},"line":19},"1":{"name":"verifyOtp","decl":{"start":{"line":89,"column":18},"end":{"line":121,"column":2}},"loc":{"start":{"line":89,"column":18},"end":{"line":121,"column":2}},"line":89},"2":{"name":"resendOtp","decl":{"start":{"line":124,"column":18},"end":{"line":157,"column":2}},"loc":{"start":{"line":124,"column":18},"end":{"line":157,"column":2}},"line":124},"3":{"name":"registerGoogle","decl":{"start":{"line":159,"column":23},"end":{"line":197,"column":2}},"loc":{"start":{"line":159,"column":23},"end":{"line":197,"column":2}},"line":159},"4":{"name":"forgotPassword","decl":{"start":{"line":199,"column":23},"end":{"line":227,"column":2}},"loc":{"start":{"line":199,"column":23},"end":{"line":227,"column":2}},"line":199},"5":{"name":"login","decl":{"start":{"line":229,"column":14},"end":{"line":273,"column":2}},"loc":{"start":{"line":229,"column":14},"end":{"line":273,"column":2}},"line":229},"6":{"name":"loginGoogle","decl":{"start":{"line":275,"column":20},"end":{"line":312,"column":2}},"loc":{"start":{"line":275,"column":20},"end":{"line":312,"column":2}},"line":275},"7":{"name":"getRoleNameById","decl":{"start":{"line":314,"column":24},"end":{"line":324,"column":2}},"loc":{"start":{"line":314,"column":24},"end":{"line":324,"column":2}},"line":314},"8":{"name":"googleAuth","decl":{"start":{"line":326,"column":19},"end":{"line":371,"column":2}},"loc":{"start":{"line":326,"column":19},"end":{"line":371,"column":2}},"line":326},"9":{"name":"getInforById","decl":{"start":{"line":373,"column":21},"end":{"line":397,"column":2}},"loc":{"start":{"line":373,"column":21},"end":{"line":397,"column":2}},"line":373},"10":{"name":"updateProfile","decl":{"start":{"line":398,"column":22},"end":{"line":442,"column":2}},"loc":{"start":{"line":398,"column":22},"end":{"line":442,"column":2}},"line":398},"11":{"name":"updatePassword","decl":{"start":{"line":443,"column":23},"end":{"line":495,"column":2}},"loc":{"start":{"line":443,"column":23},"end":{"line":495,"column":2}},"line":443},"12":{"name":"getNotifications","decl":{"start":{"line":498,"column":25},"end":{"line":531,"column":2}},"loc":{"start":{"line":498,"column":25},"end":{"line":531,"column":2}},"line":498},"13":{"name":"markAsRead","decl":{"start":{"line":554,"column":19},"end":{"line":575,"column":2}},"loc":{"start":{"line":554,"column":19},"end":{"line":575,"column":2}},"line":554},"14":{"name":"markAllAsRead","decl":{"start":{"line":578,"column":22},"end":{"line":593,"column":2}},"loc":{"start":{"line":578,"column":22},"end":{"line":593,"column":2}},"line":578},"15":{"name":"deleteNotification","decl":{"start":{"line":596,"column":27},"end":{"line":612,"column":2}},"loc":{"start":{"line":596,"column":27},"end":{"line":612,"column":2}},"line":596},"16":{"name":"deleteAllNotifications","decl":{"start":{"line":615,"column":31},"end":{"line":627,"column":2}},"loc":{"start":{"line":615,"column":31},"end":{"line":627,"column":2}},"line":615},"17":{"name":"countUnread","decl":{"start":{"line":630,"column":20},"end":{"line":645,"column":2}},"loc":{"start":{"line":630,"column":20},"end":{"line":645,"column":2}},"line":630},"18":{"name":"checkProfileStatus","decl":{"start":{"line":648,"column":27},"end":{"line":678,"column":2}},"loc":{"start":{"line":648,"column":27},"end":{"line":678,"column":2}},"line":648}},"f":{"0":3,"1":2,"2":1,"3":0,"4":2,"5":2,"6":0,"7":0,"8":0,"9":0,"10":2,"11":2,"12":1,"13":1,"14":0,"15":0,"16":0,"17":1,"18":1}}
}
