{"D:\\VisualCode\\BackendBilliard\\controller\\auth\\auth.controller.js": {"path":"D:\\VisualCode\\BackendBilliard\\controller\\auth\\auth.controller.js","all":false,"statementMap":{"0":{"start":{"line":1,"column":0},"end":{"line":1,"column":57}},"1":{"start":{"line":2,"column":0},"end":{"line":2,"column":36}},"2":{"start":{"line":3,"column":0},"end":{"line":3,"column":35}},"3":{"start":{"line":4,"column":0},"end":{"line":4,"column":59}},"4":{"start":{"line":5,"column":0},"end":{"line":5,"column":77}},"5":{"start":{"line":6,"column":0},"end":{"line":6,"column":7}},"6":{"start":{"line":7,"column":0},"end":{"line":7,"column":15}},"7":{"start":{"line":8,"column":0},"end":{"line":8,"column":25}},"8":{"start":{"line":9,"column":0},"end":{"line":9,"column":27}},"9":{"start":{"line":10,"column":0},"end":{"line":10,"column":43}},"10":{"start":{"line":11,"column":0},"end":{"line":11,"column":0}},"11":{"start":{"line":12,"column":0},"end":{"line":12,"column":54}},"12":{"start":{"line":13,"column":0},"end":{"line":13,"column":48}},"13":{"start":{"line":14,"column":0},"end":{"line":14,"column":46}},"14":{"start":{"line":15,"column":0},"end":{"line":15,"column":64}},"15":{"start":{"line":16,"column":0},"end":{"line":16,"column":0}},"16":{"start":{"line":17,"column":0},"end":{"line":17,"column":67}},"17":{"start":{"line":18,"column":0},"end":{"line":18,"column":21}},"18":{"start":{"line":19,"column":0},"end":{"line":19,"column":57}},"19":{"start":{"line":20,"column":0},"end":{"line":20,"column":29}},"20":{"start":{"line":21,"column":0},"end":{"line":21,"column":69}},"21":{"start":{"line":22,"column":0},"end":{"line":22,"column":0}},"22":{"start":{"line":23,"column":0},"end":{"line":23,"column":34}},"23":{"start":{"line":24,"column":0},"end":{"line":24,"column":38}},"24":{"start":{"line":25,"column":0},"end":{"line":25,"column":7}},"25":{"start":{"line":26,"column":0},"end":{"line":26,"column":66}},"26":{"start":{"line":27,"column":0},"end":{"line":27,"column":61}},"27":{"start":{"line":28,"column":0},"end":{"line":28,"column":0}},"28":{"start":{"line":29,"column":0},"end":{"line":29,"column":50}},"29":{"start":{"line":30,"column":0},"end":{"line":30,"column":16}},"30":{"start":{"line":31,"column":0},"end":{"line":31,"column":20}},"31":{"start":{"line":32,"column":0},"end":{"line":32,"column":62}},"32":{"start":{"line":33,"column":0},"end":{"line":33,"column":5}},"33":{"start":{"line":34,"column":0},"end":{"line":34,"column":0}},"34":{"start":{"line":35,"column":0},"end":{"line":35,"column":39}},"35":{"start":{"line":36,"column":0},"end":{"line":36,"column":35}},"36":{"start":{"line":37,"column":0},"end":{"line":37,"column":48}},"37":{"start":{"line":38,"column":0},"end":{"line":38,"column":9}},"38":{"start":{"line":39,"column":0},"end":{"line":39,"column":5}},"39":{"start":{"line":40,"column":0},"end":{"line":40,"column":0}},"40":{"start":{"line":41,"column":0},"end":{"line":41,"column":40}},"41":{"start":{"line":42,"column":0},"end":{"line":42,"column":35}},"42":{"start":{"line":43,"column":0},"end":{"line":43,"column":39}},"43":{"start":{"line":44,"column":0},"end":{"line":44,"column":9}},"44":{"start":{"line":45,"column":0},"end":{"line":45,"column":5}},"45":{"start":{"line":46,"column":0},"end":{"line":46,"column":0}},"46":{"start":{"line":47,"column":0},"end":{"line":47,"column":33}},"47":{"start":{"line":48,"column":0},"end":{"line":48,"column":20}},"48":{"start":{"line":49,"column":0},"end":{"line":49,"column":37}},"49":{"start":{"line":50,"column":0},"end":{"line":50,"column":5}},"50":{"start":{"line":51,"column":0},"end":{"line":51,"column":0}},"51":{"start":{"line":52,"column":0},"end":{"line":52,"column":18}},"52":{"start":{"line":53,"column":0},"end":{"line":53,"column":59}},"53":{"start":{"line":54,"column":0},"end":{"line":54,"column":24}},"54":{"start":{"line":55,"column":0},"end":{"line":55,"column":35}},"55":{"start":{"line":56,"column":0},"end":{"line":56,"column":36}},"56":{"start":{"line":57,"column":0},"end":{"line":57,"column":9}},"57":{"start":{"line":58,"column":0},"end":{"line":58,"column":5}},"58":{"start":{"line":59,"column":0},"end":{"line":59,"column":0}},"59":{"start":{"line":60,"column":0},"end":{"line":60,"column":58}},"60":{"start":{"line":61,"column":0},"end":{"line":61,"column":0}},"61":{"start":{"line":62,"column":0},"end":{"line":62,"column":59}},"62":{"start":{"line":63,"column":0},"end":{"line":63,"column":0}},"63":{"start":{"line":64,"column":0},"end":{"line":64,"column":42}},"64":{"start":{"line":65,"column":0},"end":{"line":65,"column":15}},"65":{"start":{"line":66,"column":0},"end":{"line":66,"column":12}},"66":{"start":{"line":67,"column":0},"end":{"line":67,"column":36}},"67":{"start":{"line":68,"column":0},"end":{"line":68,"column":24}},"68":{"start":{"line":69,"column":0},"end":{"line":69,"column":24}},"69":{"start":{"line":70,"column":0},"end":{"line":70,"column":24}},"70":{"start":{"line":71,"column":0},"end":{"line":71,"column":7}},"71":{"start":{"line":72,"column":0},"end":{"line":72,"column":0}},"72":{"start":{"line":73,"column":0},"end":{"line":73,"column":34}},"73":{"start":{"line":74,"column":0},"end":{"line":74,"column":59}},"74":{"start":{"line":75,"column":0},"end":{"line":75,"column":0}},"75":{"start":{"line":76,"column":0},"end":{"line":76,"column":31}},"76":{"start":{"line":77,"column":0},"end":{"line":77,"column":34}},"77":{"start":{"line":78,"column":0},"end":{"line":78,"column":64}},"78":{"start":{"line":79,"column":0},"end":{"line":79,"column":23}},"79":{"start":{"line":80,"column":0},"end":{"line":80,"column":6}},"80":{"start":{"line":81,"column":0},"end":{"line":81,"column":0}},"81":{"start":{"line":82,"column":0},"end":{"line":82,"column":39}},"82":{"start":{"line":83,"column":0},"end":{"line":83,"column":0}},"83":{"start":{"line":84,"column":0},"end":{"line":84,"column":26}},"84":{"start":{"line":85,"column":0},"end":{"line":85,"column":48}},"85":{"start":{"line":86,"column":0},"end":{"line":86,"column":7}},"86":{"start":{"line":87,"column":0},"end":{"line":87,"column":19}},"87":{"start":{"line":88,"column":0},"end":{"line":88,"column":31}},"88":{"start":{"line":89,"column":0},"end":{"line":89,"column":53}},"89":{"start":{"line":90,"column":0},"end":{"line":90,"column":35}},"90":{"start":{"line":91,"column":0},"end":{"line":91,"column":16}},"91":{"start":{"line":92,"column":0},"end":{"line":92,"column":78}},"92":{"start":{"line":93,"column":0},"end":{"line":93,"column":9}},"93":{"start":{"line":94,"column":0},"end":{"line":94,"column":5}},"94":{"start":{"line":95,"column":0},"end":{"line":95,"column":0}},"95":{"start":{"line":96,"column":0},"end":{"line":96,"column":53}},"96":{"start":{"line":97,"column":0},"end":{"line":97,"column":3}},"97":{"start":{"line":98,"column":0},"end":{"line":98,"column":2}},"98":{"start":{"line":99,"column":0},"end":{"line":99,"column":0}},"99":{"start":{"line":100,"column":0},"end":{"line":100,"column":15}},"100":{"start":{"line":101,"column":0},"end":{"line":101,"column":39}},"101":{"start":{"line":102,"column":0},"end":{"line":102,"column":7}},"102":{"start":{"line":103,"column":0},"end":{"line":103,"column":39}},"103":{"start":{"line":104,"column":0},"end":{"line":104,"column":61}},"104":{"start":{"line":105,"column":0},"end":{"line":105,"column":73}},"105":{"start":{"line":106,"column":0},"end":{"line":106,"column":0}},"106":{"start":{"line":107,"column":0},"end":{"line":107,"column":53}},"107":{"start":{"line":108,"column":0},"end":{"line":108,"column":17}},"108":{"start":{"line":109,"column":0},"end":{"line":109,"column":73}},"109":{"start":{"line":110,"column":0},"end":{"line":110,"column":0}},"110":{"start":{"line":111,"column":0},"end":{"line":111,"column":63}},"111":{"start":{"line":112,"column":0},"end":{"line":112,"column":76}},"112":{"start":{"line":113,"column":0},"end":{"line":113,"column":0}},"113":{"start":{"line":114,"column":0},"end":{"line":114,"column":38}},"114":{"start":{"line":115,"column":0},"end":{"line":115,"column":44}},"115":{"start":{"line":116,"column":0},"end":{"line":116,"column":65}},"116":{"start":{"line":117,"column":0},"end":{"line":117,"column":5}},"117":{"start":{"line":118,"column":0},"end":{"line":118,"column":0}},"118":{"start":{"line":119,"column":0},"end":{"line":119,"column":28}},"119":{"start":{"line":120,"column":0},"end":{"line":120,"column":44}},"120":{"start":{"line":121,"column":0},"end":{"line":121,"column":87}},"121":{"start":{"line":122,"column":0},"end":{"line":122,"column":5}},"122":{"start":{"line":123,"column":0},"end":{"line":123,"column":0}},"123":{"start":{"line":124,"column":0},"end":{"line":124,"column":36}},"124":{"start":{"line":125,"column":0},"end":{"line":125,"column":24}},"125":{"start":{"line":126,"column":0},"end":{"line":126,"column":23}},"126":{"start":{"line":127,"column":0},"end":{"line":127,"column":30}},"127":{"start":{"line":128,"column":0},"end":{"line":128,"column":46}},"128":{"start":{"line":129,"column":0},"end":{"line":129,"column":89}},"129":{"start":{"line":130,"column":0},"end":{"line":130,"column":7}},"130":{"start":{"line":131,"column":0},"end":{"line":131,"column":58}},"131":{"start":{"line":132,"column":0},"end":{"line":132,"column":5}},"132":{"start":{"line":133,"column":0},"end":{"line":133,"column":0}},"133":{"start":{"line":134,"column":0},"end":{"line":134,"column":30}},"134":{"start":{"line":135,"column":0},"end":{"line":135,"column":25}},"135":{"start":{"line":136,"column":0},"end":{"line":136,"column":0}},"136":{"start":{"line":137,"column":0},"end":{"line":137,"column":42}},"137":{"start":{"line":138,"column":0},"end":{"line":138,"column":0}},"138":{"start":{"line":139,"column":0},"end":{"line":139,"column":49}},"139":{"start":{"line":140,"column":0},"end":{"line":140,"column":19}},"140":{"start":{"line":141,"column":0},"end":{"line":141,"column":53}},"141":{"start":{"line":142,"column":0},"end":{"line":142,"column":3}},"142":{"start":{"line":143,"column":0},"end":{"line":143,"column":2}},"143":{"start":{"line":144,"column":0},"end":{"line":144,"column":0}},"144":{"start":{"line":145,"column":0},"end":{"line":145,"column":13}},"145":{"start":{"line":146,"column":0},"end":{"line":146,"column":39}},"146":{"start":{"line":147,"column":0},"end":{"line":147,"column":7}},"147":{"start":{"line":148,"column":0},"end":{"line":148,"column":29}},"148":{"start":{"line":149,"column":0},"end":{"line":149,"column":61}},"149":{"start":{"line":150,"column":0},"end":{"line":150,"column":0}},"150":{"start":{"line":151,"column":0},"end":{"line":151,"column":53}},"151":{"start":{"line":152,"column":0},"end":{"line":152,"column":19}},"152":{"start":{"line":153,"column":0},"end":{"line":153,"column":73}},"153":{"start":{"line":154,"column":0},"end":{"line":154,"column":5}},"154":{"start":{"line":155,"column":0},"end":{"line":155,"column":0}},"155":{"start":{"line":156,"column":0},"end":{"line":156,"column":39}},"156":{"start":{"line":157,"column":0},"end":{"line":157,"column":16}},"157":{"start":{"line":158,"column":0},"end":{"line":158,"column":20}},"158":{"start":{"line":159,"column":0},"end":{"line":159,"column":73}},"159":{"start":{"line":160,"column":0},"end":{"line":160,"column":5}},"160":{"start":{"line":161,"column":0},"end":{"line":161,"column":0}},"161":{"start":{"line":162,"column":0},"end":{"line":162,"column":19}},"162":{"start":{"line":163,"column":0},"end":{"line":163,"column":34}},"163":{"start":{"line":164,"column":0},"end":{"line":164,"column":69}},"164":{"start":{"line":165,"column":0},"end":{"line":165,"column":0}},"165":{"start":{"line":166,"column":0},"end":{"line":166,"column":31}},"166":{"start":{"line":167,"column":0},"end":{"line":167,"column":34}},"167":{"start":{"line":168,"column":0},"end":{"line":168,"column":64}},"168":{"start":{"line":169,"column":0},"end":{"line":169,"column":34}},"169":{"start":{"line":170,"column":0},"end":{"line":170,"column":6}},"170":{"start":{"line":171,"column":0},"end":{"line":171,"column":0}},"171":{"start":{"line":172,"column":0},"end":{"line":172,"column":16}},"172":{"start":{"line":173,"column":0},"end":{"line":173,"column":39}},"173":{"start":{"line":174,"column":0},"end":{"line":174,"column":0}},"174":{"start":{"line":175,"column":0},"end":{"line":175,"column":56}},"175":{"start":{"line":176,"column":0},"end":{"line":176,"column":19}},"176":{"start":{"line":177,"column":0},"end":{"line":177,"column":48}},"177":{"start":{"line":178,"column":0},"end":{"line":178,"column":53}},"178":{"start":{"line":179,"column":0},"end":{"line":179,"column":3}},"179":{"start":{"line":180,"column":0},"end":{"line":180,"column":2}},"180":{"start":{"line":181,"column":0},"end":{"line":181,"column":0}},"181":{"start":{"line":182,"column":0},"end":{"line":182,"column":44}},"182":{"start":{"line":183,"column":0},"end":{"line":183,"column":7}},"183":{"start":{"line":184,"column":0},"end":{"line":184,"column":33}},"184":{"start":{"line":185,"column":0},"end":{"line":185,"column":0}},"185":{"start":{"line":186,"column":0},"end":{"line":186,"column":57}},"186":{"start":{"line":187,"column":0},"end":{"line":187,"column":76}},"187":{"start":{"line":188,"column":0},"end":{"line":188,"column":5}},"188":{"start":{"line":189,"column":0},"end":{"line":189,"column":0}},"189":{"start":{"line":190,"column":0},"end":{"line":190,"column":47}},"190":{"start":{"line":191,"column":0},"end":{"line":191,"column":23}},"191":{"start":{"line":192,"column":0},"end":{"line":192,"column":50}},"192":{"start":{"line":193,"column":0},"end":{"line":193,"column":7}},"193":{"start":{"line":194,"column":0},"end":{"line":194,"column":0}},"194":{"start":{"line":195,"column":0},"end":{"line":195,"column":40}},"195":{"start":{"line":196,"column":0},"end":{"line":196,"column":41}},"196":{"start":{"line":197,"column":0},"end":{"line":197,"column":0}},"197":{"start":{"line":198,"column":0},"end":{"line":198,"column":51}},"198":{"start":{"line":199,"column":0},"end":{"line":199,"column":16}},"199":{"start":{"line":200,"column":0},"end":{"line":200,"column":72}},"200":{"start":{"line":201,"column":0},"end":{"line":201,"column":0}},"201":{"start":{"line":202,"column":0},"end":{"line":202,"column":58}},"202":{"start":{"line":203,"column":0},"end":{"line":203,"column":14}},"203":{"start":{"line":204,"column":0},"end":{"line":204,"column":78}},"204":{"start":{"line":205,"column":0},"end":{"line":205,"column":0}},"205":{"start":{"line":206,"column":0},"end":{"line":206,"column":48}},"206":{"start":{"line":207,"column":0},"end":{"line":207,"column":63}},"207":{"start":{"line":208,"column":0},"end":{"line":208,"column":0}},"208":{"start":{"line":209,"column":0},"end":{"line":209,"column":36}},"209":{"start":{"line":210,"column":0},"end":{"line":210,"column":21}},"210":{"start":{"line":211,"column":0},"end":{"line":211,"column":12}},"211":{"start":{"line":212,"column":0},"end":{"line":212,"column":36}},"212":{"start":{"line":213,"column":0},"end":{"line":213,"column":25}},"213":{"start":{"line":214,"column":0},"end":{"line":214,"column":23}},"214":{"start":{"line":215,"column":0},"end":{"line":215,"column":23}},"215":{"start":{"line":216,"column":0},"end":{"line":216,"column":24}},"216":{"start":{"line":217,"column":0},"end":{"line":217,"column":7}},"217":{"start":{"line":218,"column":0},"end":{"line":218,"column":0}},"218":{"start":{"line":219,"column":0},"end":{"line":219,"column":56}},"219":{"start":{"line":220,"column":0},"end":{"line":220,"column":0}},"220":{"start":{"line":221,"column":0},"end":{"line":221,"column":33}},"221":{"start":{"line":222,"column":0},"end":{"line":222,"column":75}},"222":{"start":{"line":223,"column":0},"end":{"line":223,"column":7}},"223":{"start":{"line":224,"column":0},"end":{"line":224,"column":19}},"224":{"start":{"line":225,"column":0},"end":{"line":225,"column":26}},"225":{"start":{"line":226,"column":0},"end":{"line":226,"column":30}},"226":{"start":{"line":227,"column":0},"end":{"line":227,"column":27}},"227":{"start":{"line":228,"column":0},"end":{"line":228,"column":7}},"228":{"start":{"line":229,"column":0},"end":{"line":229,"column":3}},"229":{"start":{"line":230,"column":0},"end":{"line":230,"column":2}},"230":{"start":{"line":231,"column":0},"end":{"line":231,"column":0}},"231":{"start":{"line":232,"column":0},"end":{"line":232,"column":44}},"232":{"start":{"line":233,"column":0},"end":{"line":233,"column":7}},"233":{"start":{"line":234,"column":0},"end":{"line":234,"column":29}},"234":{"start":{"line":235,"column":0},"end":{"line":235,"column":61}},"235":{"start":{"line":236,"column":0},"end":{"line":236,"column":0}},"236":{"start":{"line":237,"column":0},"end":{"line":237,"column":78}},"237":{"start":{"line":238,"column":0},"end":{"line":238,"column":17}},"238":{"start":{"line":239,"column":0},"end":{"line":239,"column":73}},"239":{"start":{"line":240,"column":0},"end":{"line":240,"column":0}},"240":{"start":{"line":241,"column":0},"end":{"line":241,"column":31}},"241":{"start":{"line":242,"column":0},"end":{"line":242,"column":16}},"242":{"start":{"line":243,"column":0},"end":{"line":243,"column":20}},"243":{"start":{"line":244,"column":0},"end":{"line":244,"column":71}},"244":{"start":{"line":245,"column":0},"end":{"line":245,"column":0}},"245":{"start":{"line":246,"column":0},"end":{"line":246,"column":36}},"246":{"start":{"line":247,"column":0},"end":{"line":247,"column":75}},"247":{"start":{"line":248,"column":0},"end":{"line":248,"column":0}},"248":{"start":{"line":249,"column":0},"end":{"line":249,"column":48}},"249":{"start":{"line":250,"column":0},"end":{"line":250,"column":63}},"250":{"start":{"line":251,"column":0},"end":{"line":251,"column":0}},"251":{"start":{"line":252,"column":0},"end":{"line":252,"column":43}},"252":{"start":{"line":253,"column":0},"end":{"line":253,"column":25}},"253":{"start":{"line":254,"column":0},"end":{"line":254,"column":0}},"254":{"start":{"line":255,"column":0},"end":{"line":255,"column":54}},"255":{"start":{"line":256,"column":0},"end":{"line":256,"column":0}},"256":{"start":{"line":257,"column":0},"end":{"line":257,"column":59}},"257":{"start":{"line":258,"column":0},"end":{"line":258,"column":19}},"258":{"start":{"line":259,"column":0},"end":{"line":259,"column":53}},"259":{"start":{"line":260,"column":0},"end":{"line":260,"column":3}},"260":{"start":{"line":261,"column":0},"end":{"line":261,"column":2}},"261":{"start":{"line":262,"column":0},"end":{"line":262,"column":0}},"262":{"start":{"line":263,"column":0},"end":{"line":263,"column":35}},"263":{"start":{"line":264,"column":0},"end":{"line":264,"column":7}},"264":{"start":{"line":265,"column":0},"end":{"line":265,"column":39}},"265":{"start":{"line":266,"column":0},"end":{"line":266,"column":61}},"266":{"start":{"line":267,"column":0},"end":{"line":267,"column":0}},"267":{"start":{"line":268,"column":0},"end":{"line":268,"column":52}},"268":{"start":{"line":269,"column":0},"end":{"line":269,"column":31}},"269":{"start":{"line":270,"column":0},"end":{"line":270,"column":35}},"270":{"start":{"line":271,"column":0},"end":{"line":271,"column":0}},"271":{"start":{"line":272,"column":0},"end":{"line":272,"column":17}},"272":{"start":{"line":273,"column":0},"end":{"line":273,"column":70}},"273":{"start":{"line":274,"column":0},"end":{"line":274,"column":0}},"274":{"start":{"line":275,"column":0},"end":{"line":275,"column":31}},"275":{"start":{"line":276,"column":0},"end":{"line":276,"column":16}},"276":{"start":{"line":277,"column":0},"end":{"line":277,"column":20}},"277":{"start":{"line":278,"column":0},"end":{"line":278,"column":61}},"278":{"start":{"line":279,"column":0},"end":{"line":279,"column":0}},"279":{"start":{"line":280,"column":0},"end":{"line":280,"column":36}},"280":{"start":{"line":281,"column":0},"end":{"line":281,"column":75}},"281":{"start":{"line":282,"column":0},"end":{"line":282,"column":0}},"282":{"start":{"line":283,"column":0},"end":{"line":283,"column":74}},"283":{"start":{"line":284,"column":0},"end":{"line":284,"column":75}},"284":{"start":{"line":285,"column":0},"end":{"line":285,"column":0}},"285":{"start":{"line":286,"column":0},"end":{"line":286,"column":42}},"286":{"start":{"line":287,"column":0},"end":{"line":287,"column":0}},"287":{"start":{"line":288,"column":0},"end":{"line":288,"column":27}},"288":{"start":{"line":289,"column":0},"end":{"line":289,"column":7}},"289":{"start":{"line":290,"column":0},"end":{"line":290,"column":31}},"290":{"start":{"line":291,"column":0},"end":{"line":291,"column":36}},"291":{"start":{"line":292,"column":0},"end":{"line":292,"column":23}},"292":{"start":{"line":293,"column":0},"end":{"line":293,"column":61}},"293":{"start":{"line":294,"column":0},"end":{"line":294,"column":8}},"294":{"start":{"line":295,"column":0},"end":{"line":295,"column":29}},"295":{"start":{"line":296,"column":0},"end":{"line":296,"column":26}},"296":{"start":{"line":297,"column":0},"end":{"line":297,"column":6}},"297":{"start":{"line":298,"column":0},"end":{"line":298,"column":0}},"298":{"start":{"line":299,"column":0},"end":{"line":299,"column":14}},"299":{"start":{"line":300,"column":0},"end":{"line":300,"column":38}},"300":{"start":{"line":301,"column":0},"end":{"line":301,"column":12}},"301":{"start":{"line":302,"column":0},"end":{"line":302,"column":21}},"302":{"start":{"line":303,"column":0},"end":{"line":303,"column":33}},"303":{"start":{"line":304,"column":0},"end":{"line":304,"column":7}},"304":{"start":{"line":305,"column":0},"end":{"line":305,"column":19}},"305":{"start":{"line":306,"column":0},"end":{"line":306,"column":53}},"306":{"start":{"line":307,"column":0},"end":{"line":307,"column":3}},"307":{"start":{"line":308,"column":0},"end":{"line":308,"column":2}},"308":{"start":{"line":309,"column":0},"end":{"line":309,"column":0}},"309":{"start":{"line":310,"column":0},"end":{"line":310,"column":41}},"310":{"start":{"line":311,"column":0},"end":{"line":311,"column":7}},"311":{"start":{"line":312,"column":0},"end":{"line":312,"column":33}},"312":{"start":{"line":313,"column":0},"end":{"line":313,"column":0}},"313":{"start":{"line":314,"column":0},"end":{"line":314,"column":57}},"314":{"start":{"line":315,"column":0},"end":{"line":315,"column":76}},"315":{"start":{"line":316,"column":0},"end":{"line":316,"column":5}},"316":{"start":{"line":317,"column":0},"end":{"line":317,"column":0}},"317":{"start":{"line":318,"column":0},"end":{"line":318,"column":47}},"318":{"start":{"line":319,"column":0},"end":{"line":319,"column":23}},"319":{"start":{"line":320,"column":0},"end":{"line":320,"column":50}},"320":{"start":{"line":321,"column":0},"end":{"line":321,"column":7}},"321":{"start":{"line":322,"column":0},"end":{"line":322,"column":0}},"322":{"start":{"line":323,"column":0},"end":{"line":323,"column":40}},"323":{"start":{"line":324,"column":0},"end":{"line":324,"column":30}},"324":{"start":{"line":325,"column":0},"end":{"line":325,"column":0}},"325":{"start":{"line":326,"column":0},"end":{"line":326,"column":50}},"326":{"start":{"line":327,"column":0},"end":{"line":327,"column":35}},"327":{"start":{"line":328,"column":0},"end":{"line":328,"column":0}},"328":{"start":{"line":329,"column":0},"end":{"line":329,"column":19}},"329":{"start":{"line":330,"column":0},"end":{"line":330,"column":16}},"330":{"start":{"line":331,"column":0},"end":{"line":331,"column":20}},"331":{"start":{"line":332,"column":0},"end":{"line":332,"column":65}},"332":{"start":{"line":333,"column":0},"end":{"line":333,"column":5}},"333":{"start":{"line":334,"column":0},"end":{"line":334,"column":0}},"334":{"start":{"line":335,"column":0},"end":{"line":335,"column":38}},"335":{"start":{"line":336,"column":0},"end":{"line":336,"column":80}},"336":{"start":{"line":337,"column":0},"end":{"line":337,"column":5}},"337":{"start":{"line":338,"column":0},"end":{"line":338,"column":0}},"338":{"start":{"line":339,"column":0},"end":{"line":339,"column":42}},"339":{"start":{"line":340,"column":0},"end":{"line":340,"column":0}},"340":{"start":{"line":341,"column":0},"end":{"line":341,"column":27}},"341":{"start":{"line":342,"column":0},"end":{"line":342,"column":7}},"342":{"start":{"line":343,"column":0},"end":{"line":343,"column":31}},"343":{"start":{"line":344,"column":0},"end":{"line":344,"column":36}},"344":{"start":{"line":345,"column":0},"end":{"line":345,"column":23}},"345":{"start":{"line":346,"column":0},"end":{"line":346,"column":61}},"346":{"start":{"line":347,"column":0},"end":{"line":347,"column":8}},"347":{"start":{"line":348,"column":0},"end":{"line":348,"column":29}},"348":{"start":{"line":349,"column":0},"end":{"line":349,"column":26}},"349":{"start":{"line":350,"column":0},"end":{"line":350,"column":6}},"350":{"start":{"line":351,"column":0},"end":{"line":351,"column":0}},"351":{"start":{"line":352,"column":0},"end":{"line":352,"column":21}},"352":{"start":{"line":353,"column":0},"end":{"line":353,"column":45}},"353":{"start":{"line":354,"column":0},"end":{"line":354,"column":12}},"354":{"start":{"line":355,"column":0},"end":{"line":355,"column":21}},"355":{"start":{"line":356,"column":0},"end":{"line":356,"column":33}},"356":{"start":{"line":357,"column":0},"end":{"line":357,"column":7}},"357":{"start":{"line":358,"column":0},"end":{"line":358,"column":19}},"358":{"start":{"line":359,"column":0},"end":{"line":359,"column":53}},"359":{"start":{"line":360,"column":0},"end":{"line":360,"column":3}},"360":{"start":{"line":361,"column":0},"end":{"line":361,"column":2}},"361":{"start":{"line":362,"column":0},"end":{"line":362,"column":0}},"362":{"start":{"line":363,"column":0},"end":{"line":363,"column":45}},"363":{"start":{"line":364,"column":0},"end":{"line":364,"column":26}},"364":{"start":{"line":365,"column":0},"end":{"line":365,"column":7}},"365":{"start":{"line":366,"column":0},"end":{"line":366,"column":56}},"366":{"start":{"line":367,"column":0},"end":{"line":367,"column":74}},"367":{"start":{"line":368,"column":0},"end":{"line":368,"column":34}},"368":{"start":{"line":369,"column":0},"end":{"line":369,"column":17}},"369":{"start":{"line":370,"column":0},"end":{"line":370,"column":45}},"370":{"start":{"line":371,"column":0},"end":{"line":371,"column":54}},"371":{"start":{"line":372,"column":0},"end":{"line":372,"column":3}},"372":{"start":{"line":373,"column":0},"end":{"line":373,"column":2}},"373":{"start":{"line":374,"column":0},"end":{"line":374,"column":0}},"374":{"start":{"line":375,"column":0},"end":{"line":375,"column":40}},"375":{"start":{"line":376,"column":0},"end":{"line":376,"column":7}},"376":{"start":{"line":377,"column":0},"end":{"line":377,"column":33}},"377":{"start":{"line":378,"column":0},"end":{"line":378,"column":0}},"378":{"start":{"line":379,"column":0},"end":{"line":379,"column":47}},"379":{"start":{"line":380,"column":0},"end":{"line":380,"column":23}},"380":{"start":{"line":381,"column":0},"end":{"line":381,"column":50}},"381":{"start":{"line":382,"column":0},"end":{"line":382,"column":7}},"382":{"start":{"line":383,"column":0},"end":{"line":383,"column":0}},"383":{"start":{"line":384,"column":0},"end":{"line":384,"column":40}},"384":{"start":{"line":385,"column":0},"end":{"line":385,"column":41}},"385":{"start":{"line":386,"column":0},"end":{"line":386,"column":0}},"386":{"start":{"line":387,"column":0},"end":{"line":387,"column":51}},"387":{"start":{"line":388,"column":0},"end":{"line":388,"column":0}},"388":{"start":{"line":389,"column":0},"end":{"line":389,"column":19}},"389":{"start":{"line":390,"column":0},"end":{"line":390,"column":60}},"390":{"start":{"line":391,"column":0},"end":{"line":391,"column":16}},"391":{"start":{"line":392,"column":0},"end":{"line":392,"column":80}},"392":{"start":{"line":393,"column":0},"end":{"line":393,"column":0}},"393":{"start":{"line":394,"column":0},"end":{"line":394,"column":50}},"394":{"start":{"line":395,"column":0},"end":{"line":395,"column":65}},"395":{"start":{"line":396,"column":0},"end":{"line":396,"column":0}},"396":{"start":{"line":397,"column":0},"end":{"line":397,"column":38}},"397":{"start":{"line":398,"column":0},"end":{"line":398,"column":23}},"398":{"start":{"line":399,"column":0},"end":{"line":399,"column":14}},"399":{"start":{"line":400,"column":0},"end":{"line":400,"column":38}},"400":{"start":{"line":401,"column":0},"end":{"line":401,"column":27}},"401":{"start":{"line":402,"column":0},"end":{"line":402,"column":25}},"402":{"start":{"line":403,"column":0},"end":{"line":403,"column":25}},"403":{"start":{"line":404,"column":0},"end":{"line":404,"column":26}},"404":{"start":{"line":405,"column":0},"end":{"line":405,"column":9}},"405":{"start":{"line":406,"column":0},"end":{"line":406,"column":0}},"406":{"start":{"line":407,"column":0},"end":{"line":407,"column":58}},"407":{"start":{"line":408,"column":0},"end":{"line":408,"column":5}},"408":{"start":{"line":409,"column":0},"end":{"line":409,"column":0}},"409":{"start":{"line":410,"column":0},"end":{"line":410,"column":29}},"410":{"start":{"line":411,"column":0},"end":{"line":411,"column":78}},"411":{"start":{"line":412,"column":0},"end":{"line":412,"column":0}},"412":{"start":{"line":413,"column":0},"end":{"line":413,"column":36}},"413":{"start":{"line":414,"column":0},"end":{"line":414,"column":68}},"414":{"start":{"line":415,"column":0},"end":{"line":415,"column":0}},"415":{"start":{"line":416,"column":0},"end":{"line":416,"column":27}},"416":{"start":{"line":417,"column":0},"end":{"line":417,"column":58}},"417":{"start":{"line":418,"column":0},"end":{"line":418,"column":29}},"418":{"start":{"line":419,"column":0},"end":{"line":419,"column":26}},"419":{"start":{"line":420,"column":0},"end":{"line":420,"column":6}},"420":{"start":{"line":421,"column":0},"end":{"line":421,"column":0}},"421":{"start":{"line":422,"column":0},"end":{"line":422,"column":64}},"422":{"start":{"line":423,"column":0},"end":{"line":423,"column":19}},"423":{"start":{"line":424,"column":0},"end":{"line":424,"column":53}},"424":{"start":{"line":425,"column":0},"end":{"line":425,"column":3}},"425":{"start":{"line":426,"column":0},"end":{"line":426,"column":2}},"426":{"start":{"line":427,"column":0},"end":{"line":427,"column":0}},"427":{"start":{"line":428,"column":0},"end":{"line":428,"column":42}},"428":{"start":{"line":429,"column":0},"end":{"line":429,"column":7}},"429":{"start":{"line":430,"column":0},"end":{"line":430,"column":57}},"430":{"start":{"line":431,"column":0},"end":{"line":431,"column":0}},"431":{"start":{"line":432,"column":0},"end":{"line":432,"column":53}},"432":{"start":{"line":433,"column":0},"end":{"line":433,"column":59}},"433":{"start":{"line":434,"column":0},"end":{"line":434,"column":47}},"434":{"start":{"line":435,"column":0},"end":{"line":435,"column":0}},"435":{"start":{"line":436,"column":0},"end":{"line":436,"column":19}},"436":{"start":{"line":437,"column":0},"end":{"line":437,"column":35}},"437":{"start":{"line":438,"column":0},"end":{"line":438,"column":37}},"438":{"start":{"line":439,"column":0},"end":{"line":439,"column":9}},"439":{"start":{"line":440,"column":0},"end":{"line":440,"column":5}},"440":{"start":{"line":441,"column":0},"end":{"line":441,"column":0}},"441":{"start":{"line":442,"column":0},"end":{"line":442,"column":14}},"442":{"start":{"line":443,"column":0},"end":{"line":443,"column":37}},"443":{"start":{"line":444,"column":0},"end":{"line":444,"column":20}},"444":{"start":{"line":445,"column":0},"end":{"line":445,"column":7}},"445":{"start":{"line":446,"column":0},"end":{"line":446,"column":19}},"446":{"start":{"line":447,"column":0},"end":{"line":447,"column":26}},"447":{"start":{"line":448,"column":0},"end":{"line":448,"column":30}},"448":{"start":{"line":449,"column":0},"end":{"line":449,"column":27}},"449":{"start":{"line":450,"column":0},"end":{"line":450,"column":7}},"450":{"start":{"line":451,"column":0},"end":{"line":451,"column":3}},"451":{"start":{"line":452,"column":0},"end":{"line":452,"column":2}},"452":{"start":{"line":453,"column":0},"end":{"line":453,"column":43}},"453":{"start":{"line":454,"column":0},"end":{"line":454,"column":7}},"454":{"start":{"line":455,"column":0},"end":{"line":455,"column":41}},"455":{"start":{"line":456,"column":0},"end":{"line":456,"column":0}},"456":{"start":{"line":457,"column":0},"end":{"line":457,"column":53}},"457":{"start":{"line":458,"column":0},"end":{"line":458,"column":0}},"458":{"start":{"line":459,"column":0},"end":{"line":459,"column":26}},"459":{"start":{"line":460,"column":0},"end":{"line":460,"column":44}},"460":{"start":{"line":461,"column":0},"end":{"line":461,"column":0}},"461":{"start":{"line":462,"column":0},"end":{"line":462,"column":43}},"462":{"start":{"line":463,"column":0},"end":{"line":463,"column":35}},"463":{"start":{"line":464,"column":0},"end":{"line":464,"column":46}},"464":{"start":{"line":465,"column":0},"end":{"line":465,"column":9}},"465":{"start":{"line":466,"column":0},"end":{"line":466,"column":5}},"466":{"start":{"line":467,"column":0},"end":{"line":467,"column":0}},"467":{"start":{"line":468,"column":0},"end":{"line":468,"column":54}},"468":{"start":{"line":469,"column":0},"end":{"line":469,"column":0}},"469":{"start":{"line":470,"column":0},"end":{"line":470,"column":19}},"470":{"start":{"line":471,"column":0},"end":{"line":471,"column":35}},"471":{"start":{"line":472,"column":0},"end":{"line":472,"column":37}},"472":{"start":{"line":473,"column":0},"end":{"line":473,"column":9}},"473":{"start":{"line":474,"column":0},"end":{"line":474,"column":5}},"474":{"start":{"line":475,"column":0},"end":{"line":475,"column":0}},"475":{"start":{"line":476,"column":0},"end":{"line":476,"column":19}},"476":{"start":{"line":477,"column":0},"end":{"line":477,"column":60}},"477":{"start":{"line":478,"column":0},"end":{"line":478,"column":51}},"478":{"start":{"line":479,"column":0},"end":{"line":479,"column":66}},"479":{"start":{"line":480,"column":0},"end":{"line":480,"column":0}},"480":{"start":{"line":481,"column":0},"end":{"line":481,"column":25}},"481":{"start":{"line":482,"column":0},"end":{"line":482,"column":0}},"482":{"start":{"line":483,"column":0},"end":{"line":483,"column":52}},"483":{"start":{"line":484,"column":0},"end":{"line":484,"column":34}},"484":{"start":{"line":485,"column":0},"end":{"line":485,"column":32}},"485":{"start":{"line":486,"column":0},"end":{"line":486,"column":0}},"486":{"start":{"line":487,"column":0},"end":{"line":487,"column":14}},"487":{"start":{"line":488,"column":0},"end":{"line":488,"column":45}},"488":{"start":{"line":489,"column":0},"end":{"line":489,"column":19}},"489":{"start":{"line":490,"column":0},"end":{"line":490,"column":7}},"490":{"start":{"line":491,"column":0},"end":{"line":491,"column":19}},"491":{"start":{"line":492,"column":0},"end":{"line":492,"column":26}},"492":{"start":{"line":493,"column":0},"end":{"line":493,"column":30}},"493":{"start":{"line":494,"column":0},"end":{"line":494,"column":27}},"494":{"start":{"line":495,"column":0},"end":{"line":495,"column":7}},"495":{"start":{"line":496,"column":0},"end":{"line":496,"column":3}},"496":{"start":{"line":497,"column":0},"end":{"line":497,"column":2}},"497":{"start":{"line":498,"column":0},"end":{"line":498,"column":44}},"498":{"start":{"line":499,"column":0},"end":{"line":499,"column":7}},"499":{"start":{"line":500,"column":0},"end":{"line":500,"column":41}},"500":{"start":{"line":501,"column":0},"end":{"line":501,"column":67}},"501":{"start":{"line":502,"column":0},"end":{"line":502,"column":0}},"502":{"start":{"line":503,"column":0},"end":{"line":503,"column":59}},"503":{"start":{"line":504,"column":0},"end":{"line":504,"column":35}},"504":{"start":{"line":505,"column":0},"end":{"line":505,"column":50}},"505":{"start":{"line":506,"column":0},"end":{"line":506,"column":9}},"506":{"start":{"line":507,"column":0},"end":{"line":507,"column":5}},"507":{"start":{"line":508,"column":0},"end":{"line":508,"column":0}},"508":{"start":{"line":509,"column":0},"end":{"line":509,"column":42}},"509":{"start":{"line":510,"column":0},"end":{"line":510,"column":35}},"510":{"start":{"line":511,"column":0},"end":{"line":511,"column":48}},"511":{"start":{"line":512,"column":0},"end":{"line":512,"column":9}},"512":{"start":{"line":513,"column":0},"end":{"line":513,"column":5}},"513":{"start":{"line":514,"column":0},"end":{"line":514,"column":0}},"514":{"start":{"line":515,"column":0},"end":{"line":515,"column":79}},"515":{"start":{"line":516,"column":0},"end":{"line":516,"column":0}},"516":{"start":{"line":517,"column":0},"end":{"line":517,"column":19}},"517":{"start":{"line":518,"column":0},"end":{"line":518,"column":35}},"518":{"start":{"line":519,"column":0},"end":{"line":519,"column":41}},"519":{"start":{"line":520,"column":0},"end":{"line":520,"column":9}},"520":{"start":{"line":521,"column":0},"end":{"line":521,"column":5}},"521":{"start":{"line":522,"column":0},"end":{"line":522,"column":0}},"522":{"start":{"line":523,"column":0},"end":{"line":523,"column":33}},"523":{"start":{"line":524,"column":0},"end":{"line":524,"column":35}},"524":{"start":{"line":525,"column":0},"end":{"line":525,"column":59}},"525":{"start":{"line":526,"column":0},"end":{"line":526,"column":9}},"526":{"start":{"line":527,"column":0},"end":{"line":527,"column":5}},"527":{"start":{"line":528,"column":0},"end":{"line":528,"column":0}},"528":{"start":{"line":529,"column":0},"end":{"line":529,"column":77}},"529":{"start":{"line":530,"column":0},"end":{"line":530,"column":0}},"530":{"start":{"line":531,"column":0},"end":{"line":531,"column":19}},"531":{"start":{"line":532,"column":0},"end":{"line":532,"column":35}},"532":{"start":{"line":533,"column":0},"end":{"line":533,"column":42}},"533":{"start":{"line":534,"column":0},"end":{"line":534,"column":9}},"534":{"start":{"line":535,"column":0},"end":{"line":535,"column":5}},"535":{"start":{"line":536,"column":0},"end":{"line":536,"column":0}},"536":{"start":{"line":537,"column":0},"end":{"line":537,"column":43}},"537":{"start":{"line":538,"column":0},"end":{"line":538,"column":35}},"538":{"start":{"line":539,"column":0},"end":{"line":539,"column":39}},"539":{"start":{"line":540,"column":0},"end":{"line":540,"column":9}},"540":{"start":{"line":541,"column":0},"end":{"line":541,"column":5}},"541":{"start":{"line":542,"column":0},"end":{"line":542,"column":0}},"542":{"start":{"line":543,"column":0},"end":{"line":543,"column":62}},"543":{"start":{"line":544,"column":0},"end":{"line":544,"column":0}},"544":{"start":{"line":545,"column":0},"end":{"line":545,"column":43}},"545":{"start":{"line":546,"column":0},"end":{"line":546,"column":25}},"546":{"start":{"line":547,"column":0},"end":{"line":547,"column":0}},"547":{"start":{"line":548,"column":0},"end":{"line":548,"column":14}},"548":{"start":{"line":549,"column":0},"end":{"line":549,"column":41}},"549":{"start":{"line":550,"column":0},"end":{"line":550,"column":7}},"550":{"start":{"line":551,"column":0},"end":{"line":551,"column":19}},"551":{"start":{"line":552,"column":0},"end":{"line":552,"column":26}},"552":{"start":{"line":553,"column":0},"end":{"line":553,"column":29}},"553":{"start":{"line":554,"column":0},"end":{"line":554,"column":7}},"554":{"start":{"line":555,"column":0},"end":{"line":555,"column":3}},"555":{"start":{"line":556,"column":0},"end":{"line":556,"column":2}},"556":{"start":{"line":557,"column":0},"end":{"line":557,"column":0}},"557":{"start":{"line":558,"column":0},"end":{"line":558,"column":45}},"558":{"start":{"line":559,"column":0},"end":{"line":559,"column":46}},"559":{"start":{"line":560,"column":0},"end":{"line":560,"column":7}},"560":{"start":{"line":561,"column":0},"end":{"line":561,"column":41}},"561":{"start":{"line":562,"column":0},"end":{"line":562,"column":0}},"562":{"start":{"line":563,"column":0},"end":{"line":563,"column":47}},"563":{"start":{"line":564,"column":0},"end":{"line":564,"column":50}},"564":{"start":{"line":565,"column":0},"end":{"line":565,"column":0}},"565":{"start":{"line":566,"column":0},"end":{"line":566,"column":36}},"566":{"start":{"line":567,"column":0},"end":{"line":567,"column":0}},"567":{"start":{"line":568,"column":0},"end":{"line":568,"column":51}},"568":{"start":{"line":569,"column":0},"end":{"line":569,"column":28}},"569":{"start":{"line":570,"column":0},"end":{"line":570,"column":6}},"570":{"start":{"line":571,"column":0},"end":{"line":571,"column":31}},"571":{"start":{"line":572,"column":0},"end":{"line":572,"column":17}},"572":{"start":{"line":573,"column":0},"end":{"line":573,"column":20}},"573":{"start":{"line":574,"column":0},"end":{"line":574,"column":0}},"574":{"start":{"line":575,"column":0},"end":{"line":575,"column":53}},"575":{"start":{"line":576,"column":0},"end":{"line":576,"column":28}},"576":{"start":{"line":577,"column":0},"end":{"line":577,"column":7}},"577":{"start":{"line":578,"column":0},"end":{"line":578,"column":0}},"578":{"start":{"line":579,"column":0},"end":{"line":579,"column":14}},"579":{"start":{"line":580,"column":0},"end":{"line":580,"column":55}},"580":{"start":{"line":581,"column":0},"end":{"line":581,"column":26}},"581":{"start":{"line":582,"column":0},"end":{"line":582,"column":19}},"582":{"start":{"line":583,"column":0},"end":{"line":583,"column":14}},"583":{"start":{"line":584,"column":0},"end":{"line":584,"column":13}},"584":{"start":{"line":585,"column":0},"end":{"line":585,"column":14}},"585":{"start":{"line":586,"column":0},"end":{"line":586,"column":45}},"586":{"start":{"line":587,"column":0},"end":{"line":587,"column":8}},"587":{"start":{"line":588,"column":0},"end":{"line":588,"column":7}},"588":{"start":{"line":589,"column":0},"end":{"line":589,"column":19}},"589":{"start":{"line":590,"column":0},"end":{"line":590,"column":53}},"590":{"start":{"line":591,"column":0},"end":{"line":591,"column":3}},"591":{"start":{"line":592,"column":0},"end":{"line":592,"column":2}},"592":{"start":{"line":593,"column":0},"end":{"line":593,"column":0}},"593":{"start":{"line":594,"column":0},"end":{"line":594,"column":46}},"594":{"start":{"line":595,"column":0},"end":{"line":595,"column":51}},"595":{"start":{"line":596,"column":0},"end":{"line":596,"column":10}},"596":{"start":{"line":597,"column":0},"end":{"line":597,"column":55}},"597":{"start":{"line":598,"column":0},"end":{"line":598,"column":0}},"598":{"start":{"line":599,"column":0},"end":{"line":599,"column":55}},"599":{"start":{"line":600,"column":0},"end":{"line":600,"column":20}},"600":{"start":{"line":601,"column":0},"end":{"line":601,"column":15}},"601":{"start":{"line":602,"column":0},"end":{"line":602,"column":17}},"602":{"start":{"line":603,"column":0},"end":{"line":603,"column":10}},"603":{"start":{"line":604,"column":0},"end":{"line":604,"column":0}},"604":{"start":{"line":605,"column":0},"end":{"line":605,"column":29}},"605":{"start":{"line":606,"column":0},"end":{"line":606,"column":48}},"606":{"start":{"line":607,"column":0},"end":{"line":607,"column":28}},"607":{"start":{"line":608,"column":0},"end":{"line":608,"column":10}},"608":{"start":{"line":609,"column":0},"end":{"line":609,"column":22}},"609":{"start":{"line":610,"column":0},"end":{"line":610,"column":56}},"610":{"start":{"line":611,"column":0},"end":{"line":611,"column":6}},"611":{"start":{"line":612,"column":0},"end":{"line":612,"column":5}},"612":{"start":{"line":613,"column":0},"end":{"line":613,"column":0}},"613":{"start":{"line":614,"column":0},"end":{"line":614,"column":32}},"614":{"start":{"line":615,"column":0},"end":{"line":615,"column":40}},"615":{"start":{"line":616,"column":0},"end":{"line":616,"column":7}},"616":{"start":{"line":617,"column":0},"end":{"line":617,"column":30}},"617":{"start":{"line":618,"column":0},"end":{"line":618,"column":0}},"618":{"start":{"line":619,"column":0},"end":{"line":619,"column":62}},"619":{"start":{"line":620,"column":0},"end":{"line":620,"column":9}},"620":{"start":{"line":621,"column":0},"end":{"line":621,"column":24}},"621":{"start":{"line":622,"column":0},"end":{"line":622,"column":20}},"622":{"start":{"line":623,"column":0},"end":{"line":623,"column":6}},"623":{"start":{"line":624,"column":0},"end":{"line":624,"column":0}},"624":{"start":{"line":625,"column":0},"end":{"line":625,"column":24}},"625":{"start":{"line":626,"column":0},"end":{"line":626,"column":78}},"626":{"start":{"line":627,"column":0},"end":{"line":627,"column":5}},"627":{"start":{"line":628,"column":0},"end":{"line":628,"column":0}},"628":{"start":{"line":629,"column":0},"end":{"line":629,"column":14}},"629":{"start":{"line":630,"column":0},"end":{"line":630,"column":36}},"630":{"start":{"line":631,"column":0},"end":{"line":631,"column":25}},"631":{"start":{"line":632,"column":0},"end":{"line":632,"column":7}},"632":{"start":{"line":633,"column":0},"end":{"line":633,"column":19}},"633":{"start":{"line":634,"column":0},"end":{"line":634,"column":53}},"634":{"start":{"line":635,"column":0},"end":{"line":635,"column":3}},"635":{"start":{"line":636,"column":0},"end":{"line":636,"column":2}},"636":{"start":{"line":637,"column":0},"end":{"line":637,"column":0}},"637":{"start":{"line":638,"column":0},"end":{"line":638,"column":24}},"638":{"start":{"line":639,"column":0},"end":{"line":639,"column":43}},"639":{"start":{"line":640,"column":0},"end":{"line":640,"column":7}},"640":{"start":{"line":641,"column":0},"end":{"line":641,"column":41}},"641":{"start":{"line":642,"column":0},"end":{"line":642,"column":0}},"642":{"start":{"line":643,"column":0},"end":{"line":643,"column":34}},"643":{"start":{"line":644,"column":0},"end":{"line":644,"column":48}},"644":{"start":{"line":645,"column":0},"end":{"line":645,"column":34}},"645":{"start":{"line":646,"column":0},"end":{"line":646,"column":6}},"646":{"start":{"line":647,"column":0},"end":{"line":647,"column":0}},"647":{"start":{"line":648,"column":0},"end":{"line":648,"column":14}},"648":{"start":{"line":649,"column":0},"end":{"line":649,"column":46}},"649":{"start":{"line":650,"column":0},"end":{"line":650,"column":7}},"650":{"start":{"line":651,"column":0},"end":{"line":651,"column":19}},"651":{"start":{"line":652,"column":0},"end":{"line":652,"column":53}},"652":{"start":{"line":653,"column":0},"end":{"line":653,"column":3}},"653":{"start":{"line":654,"column":0},"end":{"line":654,"column":2}},"654":{"start":{"line":655,"column":0},"end":{"line":655,"column":0}},"655":{"start":{"line":656,"column":0},"end":{"line":656,"column":21}},"656":{"start":{"line":657,"column":0},"end":{"line":657,"column":48}},"657":{"start":{"line":658,"column":0},"end":{"line":658,"column":7}},"658":{"start":{"line":659,"column":0},"end":{"line":659,"column":30}},"659":{"start":{"line":660,"column":0},"end":{"line":660,"column":0}},"660":{"start":{"line":661,"column":0},"end":{"line":661,"column":66}},"661":{"start":{"line":662,"column":0},"end":{"line":662,"column":0}},"662":{"start":{"line":663,"column":0},"end":{"line":663,"column":24}},"663":{"start":{"line":664,"column":0},"end":{"line":664,"column":78}},"664":{"start":{"line":665,"column":0},"end":{"line":665,"column":5}},"665":{"start":{"line":666,"column":0},"end":{"line":666,"column":0}},"666":{"start":{"line":667,"column":0},"end":{"line":667,"column":14}},"667":{"start":{"line":668,"column":0},"end":{"line":668,"column":45}},"668":{"start":{"line":669,"column":0},"end":{"line":669,"column":7}},"669":{"start":{"line":670,"column":0},"end":{"line":670,"column":19}},"670":{"start":{"line":671,"column":0},"end":{"line":671,"column":53}},"671":{"start":{"line":672,"column":0},"end":{"line":672,"column":3}},"672":{"start":{"line":673,"column":0},"end":{"line":673,"column":2}},"673":{"start":{"line":674,"column":0},"end":{"line":674,"column":0}},"674":{"start":{"line":675,"column":0},"end":{"line":675,"column":35}},"675":{"start":{"line":676,"column":0},"end":{"line":676,"column":52}},"676":{"start":{"line":677,"column":0},"end":{"line":677,"column":7}},"677":{"start":{"line":678,"column":0},"end":{"line":678,"column":41}},"678":{"start":{"line":679,"column":0},"end":{"line":679,"column":0}},"679":{"start":{"line":680,"column":0},"end":{"line":680,"column":61}},"680":{"start":{"line":681,"column":0},"end":{"line":681,"column":0}},"681":{"start":{"line":682,"column":0},"end":{"line":682,"column":14}},"682":{"start":{"line":683,"column":0},"end":{"line":683,"column":44}},"683":{"start":{"line":684,"column":0},"end":{"line":684,"column":7}},"684":{"start":{"line":685,"column":0},"end":{"line":685,"column":19}},"685":{"start":{"line":686,"column":0},"end":{"line":686,"column":53}},"686":{"start":{"line":687,"column":0},"end":{"line":687,"column":3}},"687":{"start":{"line":688,"column":0},"end":{"line":688,"column":2}},"688":{"start":{"line":689,"column":0},"end":{"line":689,"column":0}},"689":{"start":{"line":690,"column":0},"end":{"line":690,"column":18}},"690":{"start":{"line":691,"column":0},"end":{"line":691,"column":41}},"691":{"start":{"line":692,"column":0},"end":{"line":692,"column":7}},"692":{"start":{"line":693,"column":0},"end":{"line":693,"column":41}},"693":{"start":{"line":694,"column":0},"end":{"line":694,"column":0}},"694":{"start":{"line":695,"column":0},"end":{"line":695,"column":53}},"695":{"start":{"line":696,"column":0},"end":{"line":696,"column":28}},"696":{"start":{"line":697,"column":0},"end":{"line":697,"column":21}},"697":{"start":{"line":698,"column":0},"end":{"line":698,"column":7}},"698":{"start":{"line":699,"column":0},"end":{"line":699,"column":0}},"699":{"start":{"line":700,"column":0},"end":{"line":700,"column":14}},"700":{"start":{"line":701,"column":0},"end":{"line":701,"column":20}},"701":{"start":{"line":702,"column":0},"end":{"line":702,"column":7}},"702":{"start":{"line":703,"column":0},"end":{"line":703,"column":19}},"703":{"start":{"line":704,"column":0},"end":{"line":704,"column":53}},"704":{"start":{"line":705,"column":0},"end":{"line":705,"column":3}},"705":{"start":{"line":706,"column":0},"end":{"line":706,"column":2}},"706":{"start":{"line":707,"column":0},"end":{"line":707,"column":0}},"707":{"start":{"line":708,"column":0},"end":{"line":708,"column":22}},"708":{"start":{"line":709,"column":0},"end":{"line":709,"column":48}},"709":{"start":{"line":710,"column":0},"end":{"line":710,"column":7}},"710":{"start":{"line":711,"column":0},"end":{"line":711,"column":41}},"711":{"start":{"line":712,"column":0},"end":{"line":712,"column":0}},"712":{"start":{"line":713,"column":0},"end":{"line":713,"column":61}},"713":{"start":{"line":714,"column":0},"end":{"line":714,"column":29}},"714":{"start":{"line":715,"column":0},"end":{"line":715,"column":6}},"715":{"start":{"line":716,"column":0},"end":{"line":716,"column":0}},"716":{"start":{"line":717,"column":0},"end":{"line":717,"column":19}},"717":{"start":{"line":718,"column":0},"end":{"line":718,"column":35}},"718":{"start":{"line":719,"column":0},"end":{"line":719,"column":37}},"719":{"start":{"line":720,"column":0},"end":{"line":720,"column":9}},"720":{"start":{"line":721,"column":0},"end":{"line":721,"column":5}},"721":{"start":{"line":722,"column":0},"end":{"line":722,"column":0}},"722":{"start":{"line":723,"column":0},"end":{"line":723,"column":26}},"723":{"start":{"line":724,"column":0},"end":{"line":724,"column":25}},"724":{"start":{"line":725,"column":0},"end":{"line":725,"column":22}},"725":{"start":{"line":726,"column":0},"end":{"line":726,"column":19}},"726":{"start":{"line":727,"column":0},"end":{"line":727,"column":6}},"727":{"start":{"line":728,"column":0},"end":{"line":728,"column":0}},"728":{"start":{"line":729,"column":0},"end":{"line":729,"column":14}},"729":{"start":{"line":730,"column":0},"end":{"line":730,"column":39}},"730":{"start":{"line":731,"column":0},"end":{"line":731,"column":38}},"731":{"start":{"line":732,"column":0},"end":{"line":732,"column":7}},"732":{"start":{"line":733,"column":0},"end":{"line":733,"column":19}},"733":{"start":{"line":734,"column":0},"end":{"line":734,"column":26}},"734":{"start":{"line":735,"column":0},"end":{"line":735,"column":30}},"735":{"start":{"line":736,"column":0},"end":{"line":736,"column":27}},"736":{"start":{"line":737,"column":0},"end":{"line":737,"column":7}},"737":{"start":{"line":738,"column":0},"end":{"line":738,"column":3}},"738":{"start":{"line":739,"column":0},"end":{"line":739,"column":2}},"739":{"start":{"line":740,"column":0},"end":{"line":740,"column":0}},"740":{"start":{"line":741,"column":0},"end":{"line":741,"column":18}},"741":{"start":{"line":742,"column":0},"end":{"line":742,"column":18}},"742":{"start":{"line":743,"column":0},"end":{"line":743,"column":11}},"743":{"start":{"line":744,"column":0},"end":{"line":744,"column":12}},"744":{"start":{"line":745,"column":0},"end":{"line":745,"column":17}},"745":{"start":{"line":746,"column":0},"end":{"line":746,"column":17}},"746":{"start":{"line":747,"column":0},"end":{"line":747,"column":8}},"747":{"start":{"line":748,"column":0},"end":{"line":748,"column":14}},"748":{"start":{"line":749,"column":0},"end":{"line":749,"column":12}},"749":{"start":{"line":750,"column":0},"end":{"line":750,"column":13}},"750":{"start":{"line":751,"column":0},"end":{"line":751,"column":15}},"751":{"start":{"line":752,"column":0},"end":{"line":752,"column":16}},"752":{"start":{"line":753,"column":0},"end":{"line":753,"column":17}},"753":{"start":{"line":754,"column":0},"end":{"line":754,"column":19}},"754":{"start":{"line":755,"column":0},"end":{"line":755,"column":13}},"755":{"start":{"line":756,"column":0},"end":{"line":756,"column":16}},"756":{"start":{"line":757,"column":0},"end":{"line":757,"column":21}},"757":{"start":{"line":758,"column":0},"end":{"line":758,"column":25}},"758":{"start":{"line":759,"column":0},"end":{"line":759,"column":14}},"759":{"start":{"line":760,"column":0},"end":{"line":760,"column":20}},"760":{"start":{"line":761,"column":0},"end":{"line":761,"column":2}}},"s":{"0":1,"1":1,"2":1,"3":1,"4":1,"5":1,"6":1,"7":1,"8":1,"9":1,"10":1,"11":1,"12":1,"13":1,"14":1,"15":1,"16":1,"17":1,"18":1,"19":1,"20":1,"21":1,"22":1,"23":1,"24":6,"25":6,"26":6,"27":6,"28":6,"29":1,"30":1,"31":1,"32":1,"33":5,"34":6,"35":1,"36":1,"37":1,"38":1,"39":4,"40":6,"41":0,"42":0,"43":0,"44":0,"45":4,"46":4,"47":6,"48":3,"49":3,"50":4,"51":4,"52":4,"53":6,"54":1,"55":1,"56":1,"57":1,"58":2,"59":2,"60":2,"61":2,"62":2,"63":2,"64":2,"65":2,"66":2,"67":2,"68":2,"69":2,"70":2,"71":1,"72":1,"73":1,"74":1,"75":1,"76":1,"77":1,"78":1,"79":1,"80":1,"81":1,"82":1,"83":1,"84":1,"85":1,"86":6,"87":2,"88":1,"89":1,"90":1,"91":1,"92":1,"93":1,"94":1,"95":1,"96":1,"97":6,"98":1,"99":1,"100":1,"101":6,"102":6,"103":6,"104":6,"105":6,"106":6,"107":6,"108":6,"109":5,"110":5,"111":6,"112":4,"113":6,"114":1,"115":1,"116":1,"117":3,"118":6,"119":1,"120":1,"121":1,"122":2,"123":6,"124":1,"125":1,"126":1,"127":0,"128":0,"129":0,"130":1,"131":1,"132":1,"133":1,"134":1,"135":1,"136":1,"137":1,"138":1,"139":6,"140":0,"141":0,"142":6,"143":1,"144":1,"145":1,"146":3,"147":3,"148":3,"149":3,"150":3,"151":3,"152":1,"153":1,"154":2,"155":3,"156":1,"157":1,"158":1,"159":1,"160":1,"161":1,"162":1,"163":1,"164":1,"165":1,"166":1,"167":1,"168":1,"169":1,"170":1,"171":1,"172":1,"173":1,"174":1,"175":3,"176":0,"177":0,"178":0,"179":3,"180":1,"181":1,"182":3,"183":3,"184":3,"185":3,"186":0,"187":0,"188":3,"189":3,"190":3,"191":3,"192":3,"193":3,"194":3,"195":3,"196":3,"197":3,"198":3,"199":3,"200":2,"201":2,"202":2,"203":3,"204":1,"205":1,"206":1,"207":1,"208":1,"209":1,"210":1,"211":1,"212":1,"213":1,"214":1,"215":1,"216":1,"217":1,"218":1,"219":1,"220":1,"221":1,"222":1,"223":3,"224":0,"225":0,"226":0,"227":0,"228":0,"229":3,"230":1,"231":1,"232":4,"233":4,"234":4,"235":4,"236":4,"237":4,"238":4,"239":3,"240":3,"241":4,"242":2,"243":2,"244":1,"245":1,"246":4,"247":1,"248":1,"249":1,"250":1,"251":1,"252":1,"253":1,"254":1,"255":1,"256":1,"257":4,"258":0,"259":0,"260":4,"261":1,"262":1,"263":5,"264":5,"265":5,"266":5,"267":5,"268":5,"269":5,"270":5,"271":5,"272":5,"273":4,"274":4,"275":5,"276":1,"277":1,"278":3,"279":3,"280":5,"281":2,"282":2,"283":5,"284":1,"285":1,"286":1,"287":1,"288":1,"289":1,"290":1,"291":1,"292":5,"293":5,"294":5,"295":5,"296":5,"297":5,"298":5,"299":5,"300":5,"301":5,"302":5,"303":5,"304":5,"305":0,"306":0,"307":5,"308":1,"309":1,"310":3,"311":3,"312":3,"313":3,"314":0,"315":0,"316":3,"317":3,"318":3,"319":3,"320":3,"321":3,"322":3,"323":3,"324":3,"325":3,"326":3,"327":3,"328":3,"329":1,"330":1,"331":1,"332":1,"333":2,"334":3,"335":1,"336":1,"337":1,"338":1,"339":1,"340":1,"341":1,"342":1,"343":1,"344":1,"345":3,"346":3,"347":3,"348":3,"349":3,"350":3,"351":3,"352":3,"353":3,"354":3,"355":3,"356":3,"357":3,"358":0,"359":0,"360":3,"361":1,"362":1,"363":2,"364":2,"365":2,"366":2,"367":1,"368":2,"369":0,"370":0,"371":0,"372":2,"373":1,"374":1,"375":3,"376":3,"377":3,"378":3,"379":3,"380":3,"381":3,"382":3,"383":3,"384":3,"385":3,"386":3,"387":3,"388":3,"389":1,"390":1,"391":1,"392":1,"393":1,"394":1,"395":1,"396":1,"397":1,"398":1,"399":1,"400":1,"401":1,"402":1,"403":1,"404":1,"405":1,"406":1,"407":1,"408":3,"409":3,"410":3,"411":2,"412":2,"413":3,"414":1,"415":1,"416":1,"417":1,"418":1,"419":1,"420":1,"421":1,"422":3,"423":0,"424":0,"425":3,"426":1,"427":1,"428":2,"429":2,"430":2,"431":2,"432":2,"433":2,"434":2,"435":2,"436":1,"437":1,"438":1,"439":1,"440":1,"441":1,"442":1,"443":1,"444":1,"445":2,"446":0,"447":0,"448":0,"449":0,"450":0,"451":2,"452":1,"453":3,"454":3,"455":3,"456":3,"457":3,"458":3,"459":3,"460":3,"461":3,"462":1,"463":1,"464":1,"465":1,"466":2,"467":2,"468":2,"469":3,"470":1,"471":1,"472":1,"473":1,"474":1,"475":1,"476":1,"477":1,"478":3,"479":1,"480":1,"481":1,"482":1,"483":1,"484":1,"485":1,"486":1,"487":1,"488":1,"489":1,"490":3,"491":0,"492":0,"493":0,"494":0,"495":0,"496":3,"497":1,"498":6,"499":6,"500":6,"501":6,"502":6,"503":1,"504":1,"505":1,"506":1,"507":5,"508":6,"509":1,"510":1,"511":1,"512":1,"513":4,"514":4,"515":4,"516":6,"517":1,"518":1,"519":1,"520":1,"521":3,"522":6,"523":1,"524":1,"525":1,"526":1,"527":2,"528":2,"529":2,"530":6,"531":1,"532":1,"533":1,"534":1,"535":1,"536":6,"537":0,"538":0,"539":0,"540":0,"541":1,"542":1,"543":1,"544":1,"545":1,"546":1,"547":1,"548":1,"549":1,"550":6,"551":0,"552":0,"553":0,"554":0,"555":6,"556":1,"557":1,"558":1,"559":1,"560":1,"561":1,"562":1,"563":1,"564":1,"565":1,"566":1,"567":1,"568":1,"569":1,"570":1,"571":1,"572":1,"573":1,"574":1,"575":1,"576":1,"577":1,"578":1,"579":1,"580":1,"581":1,"582":1,"583":1,"584":1,"585":1,"586":1,"587":1,"588":1,"589":0,"590":0,"591":1,"592":1,"593":1,"594":1,"595":1,"596":1,"597":1,"598":1,"599":1,"600":1,"601":1,"602":1,"603":1,"604":1,"605":1,"606":1,"607":1,"608":1,"609":1,"610":1,"611":1,"612":1,"613":1,"614":1,"615":2,"616":2,"617":2,"618":2,"619":2,"620":2,"621":2,"622":2,"623":2,"624":2,"625":1,"626":1,"627":1,"628":1,"629":1,"630":1,"631":1,"632":2,"633":0,"634":0,"635":2,"636":1,"637":1,"638":1,"639":1,"640":1,"641":1,"642":1,"643":1,"644":1,"645":1,"646":1,"647":1,"648":1,"649":1,"650":1,"651":0,"652":0,"653":1,"654":1,"655":1,"656":1,"657":2,"658":2,"659":2,"660":2,"661":2,"662":2,"663":1,"664":1,"665":1,"666":1,"667":1,"668":1,"669":2,"670":0,"671":0,"672":2,"673":1,"674":1,"675":1,"676":1,"677":1,"678":1,"679":1,"680":1,"681":1,"682":1,"683":1,"684":1,"685":0,"686":0,"687":1,"688":1,"689":1,"690":1,"691":1,"692":1,"693":1,"694":1,"695":1,"696":1,"697":1,"698":1,"699":1,"700":1,"701":1,"702":1,"703":0,"704":0,"705":1,"706":1,"707":1,"708":1,"709":3,"710":3,"711":3,"712":3,"713":3,"714":3,"715":3,"716":3,"717":1,"718":1,"719":1,"720":1,"721":2,"722":2,"723":2,"724":3,"725":1,"726":3,"727":3,"728":3,"729":3,"730":3,"731":3,"732":3,"733":0,"734":0,"735":0,"736":0,"737":0,"738":3,"739":1,"740":1,"741":1,"742":1,"743":1,"744":1,"745":1,"746":1,"747":1,"748":1,"749":1,"750":1,"751":1,"752":1,"753":1,"754":1,"755":1,"756":1,"757":1,"758":1,"759":1,"760":1},"branchMap":{"0":{"type":"branch","line":24,"loc":{"start":{"line":24,"column":17},"end":{"line":98,"column":2}},"locations":[{"start":{"line":24,"column":17},"end":{"line":98,"column":2}}]},"1":{"type":"branch","line":27,"loc":{"start":{"line":27,"column":52},"end":{"line":27,"column":60}},"locations":[{"start":{"line":27,"column":52},"end":{"line":27,"column":60}}]},"2":{"type":"branch","line":29,"loc":{"start":{"line":29,"column":14},"end":{"line":29,"column":27}},"locations":[{"start":{"line":29,"column":14},"end":{"line":29,"column":27}}]},"3":{"type":"branch","line":29,"loc":{"start":{"line":29,"column":27},"end":{"line":29,"column":47}},"locations":[{"start":{"line":29,"column":27},"end":{"line":29,"column":47}}]},"4":{"type":"branch","line":29,"loc":{"start":{"line":29,"column":49},"end":{"line":33,"column":5}},"locations":[{"start":{"line":29,"column":49},"end":{"line":33,"column":5}}]},"5":{"type":"branch","line":33,"loc":{"start":{"line":33,"column":4},"end":{"line":35,"column":38}},"locations":[{"start":{"line":33,"column":4},"end":{"line":35,"column":38}}]},"6":{"type":"branch","line":35,"loc":{"start":{"line":35,"column":38},"end":{"line":39,"column":5}},"locations":[{"start":{"line":35,"column":38},"end":{"line":39,"column":5}}]},"7":{"type":"branch","line":39,"loc":{"start":{"line":39,"column":4},"end":{"line":41,"column":39}},"locations":[{"start":{"line":39,"column":4},"end":{"line":41,"column":39}}]},"8":{"type":"branch","line":41,"loc":{"start":{"line":41,"column":39},"end":{"line":45,"column":5}},"locations":[{"start":{"line":41,"column":39},"end":{"line":45,"column":5}}]},"9":{"type":"branch","line":45,"loc":{"start":{"line":45,"column":4},"end":{"line":48,"column":19}},"locations":[{"start":{"line":45,"column":4},"end":{"line":48,"column":19}}]},"10":{"type":"branch","line":48,"loc":{"start":{"line":48,"column":19},"end":{"line":50,"column":5}},"locations":[{"start":{"line":48,"column":19},"end":{"line":50,"column":5}}]},"11":{"type":"branch","line":50,"loc":{"start":{"line":50,"column":4},"end":{"line":53,"column":59}},"locations":[{"start":{"line":50,"column":4},"end":{"line":53,"column":59}}]},"12":{"type":"branch","line":53,"loc":{"start":{"line":53,"column":58},"end":{"line":54,"column":23}},"locations":[{"start":{"line":53,"column":58},"end":{"line":54,"column":23}}]},"13":{"type":"branch","line":54,"loc":{"start":{"line":54,"column":23},"end":{"line":58,"column":5}},"locations":[{"start":{"line":54,"column":23},"end":{"line":58,"column":5}}]},"14":{"type":"branch","line":58,"loc":{"start":{"line":58,"column":4},"end":{"line":71,"column":7}},"locations":[{"start":{"line":58,"column":4},"end":{"line":71,"column":7}}]},"15":{"type":"branch","line":71,"loc":{"start":{"line":71,"column":6},"end":{"line":87,"column":4}},"locations":[{"start":{"line":71,"column":6},"end":{"line":87,"column":4}}]},"16":{"type":"branch","line":87,"loc":{"start":{"line":87,"column":4},"end":{"line":97,"column":3}},"locations":[{"start":{"line":87,"column":4},"end":{"line":97,"column":3}}]},"17":{"type":"branch","line":88,"loc":{"start":{"line":88,"column":30},"end":{"line":97,"column":3}},"locations":[{"start":{"line":88,"column":30},"end":{"line":97,"column":3}}]},"18":{"type":"branch","line":92,"loc":{"start":{"line":92,"column":48},"end":{"line":92,"column":78}},"locations":[{"start":{"line":92,"column":48},"end":{"line":92,"column":78}}]},"19":{"type":"branch","line":101,"loc":{"start":{"line":101,"column":18},"end":{"line":143,"column":2}},"locations":[{"start":{"line":101,"column":18},"end":{"line":143,"column":2}}]},"20":{"type":"branch","line":104,"loc":{"start":{"line":104,"column":52},"end":{"line":104,"column":60}},"locations":[{"start":{"line":104,"column":52},"end":{"line":104,"column":60}}]},"21":{"type":"branch","line":105,"loc":{"start":{"line":105,"column":61},"end":{"line":105,"column":72}},"locations":[{"start":{"line":105,"column":61},"end":{"line":105,"column":72}}]},"22":{"type":"branch","line":109,"loc":{"start":{"line":109,"column":6},"end":{"line":109,"column":73}},"locations":[{"start":{"line":109,"column":6},"end":{"line":109,"column":73}}]},"23":{"type":"branch","line":109,"loc":{"start":{"line":109,"column":72},"end":{"line":112,"column":14}},"locations":[{"start":{"line":109,"column":72},"end":{"line":112,"column":14}}]},"24":{"type":"branch","line":112,"loc":{"start":{"line":112,"column":14},"end":{"line":112,"column":76}},"locations":[{"start":{"line":112,"column":14},"end":{"line":112,"column":76}}]},"25":{"type":"branch","line":112,"loc":{"start":{"line":112,"column":75},"end":{"line":114,"column":37}},"locations":[{"start":{"line":112,"column":75},"end":{"line":114,"column":37}}]},"26":{"type":"branch","line":114,"loc":{"start":{"line":114,"column":37},"end":{"line":117,"column":5}},"locations":[{"start":{"line":114,"column":37},"end":{"line":117,"column":5}}]},"27":{"type":"branch","line":117,"loc":{"start":{"line":117,"column":4},"end":{"line":119,"column":27}},"locations":[{"start":{"line":117,"column":4},"end":{"line":119,"column":27}}]},"28":{"type":"branch","line":119,"loc":{"start":{"line":119,"column":27},"end":{"line":122,"column":5}},"locations":[{"start":{"line":119,"column":27},"end":{"line":122,"column":5}}]},"29":{"type":"branch","line":122,"loc":{"start":{"line":122,"column":4},"end":{"line":124,"column":35}},"locations":[{"start":{"line":122,"column":4},"end":{"line":124,"column":35}}]},"30":{"type":"branch","line":124,"loc":{"start":{"line":124,"column":35},"end":{"line":140,"column":4}},"locations":[{"start":{"line":124,"column":35},"end":{"line":140,"column":4}}]},"31":{"type":"branch","line":127,"loc":{"start":{"line":127,"column":29},"end":{"line":130,"column":7}},"locations":[{"start":{"line":127,"column":29},"end":{"line":130,"column":7}}]},"32":{"type":"branch","line":140,"loc":{"start":{"line":140,"column":4},"end":{"line":142,"column":3}},"locations":[{"start":{"line":140,"column":4},"end":{"line":142,"column":3}}]},"33":{"type":"branch","line":146,"loc":{"start":{"line":146,"column":18},"end":{"line":180,"column":2}},"locations":[{"start":{"line":146,"column":18},"end":{"line":180,"column":2}}]},"34":{"type":"branch","line":149,"loc":{"start":{"line":149,"column":52},"end":{"line":149,"column":60}},"locations":[{"start":{"line":149,"column":52},"end":{"line":149,"column":60}}]},"35":{"type":"branch","line":152,"loc":{"start":{"line":152,"column":18},"end":{"line":154,"column":5}},"locations":[{"start":{"line":152,"column":18},"end":{"line":154,"column":5}}]},"36":{"type":"branch","line":154,"loc":{"start":{"line":154,"column":4},"end":{"line":156,"column":38}},"locations":[{"start":{"line":154,"column":4},"end":{"line":156,"column":38}}]},"37":{"type":"branch","line":156,"loc":{"start":{"line":156,"column":38},"end":{"line":176,"column":4}},"locations":[{"start":{"line":156,"column":38},"end":{"line":176,"column":4}}]},"38":{"type":"branch","line":176,"loc":{"start":{"line":176,"column":4},"end":{"line":179,"column":3}},"locations":[{"start":{"line":176,"column":4},"end":{"line":179,"column":3}}]},"39":{"type":"branch","line":182,"loc":{"start":{"line":182,"column":23},"end":{"line":230,"column":2}},"locations":[{"start":{"line":182,"column":23},"end":{"line":230,"column":2}}]},"40":{"type":"branch","line":186,"loc":{"start":{"line":186,"column":56},"end":{"line":188,"column":5}},"locations":[{"start":{"line":186,"column":56},"end":{"line":188,"column":5}}]},"41":{"type":"branch","line":200,"loc":{"start":{"line":200,"column":6},"end":{"line":200,"column":72}},"locations":[{"start":{"line":200,"column":6},"end":{"line":200,"column":72}}]},"42":{"type":"branch","line":200,"loc":{"start":{"line":200,"column":71},"end":{"line":203,"column":14}},"locations":[{"start":{"line":200,"column":71},"end":{"line":203,"column":14}}]},"43":{"type":"branch","line":204,"loc":{"start":{"line":204,"column":6},"end":{"line":224,"column":4}},"locations":[{"start":{"line":204,"column":6},"end":{"line":224,"column":4}}]},"44":{"type":"branch","line":224,"loc":{"start":{"line":224,"column":4},"end":{"line":229,"column":3}},"locations":[{"start":{"line":224,"column":4},"end":{"line":229,"column":3}}]},"45":{"type":"branch","line":232,"loc":{"start":{"line":232,"column":23},"end":{"line":261,"column":2}},"locations":[{"start":{"line":232,"column":23},"end":{"line":261,"column":2}}]},"46":{"type":"branch","line":235,"loc":{"start":{"line":235,"column":52},"end":{"line":235,"column":60}},"locations":[{"start":{"line":235,"column":52},"end":{"line":235,"column":60}}]},"47":{"type":"branch","line":239,"loc":{"start":{"line":239,"column":6},"end":{"line":239,"column":73}},"locations":[{"start":{"line":239,"column":6},"end":{"line":239,"column":73}}]},"48":{"type":"branch","line":239,"loc":{"start":{"line":239,"column":72},"end":{"line":241,"column":31}},"locations":[{"start":{"line":239,"column":72},"end":{"line":241,"column":31}}]},"49":{"type":"branch","line":242,"loc":{"start":{"line":242,"column":6},"end":{"line":244,"column":71}},"locations":[{"start":{"line":242,"column":6},"end":{"line":244,"column":71}}]},"50":{"type":"branch","line":244,"loc":{"start":{"line":244,"column":70},"end":{"line":246,"column":36}},"locations":[{"start":{"line":244,"column":70},"end":{"line":246,"column":36}}]},"51":{"type":"branch","line":247,"loc":{"start":{"line":247,"column":6},"end":{"line":247,"column":75}},"locations":[{"start":{"line":247,"column":6},"end":{"line":247,"column":75}}]},"52":{"type":"branch","line":247,"loc":{"start":{"line":247,"column":74},"end":{"line":258,"column":4}},"locations":[{"start":{"line":247,"column":74},"end":{"line":258,"column":4}}]},"53":{"type":"branch","line":258,"loc":{"start":{"line":258,"column":4},"end":{"line":260,"column":3}},"locations":[{"start":{"line":258,"column":4},"end":{"line":260,"column":3}}]},"54":{"type":"branch","line":263,"loc":{"start":{"line":263,"column":14},"end":{"line":308,"column":2}},"locations":[{"start":{"line":263,"column":14},"end":{"line":308,"column":2}}]},"55":{"type":"branch","line":266,"loc":{"start":{"line":266,"column":52},"end":{"line":266,"column":60}},"locations":[{"start":{"line":266,"column":52},"end":{"line":266,"column":60}}]},"56":{"type":"branch","line":273,"loc":{"start":{"line":273,"column":6},"end":{"line":273,"column":70}},"locations":[{"start":{"line":273,"column":6},"end":{"line":273,"column":70}}]},"57":{"type":"branch","line":273,"loc":{"start":{"line":273,"column":69},"end":{"line":275,"column":31}},"locations":[{"start":{"line":273,"column":69},"end":{"line":275,"column":31}}]},"58":{"type":"branch","line":276,"loc":{"start":{"line":276,"column":6},"end":{"line":278,"column":61}},"locations":[{"start":{"line":276,"column":6},"end":{"line":278,"column":61}}]},"59":{"type":"branch","line":278,"loc":{"start":{"line":278,"column":60},"end":{"line":280,"column":36}},"locations":[{"start":{"line":278,"column":60},"end":{"line":280,"column":36}}]},"60":{"type":"branch","line":281,"loc":{"start":{"line":281,"column":6},"end":{"line":281,"column":75}},"locations":[{"start":{"line":281,"column":6},"end":{"line":281,"column":75}}]},"61":{"type":"branch","line":281,"loc":{"start":{"line":281,"column":74},"end":{"line":284,"column":18}},"locations":[{"start":{"line":281,"column":74},"end":{"line":284,"column":18}}]},"62":{"type":"branch","line":284,"loc":{"start":{"line":284,"column":18},"end":{"line":293,"column":31}},"locations":[{"start":{"line":284,"column":18},"end":{"line":293,"column":31}}]},"63":{"type":"branch","line":293,"loc":{"start":{"line":293,"column":27},"end":{"line":293,"column":59}},"locations":[{"start":{"line":293,"column":27},"end":{"line":293,"column":59}}]},"64":{"type":"branch","line":305,"loc":{"start":{"line":305,"column":4},"end":{"line":307,"column":3}},"locations":[{"start":{"line":305,"column":4},"end":{"line":307,"column":3}}]},"65":{"type":"branch","line":310,"loc":{"start":{"line":310,"column":20},"end":{"line":361,"column":2}},"locations":[{"start":{"line":310,"column":20},"end":{"line":361,"column":2}}]},"66":{"type":"branch","line":314,"loc":{"start":{"line":314,"column":56},"end":{"line":316,"column":5}},"locations":[{"start":{"line":314,"column":56},"end":{"line":316,"column":5}}]},"67":{"type":"branch","line":329,"loc":{"start":{"line":329,"column":18},"end":{"line":333,"column":5}},"locations":[{"start":{"line":329,"column":18},"end":{"line":333,"column":5}}]},"68":{"type":"branch","line":333,"loc":{"start":{"line":333,"column":4},"end":{"line":335,"column":37}},"locations":[{"start":{"line":333,"column":4},"end":{"line":335,"column":37}}]},"69":{"type":"branch","line":335,"loc":{"start":{"line":335,"column":37},"end":{"line":346,"column":31}},"locations":[{"start":{"line":335,"column":37},"end":{"line":346,"column":31}}]},"70":{"type":"branch","line":346,"loc":{"start":{"line":346,"column":27},"end":{"line":346,"column":59}},"locations":[{"start":{"line":346,"column":27},"end":{"line":346,"column":59}}]},"71":{"type":"branch","line":358,"loc":{"start":{"line":358,"column":4},"end":{"line":360,"column":3}},"locations":[{"start":{"line":358,"column":4},"end":{"line":360,"column":3}}]},"72":{"type":"branch","line":363,"loc":{"start":{"line":363,"column":24},"end":{"line":373,"column":2}},"locations":[{"start":{"line":363,"column":24},"end":{"line":373,"column":2}}]},"73":{"type":"branch","line":367,"loc":{"start":{"line":367,"column":15},"end":{"line":369,"column":4}},"locations":[{"start":{"line":367,"column":15},"end":{"line":369,"column":4}}]},"74":{"type":"branch","line":369,"loc":{"start":{"line":369,"column":4},"end":{"line":372,"column":3}},"locations":[{"start":{"line":369,"column":4},"end":{"line":372,"column":3}}]},"75":{"type":"branch","line":375,"loc":{"start":{"line":375,"column":19},"end":{"line":426,"column":2}},"locations":[{"start":{"line":375,"column":19},"end":{"line":426,"column":2}}]},"76":{"type":"branch","line":389,"loc":{"start":{"line":389,"column":18},"end":{"line":408,"column":5}},"locations":[{"start":{"line":389,"column":18},"end":{"line":408,"column":5}}]},"77":{"type":"branch","line":392,"loc":{"start":{"line":392,"column":8},"end":{"line":392,"column":80}},"locations":[{"start":{"line":392,"column":8},"end":{"line":392,"column":80}}]},"78":{"type":"branch","line":411,"loc":{"start":{"line":411,"column":6},"end":{"line":411,"column":78}},"locations":[{"start":{"line":411,"column":6},"end":{"line":411,"column":78}}]},"79":{"type":"branch","line":411,"loc":{"start":{"line":411,"column":77},"end":{"line":413,"column":36}},"locations":[{"start":{"line":411,"column":77},"end":{"line":413,"column":36}}]},"80":{"type":"branch","line":414,"loc":{"start":{"line":414,"column":6},"end":{"line":423,"column":4}},"locations":[{"start":{"line":414,"column":6},"end":{"line":423,"column":4}}]},"81":{"type":"branch","line":423,"loc":{"start":{"line":423,"column":4},"end":{"line":425,"column":3}},"locations":[{"start":{"line":423,"column":4},"end":{"line":425,"column":3}}]},"82":{"type":"branch","line":428,"loc":{"start":{"line":428,"column":21},"end":{"line":452,"column":2}},"locations":[{"start":{"line":428,"column":21},"end":{"line":452,"column":2}}]},"83":{"type":"branch","line":436,"loc":{"start":{"line":436,"column":18},"end":{"line":446,"column":4}},"locations":[{"start":{"line":436,"column":18},"end":{"line":446,"column":4}}]},"84":{"type":"branch","line":446,"loc":{"start":{"line":446,"column":4},"end":{"line":451,"column":3}},"locations":[{"start":{"line":446,"column":4},"end":{"line":451,"column":3}}]},"85":{"type":"branch","line":453,"loc":{"start":{"line":453,"column":22},"end":{"line":497,"column":2}},"locations":[{"start":{"line":453,"column":22},"end":{"line":497,"column":2}}]},"86":{"type":"branch","line":462,"loc":{"start":{"line":462,"column":13},"end":{"line":462,"column":40}},"locations":[{"start":{"line":462,"column":13},"end":{"line":462,"column":40}}]},"87":{"type":"branch","line":462,"loc":{"start":{"line":462,"column":42},"end":{"line":466,"column":5}},"locations":[{"start":{"line":462,"column":42},"end":{"line":466,"column":5}}]},"88":{"type":"branch","line":466,"loc":{"start":{"line":466,"column":4},"end":{"line":470,"column":18}},"locations":[{"start":{"line":466,"column":4},"end":{"line":470,"column":18}}]},"89":{"type":"branch","line":470,"loc":{"start":{"line":470,"column":18},"end":{"line":479,"column":34}},"locations":[{"start":{"line":470,"column":18},"end":{"line":479,"column":34}}]},"90":{"type":"branch","line":479,"loc":{"start":{"line":479,"column":34},"end":{"line":479,"column":66}},"locations":[{"start":{"line":479,"column":34},"end":{"line":479,"column":66}}]},"91":{"type":"branch","line":479,"loc":{"start":{"line":479,"column":65},"end":{"line":491,"column":4}},"locations":[{"start":{"line":479,"column":65},"end":{"line":491,"column":4}}]},"92":{"type":"branch","line":491,"loc":{"start":{"line":491,"column":4},"end":{"line":496,"column":3}},"locations":[{"start":{"line":491,"column":4},"end":{"line":496,"column":3}}]},"93":{"type":"branch","line":498,"loc":{"start":{"line":498,"column":23},"end":{"line":556,"column":2}},"locations":[{"start":{"line":498,"column":23},"end":{"line":556,"column":2}}]},"94":{"type":"branch","line":503,"loc":{"start":{"line":503,"column":36},"end":{"line":503,"column":56}},"locations":[{"start":{"line":503,"column":36},"end":{"line":503,"column":56}}]},"95":{"type":"branch","line":503,"loc":{"start":{"line":503,"column":58},"end":{"line":507,"column":5}},"locations":[{"start":{"line":503,"column":58},"end":{"line":507,"column":5}}]},"96":{"type":"branch","line":507,"loc":{"start":{"line":507,"column":4},"end":{"line":509,"column":41}},"locations":[{"start":{"line":507,"column":4},"end":{"line":509,"column":41}}]},"97":{"type":"branch","line":509,"loc":{"start":{"line":509,"column":41},"end":{"line":513,"column":5}},"locations":[{"start":{"line":509,"column":41},"end":{"line":513,"column":5}}]},"98":{"type":"branch","line":513,"loc":{"start":{"line":513,"column":4},"end":{"line":517,"column":18}},"locations":[{"start":{"line":513,"column":4},"end":{"line":517,"column":18}}]},"99":{"type":"branch","line":517,"loc":{"start":{"line":517,"column":18},"end":{"line":521,"column":5}},"locations":[{"start":{"line":517,"column":18},"end":{"line":521,"column":5}}]},"100":{"type":"branch","line":521,"loc":{"start":{"line":521,"column":4},"end":{"line":523,"column":32}},"locations":[{"start":{"line":521,"column":4},"end":{"line":523,"column":32}}]},"101":{"type":"branch","line":523,"loc":{"start":{"line":523,"column":32},"end":{"line":527,"column":5}},"locations":[{"start":{"line":523,"column":32},"end":{"line":527,"column":5}}]},"102":{"type":"branch","line":527,"loc":{"start":{"line":527,"column":4},"end":{"line":531,"column":18}},"locations":[{"start":{"line":527,"column":4},"end":{"line":531,"column":18}}]},"103":{"type":"branch","line":531,"loc":{"start":{"line":531,"column":18},"end":{"line":537,"column":42}},"locations":[{"start":{"line":531,"column":18},"end":{"line":537,"column":42}}]},"104":{"type":"branch","line":537,"loc":{"start":{"line":537,"column":42},"end":{"line":541,"column":5}},"locations":[{"start":{"line":537,"column":42},"end":{"line":541,"column":5}}]},"105":{"type":"branch","line":541,"loc":{"start":{"line":541,"column":4},"end":{"line":551,"column":4}},"locations":[{"start":{"line":541,"column":4},"end":{"line":551,"column":4}}]},"106":{"type":"branch","line":551,"loc":{"start":{"line":551,"column":4},"end":{"line":555,"column":3}},"locations":[{"start":{"line":551,"column":4},"end":{"line":555,"column":3}}]},"107":{"type":"branch","line":559,"loc":{"start":{"line":559,"column":25},"end":{"line":592,"column":2}},"locations":[{"start":{"line":559,"column":25},"end":{"line":592,"column":2}}]},"108":{"type":"branch","line":563,"loc":{"start":{"line":563,"column":41},"end":{"line":563,"column":46}},"locations":[{"start":{"line":563,"column":41},"end":{"line":563,"column":46}}]},"109":{"type":"branch","line":564,"loc":{"start":{"line":564,"column":43},"end":{"line":564,"column":49}},"locations":[{"start":{"line":564,"column":43},"end":{"line":564,"column":49}}]},"110":{"type":"branch","line":589,"loc":{"start":{"line":589,"column":4},"end":{"line":591,"column":3}},"locations":[{"start":{"line":589,"column":4},"end":{"line":591,"column":3}}]},"111":{"type":"branch","line":615,"loc":{"start":{"line":615,"column":19},"end":{"line":636,"column":2}},"locations":[{"start":{"line":615,"column":19},"end":{"line":636,"column":2}}]},"112":{"type":"branch","line":625,"loc":{"start":{"line":625,"column":23},"end":{"line":633,"column":4}},"locations":[{"start":{"line":625,"column":23},"end":{"line":633,"column":4}}]},"113":{"type":"branch","line":633,"loc":{"start":{"line":633,"column":4},"end":{"line":635,"column":3}},"locations":[{"start":{"line":633,"column":4},"end":{"line":635,"column":3}}]},"114":{"type":"branch","line":639,"loc":{"start":{"line":639,"column":22},"end":{"line":654,"column":2}},"locations":[{"start":{"line":639,"column":22},"end":{"line":654,"column":2}}]},"115":{"type":"branch","line":651,"loc":{"start":{"line":651,"column":4},"end":{"line":653,"column":3}},"locations":[{"start":{"line":651,"column":4},"end":{"line":653,"column":3}}]},"116":{"type":"branch","line":657,"loc":{"start":{"line":657,"column":27},"end":{"line":673,"column":2}},"locations":[{"start":{"line":657,"column":27},"end":{"line":673,"column":2}}]},"117":{"type":"branch","line":663,"loc":{"start":{"line":663,"column":23},"end":{"line":670,"column":4}},"locations":[{"start":{"line":663,"column":23},"end":{"line":670,"column":4}}]},"118":{"type":"branch","line":670,"loc":{"start":{"line":670,"column":4},"end":{"line":672,"column":3}},"locations":[{"start":{"line":670,"column":4},"end":{"line":672,"column":3}}]},"119":{"type":"branch","line":676,"loc":{"start":{"line":676,"column":31},"end":{"line":688,"column":2}},"locations":[{"start":{"line":676,"column":31},"end":{"line":688,"column":2}}]},"120":{"type":"branch","line":685,"loc":{"start":{"line":685,"column":4},"end":{"line":687,"column":3}},"locations":[{"start":{"line":685,"column":4},"end":{"line":687,"column":3}}]},"121":{"type":"branch","line":691,"loc":{"start":{"line":691,"column":20},"end":{"line":706,"column":2}},"locations":[{"start":{"line":691,"column":20},"end":{"line":706,"column":2}}]},"122":{"type":"branch","line":703,"loc":{"start":{"line":703,"column":4},"end":{"line":705,"column":3}},"locations":[{"start":{"line":703,"column":4},"end":{"line":705,"column":3}}]},"123":{"type":"branch","line":709,"loc":{"start":{"line":709,"column":27},"end":{"line":739,"column":2}},"locations":[{"start":{"line":709,"column":27},"end":{"line":739,"column":2}}]},"124":{"type":"branch","line":717,"loc":{"start":{"line":717,"column":18},"end":{"line":721,"column":5}},"locations":[{"start":{"line":717,"column":18},"end":{"line":721,"column":5}}]},"125":{"type":"branch","line":721,"loc":{"start":{"line":721,"column":4},"end":{"line":725,"column":19}},"locations":[{"start":{"line":721,"column":4},"end":{"line":725,"column":19}}]},"126":{"type":"branch","line":725,"loc":{"start":{"line":725,"column":19},"end":{"line":726,"column":19}},"locations":[{"start":{"line":725,"column":19},"end":{"line":726,"column":19}}]},"127":{"type":"branch","line":733,"loc":{"start":{"line":733,"column":4},"end":{"line":738,"column":3}},"locations":[{"start":{"line":733,"column":4},"end":{"line":738,"column":3}}]}},"b":{"0":[6],"1":[0],"2":[5],"3":[5],"4":[1],"5":[5],"6":[1],"7":[4],"8":[0],"9":[4],"10":[3],"11":[4],"12":[3],"13":[1],"14":[2],"15":[1],"16":[2],"17":[1],"18":[0],"19":[6],"20":[0],"21":[0],"22":[1],"23":[5],"24":[1],"25":[4],"26":[1],"27":[3],"28":[1],"29":[2],"30":[1],"31":[0],"32":[0],"33":[3],"34":[0],"35":[1],"36":[2],"37":[1],"38":[0],"39":[3],"40":[0],"41":[1],"42":[2],"43":[1],"44":[0],"45":[4],"46":[0],"47":[1],"48":[3],"49":[2],"50":[1],"51":[0],"52":[1],"53":[0],"54":[5],"55":[0],"56":[1],"57":[4],"58":[1],"59":[3],"60":[1],"61":[2],"62":[1],"63":[0],"64":[0],"65":[3],"66":[0],"67":[1],"68":[2],"69":[1],"70":[0],"71":[0],"72":[2],"73":[1],"74":[0],"75":[3],"76":[1],"77":[0],"78":[1],"79":[2],"80":[1],"81":[0],"82":[2],"83":[1],"84":[0],"85":[3],"86":[2],"87":[1],"88":[2],"89":[1],"90":[0],"91":[1],"92":[0],"93":[6],"94":[5],"95":[1],"96":[5],"97":[1],"98":[4],"99":[1],"100":[3],"101":[1],"102":[2],"103":[1],"104":[0],"105":[1],"106":[0],"107":[1],"108":[0],"109":[0],"110":[0],"111":[2],"112":[1],"113":[0],"114":[1],"115":[0],"116":[2],"117":[1],"118":[0],"119":[1],"120":[0],"121":[1],"122":[0],"123":[3],"124":[1],"125":[2],"126":[1],"127":[0]},"fnMap":{"0":{"name":"register","decl":{"start":{"line":24,"column":17},"end":{"line":98,"column":2}},"loc":{"start":{"line":24,"column":17},"end":{"line":98,"column":2}},"line":24},"1":{"name":"verifyOtp","decl":{"start":{"line":101,"column":18},"end":{"line":143,"column":2}},"loc":{"start":{"line":101,"column":18},"end":{"line":143,"column":2}},"line":101},"2":{"name":"resendOtp","decl":{"start":{"line":146,"column":18},"end":{"line":180,"column":2}},"loc":{"start":{"line":146,"column":18},"end":{"line":180,"column":2}},"line":146},"3":{"name":"registerGoogle","decl":{"start":{"line":182,"column":23},"end":{"line":230,"column":2}},"loc":{"start":{"line":182,"column":23},"end":{"line":230,"column":2}},"line":182},"4":{"name":"forgotPassword","decl":{"start":{"line":232,"column":23},"end":{"line":261,"column":2}},"loc":{"start":{"line":232,"column":23},"end":{"line":261,"column":2}},"line":232},"5":{"name":"login","decl":{"start":{"line":263,"column":14},"end":{"line":308,"column":2}},"loc":{"start":{"line":263,"column":14},"end":{"line":308,"column":2}},"line":263},"6":{"name":"loginGoogle","decl":{"start":{"line":310,"column":20},"end":{"line":361,"column":2}},"loc":{"start":{"line":310,"column":20},"end":{"line":361,"column":2}},"line":310},"7":{"name":"getRoleNameById","decl":{"start":{"line":363,"column":24},"end":{"line":373,"column":2}},"loc":{"start":{"line":363,"column":24},"end":{"line":373,"column":2}},"line":363},"8":{"name":"googleAuth","decl":{"start":{"line":375,"column":19},"end":{"line":426,"column":2}},"loc":{"start":{"line":375,"column":19},"end":{"line":426,"column":2}},"line":375},"9":{"name":"getInforById","decl":{"start":{"line":428,"column":21},"end":{"line":452,"column":2}},"loc":{"start":{"line":428,"column":21},"end":{"line":452,"column":2}},"line":428},"10":{"name":"updateProfile","decl":{"start":{"line":453,"column":22},"end":{"line":497,"column":2}},"loc":{"start":{"line":453,"column":22},"end":{"line":497,"column":2}},"line":453},"11":{"name":"updatePassword","decl":{"start":{"line":498,"column":23},"end":{"line":556,"column":2}},"loc":{"start":{"line":498,"column":23},"end":{"line":556,"column":2}},"line":498},"12":{"name":"getNotifications","decl":{"start":{"line":559,"column":25},"end":{"line":592,"column":2}},"loc":{"start":{"line":559,"column":25},"end":{"line":592,"column":2}},"line":559},"13":{"name":"markAsRead","decl":{"start":{"line":615,"column":19},"end":{"line":636,"column":2}},"loc":{"start":{"line":615,"column":19},"end":{"line":636,"column":2}},"line":615},"14":{"name":"markAllAsRead","decl":{"start":{"line":639,"column":22},"end":{"line":654,"column":2}},"loc":{"start":{"line":639,"column":22},"end":{"line":654,"column":2}},"line":639},"15":{"name":"deleteNotification","decl":{"start":{"line":657,"column":27},"end":{"line":673,"column":2}},"loc":{"start":{"line":657,"column":27},"end":{"line":673,"column":2}},"line":657},"16":{"name":"deleteAllNotifications","decl":{"start":{"line":676,"column":31},"end":{"line":688,"column":2}},"loc":{"start":{"line":676,"column":31},"end":{"line":688,"column":2}},"line":676},"17":{"name":"countUnread","decl":{"start":{"line":691,"column":20},"end":{"line":706,"column":2}},"loc":{"start":{"line":691,"column":20},"end":{"line":706,"column":2}},"line":691},"18":{"name":"checkProfileStatus","decl":{"start":{"line":709,"column":27},"end":{"line":739,"column":2}},"loc":{"start":{"line":709,"column":27},"end":{"line":739,"column":2}},"line":709}},"f":{"0":6,"1":6,"2":3,"3":3,"4":4,"5":5,"6":3,"7":2,"8":3,"9":2,"10":3,"11":6,"12":1,"13":2,"14":1,"15":2,"16":1,"17":1,"18":3}}
}
