TN:
SF:controller\billiardTable.controller.js
FN:6,getBilliardTables
FN:48,getBilliardTableById
FN:75,createBilliardTable
FN:142,updateBilliardTable
FN:252,deleteBilliardTable
FN:297,getTableTypes
FN:310,createTableType
FNF:7
FNH:4
FNDA:2,getBilliardTables
FNDA:0,getBilliardTableById
FNDA:2,createBilliardTable
FNDA:1,updateBilliardTable
FNDA:2,deleteBilliardTable
FNDA:0,getTableTypes
FNDA:0,createTableType
DA:1,1
DA:2,1
DA:3,1
DA:4,1
DA:5,1
DA:6,1
DA:7,2
DA:8,2
DA:9,2
DA:10,2
DA:11,2
DA:12,2
DA:13,1
DA:14,1
DA:15,1
DA:16,1
DA:17,1
DA:18,1
DA:19,1
DA:20,1
DA:21,1
DA:22,1
DA:23,1
DA:24,1
DA:25,1
DA:26,1
DA:27,1
DA:28,1
DA:29,1
DA:30,1
DA:31,1
DA:32,1
DA:33,2
DA:34,2
DA:35,2
DA:36,2
DA:37,2
DA:38,2
DA:39,0
DA:40,0
DA:41,0
DA:42,0
DA:43,0
DA:44,0
DA:45,0
DA:46,2
DA:47,1
DA:48,1
DA:49,0
DA:50,0
DA:51,0
DA:52,0
DA:53,0
DA:54,0
DA:55,0
DA:56,0
DA:57,0
DA:58,0
DA:59,0
DA:60,0
DA:61,0
DA:62,0
DA:63,0
DA:64,0
DA:65,0
DA:66,0
DA:67,0
DA:68,0
DA:69,0
DA:70,0
DA:71,0
DA:72,0
DA:73,0
DA:74,1
DA:75,1
DA:76,2
DA:77,2
DA:78,2
DA:79,2
DA:80,2
DA:81,2
DA:82,2
DA:83,2
DA:84,0
DA:85,0
DA:86,0
DA:87,0
DA:88,0
DA:89,2
DA:90,2
DA:91,2
DA:92,0
DA:93,0
DA:94,0
DA:95,0
DA:96,0
DA:97,2
DA:98,2
DA:99,2
DA:100,2
DA:101,2
DA:102,2
DA:103,2
DA:104,2
DA:105,2
DA:106,2
DA:107,2
DA:108,2
DA:109,2
DA:110,2
DA:111,2
DA:112,2
DA:113,2
DA:114,2
DA:115,2
DA:116,1
DA:117,1
DA:118,1
DA:119,1
DA:120,1
DA:121,1
DA:122,1
DA:123,1
DA:124,1
DA:125,1
DA:126,1
DA:127,1
DA:128,1
DA:129,1
DA:130,1
DA:131,1
DA:132,1
DA:133,0
DA:134,1
DA:135,1
DA:136,1
DA:137,1
DA:138,1
DA:139,1
DA:140,2
DA:141,1
DA:142,1
DA:143,1
DA:144,1
DA:145,1
DA:146,1
DA:147,1
DA:148,0
DA:149,0
DA:150,1
DA:151,1
DA:152,1
DA:153,1
DA:154,1
DA:155,0
DA:156,0
DA:157,0
DA:158,0
DA:159,0
DA:160,1
DA:161,1
DA:162,1
DA:163,0
DA:164,0
DA:165,0
DA:166,0
DA:167,0
DA:168,1
DA:169,1
DA:170,1
DA:171,1
DA:172,1
DA:173,1
DA:174,1
DA:175,1
DA:176,1
DA:177,1
DA:178,1
DA:179,1
DA:180,1
DA:181,1
DA:182,1
DA:183,1
DA:184,1
DA:185,1
DA:186,0
DA:187,0
DA:188,1
DA:189,1
DA:190,1
DA:191,1
DA:192,1
DA:193,1
DA:194,1
DA:195,1
DA:196,1
DA:197,1
DA:198,1
DA:199,1
DA:200,0
DA:201,0
DA:202,0
DA:203,0
DA:204,0
DA:205,0
DA:206,0
DA:207,0
DA:208,0
DA:209,0
DA:210,0
DA:211,1
DA:212,1
DA:213,1
DA:214,1
DA:215,1
DA:216,1
DA:217,1
DA:218,1
DA:219,1
DA:220,1
DA:221,1
DA:222,1
DA:223,1
DA:224,1
DA:225,1
DA:226,1
DA:227,0
DA:228,0
DA:229,1
DA:230,1
DA:231,1
DA:232,1
DA:233,1
DA:234,1
DA:235,1
DA:236,1
DA:237,0
DA:238,0
DA:239,0
DA:240,0
DA:241,0
DA:242,0
DA:243,0
DA:244,0
DA:245,0
DA:246,0
DA:247,0
DA:248,0
DA:249,0
DA:250,1
DA:251,1
DA:252,1
DA:253,2
DA:254,2
DA:255,2
DA:256,2
DA:257,0
DA:258,0
DA:259,2
DA:260,2
DA:261,2
DA:262,2
DA:263,2
DA:264,2
DA:265,0
DA:266,0
DA:267,0
DA:268,0
DA:269,0
DA:270,2
DA:271,2
DA:272,2
DA:273,2
DA:274,2
DA:275,2
DA:276,2
DA:277,2
DA:278,2
DA:279,2
DA:280,2
DA:281,0
DA:282,0
DA:283,2
DA:284,2
DA:285,1
DA:286,1
DA:287,1
DA:288,1
DA:289,1
DA:290,1
DA:291,1
DA:292,1
DA:293,1
DA:294,2
DA:295,1
DA:296,1
DA:297,1
DA:298,0
DA:299,0
DA:300,0
DA:301,0
DA:302,0
DA:303,0
DA:304,0
DA:305,0
DA:306,0
DA:307,0
DA:308,1
DA:309,1
DA:310,1
DA:311,0
DA:312,0
DA:313,0
DA:314,0
DA:315,0
DA:316,0
DA:317,0
DA:318,0
DA:319,0
DA:320,0
DA:321,1
DA:322,1
DA:323,1
DA:324,1
DA:325,1
DA:326,1
DA:327,1
DA:328,1
DA:329,1
DA:330,1
LF:330
LH:218
BRDA:6,0,0,2
BRDA:9,1,0,1
BRDA:9,2,0,1
BRDA:9,3,0,0
BRDA:12,4,0,1
BRDA:33,5,0,0
BRDA:38,6,0,0
BRDA:75,7,0,2
BRDA:81,8,0,0
BRDA:81,9,0,0
BRDA:83,10,0,0
BRDA:91,11,0,0
BRDA:99,12,0,1
BRDA:99,13,0,1
BRDA:101,14,0,0
BRDA:115,15,0,1
BRDA:132,16,0,0
BRDA:137,17,0,0
BRDA:99,18,0,1
BRDA:142,19,0,1
BRDA:147,20,0,0
BRDA:152,21,0,0
BRDA:152,22,0,0
BRDA:154,23,0,0
BRDA:162,24,0,0
BRDA:171,25,0,0
BRDA:177,26,0,0
BRDA:185,27,0,0
BRDA:194,28,0,0
BRDA:197,29,0,0
BRDA:199,30,0,0
BRDA:226,31,0,0
BRDA:236,32,0,0
BRDA:191,33,0,2
BRDA:194,34,0,1
BRDA:252,35,0,2
BRDA:256,36,0,0
BRDA:264,37,0,0
BRDA:280,38,0,0
BRDA:284,39,0,1
BRF:40
BRH:14
end_of_record
TN:
SF:controller\booking.controller.js
FN:16,notifyStaff
FN:37,ensureInvoiceForBooking
FN:81,timeToMinutes
FN:88,createBooking
FN:293,cancelHold
FN:334,getMyBookings
FN:422,checkInBooking
FN:486,getClubBookings
FN:590,createWalkInBooking
FN:695,createBookingPayOSPayment
FN:818,payosWebhook
FN:1030,verifyBookingPayOSPayment
FN:1135,checkOutBooking
FN:1276,getBookingById
FN:1311,createBookingCheckoutPayOSPayment
FN:1510,verifyBookingCheckoutPayOSPayment
FN:1670,addBookingService
FN:1739,updateBookingServiceQuantity
FN:1798,deleteBookingService
FN:1843,getBookingServices
FN:1856,extendBooking
FN:2010,changeTable
FN:2140,notifyCustomer
FNF:23
FNH:22
FNDA:10,notifyStaff
FNDA:4,ensureInvoiceForBooking
FNDA:21,timeToMinutes
FNDA:7,createBooking
FNDA:2,cancelHold
FNDA:1,getMyBookings
FNDA:2,checkInBooking
FNDA:2,getClubBookings
FNDA:2,createWalkInBooking
FNDA:2,createBookingPayOSPayment
FNDA:4,payosWebhook
FNDA:3,verifyBookingPayOSPayment
FNDA:2,checkOutBooking
FNDA:2,getBookingById
FNDA:3,createBookingCheckoutPayOSPayment
FNDA:3,verifyBookingCheckoutPayOSPayment
FNDA:2,addBookingService
FNDA:2,updateBookingServiceQuantity
FNDA:2,deleteBookingService
FNDA:1,getBookingServices
FNDA:2,extendBooking
FNDA:2,changeTable
FNDA:0,notifyCustomer
DA:1,1
DA:2,1
DA:3,1
DA:4,1
DA:5,1
DA:6,1
DA:7,1
DA:8,1
DA:9,1
DA:10,1
DA:11,1
DA:12,1
DA:13,1
DA:14,1
DA:15,1
DA:16,1
DA:17,10
DA:18,10
DA:19,10
DA:20,10
DA:21,10
DA:22,0
DA:23,0
DA:24,0
DA:25,0
DA:26,0
DA:27,0
DA:28,0
DA:29,0
DA:30,0
DA:31,10
DA:32,0
DA:33,0
DA:34,10
DA:35,1
DA:36,1
DA:37,1
DA:38,4
DA:39,4
DA:40,4
DA:41,4
DA:42,4
DA:43,4
DA:44,4
DA:45,4
DA:46,4
DA:47,4
DA:48,4
DA:49,4
DA:50,4
DA:51,4
DA:52,4
DA:53,4
DA:54,4
DA:55,4
DA:56,4
DA:57,4
DA:58,4
DA:59,4
DA:60,4
DA:61,4
DA:62,4
DA:63,4
DA:64,4
DA:65,4
DA:66,4
DA:67,4
DA:68,0
DA:69,0
DA:70,0
DA:71,0
DA:72,0
DA:73,0
DA:74,0
DA:75,0
DA:76,4
DA:77,4
DA:78,4
DA:79,1
DA:80,1
DA:81,1
DA:82,21
DA:83,21
DA:84,21
DA:85,21
DA:86,1
DA:87,1
DA:88,1
DA:89,7
DA:90,7
DA:91,7
DA:92,7
DA:93,7
DA:94,7
DA:95,1
DA:96,1
DA:97,1
DA:98,1
DA:99,6
DA:100,6
DA:101,6
DA:102,6
DA:103,7
DA:104,1
DA:105,1
DA:106,1
DA:107,1
DA:108,4
DA:109,7
DA:110,1
DA:111,1
DA:112,1
DA:113,1
DA:114,3
DA:115,3
DA:116,3
DA:117,7
DA:118,7
DA:119,7
DA:120,7
DA:121,7
DA:122,7
DA:123,7
DA:124,7
DA:125,7
DA:126,7
DA:127,7
DA:128,7
DA:129,7
DA:130,7
DA:131,7
DA:132,7
DA:133,7
DA:134,7
DA:135,3
DA:136,7
DA:137,2
DA:138,2
DA:139,2
DA:140,2
DA:141,2
DA:142,2
DA:143,2
DA:144,2
DA:145,2
DA:146,0
DA:147,0
DA:148,0
DA:149,0
DA:150,2
DA:151,2
DA:152,2
DA:153,2
DA:154,2
DA:155,2
DA:156,2
DA:157,2
DA:158,2
DA:159,2
DA:160,2
DA:161,1
DA:162,1
DA:163,1
DA:164,1
DA:165,1
DA:166,1
DA:167,1
DA:168,1
DA:169,1
DA:170,1
DA:171,1
DA:172,1
DA:173,1
DA:174,1
DA:175,1
DA:176,1
DA:177,1
DA:178,1
DA:179,1
DA:180,1
DA:181,1
DA:182,1
DA:183,2
DA:184,2
DA:185,1
DA:186,1
DA:187,1
DA:188,1
DA:189,1
DA:190,1
DA:191,1
DA:192,1
DA:193,1
DA:194,7
DA:195,0
DA:196,0
DA:197,1
DA:198,1
DA:199,1
DA:200,1
DA:201,1
DA:202,7
DA:203,1
DA:204,7
DA:205,1
DA:206,1
DA:207,1
DA:208,1
DA:209,7
DA:210,7
DA:211,7
DA:212,7
DA:213,7
DA:214,7
DA:215,7
DA:216,7
DA:217,7
DA:218,7
DA:219,7
DA:220,7
DA:221,7
DA:222,7
DA:223,7
DA:224,7
DA:225,7
DA:226,7
DA:227,7
DA:228,7
DA:229,7
DA:230,7
DA:231,7
DA:232,7
DA:233,7
DA:234,1
DA:235,1
DA:236,7
DA:237,7
DA:238,7
DA:239,7
DA:240,0
DA:241,0
DA:242,0
DA:243,0
DA:244,0
DA:245,0
DA:246,0
DA:247,1
DA:248,1
DA:249,1
DA:250,1
DA:251,1
DA:252,1
DA:253,1
DA:254,1
DA:255,1
DA:256,1
DA:257,7
DA:258,7
DA:259,7
DA:260,7
DA:261,7
DA:262,7
DA:263,7
DA:264,7
DA:265,7
DA:266,7
DA:267,7
DA:268,7
DA:269,7
DA:270,7
DA:271,7
DA:272,7
DA:273,7
DA:274,7
DA:275,7
DA:276,1
DA:277,1
DA:278,1
DA:279,1
DA:280,1
DA:281,7
DA:282,7
DA:283,7
DA:284,7
DA:285,7
DA:286,7
DA:287,1
DA:288,1
DA:289,1
DA:290,7
DA:291,1
DA:292,1
DA:293,1
DA:294,2
DA:295,2
DA:296,2
DA:297,2
DA:298,2
DA:299,2
DA:300,0
DA:301,0
DA:302,0
DA:303,0
DA:304,2
DA:305,2
DA:306,2
DA:307,1
DA:308,1
DA:309,1
DA:310,1
DA:311,1
DA:312,1
DA:313,1
DA:314,1
DA:315,1
DA:316,1
DA:317,1
DA:318,1
DA:319,1
DA:320,1
DA:321,1
DA:322,1
DA:323,1
DA:324,1
DA:325,1
DA:326,1
DA:327,2
DA:328,0
DA:329,0
DA:330,0
DA:331,2
DA:332,1
DA:333,1
DA:334,1
DA:335,1
DA:336,1
DA:337,1
DA:338,1
DA:339,1
DA:340,1
DA:341,1
DA:342,1
DA:343,1
DA:344,1
DA:345,1
DA:346,1
DA:347,1
DA:348,1
DA:349,1
DA:350,1
DA:351,1
DA:352,1
DA:353,1
DA:354,1
DA:355,1
DA:356,1
DA:357,1
DA:358,1
DA:359,1
DA:360,1
DA:361,1
DA:362,1
DA:363,1
DA:364,1
DA:365,1
DA:366,1
DA:367,1
DA:368,1
DA:369,1
DA:370,1
DA:371,1
DA:372,1
DA:373,1
DA:374,1
DA:375,1
DA:376,1
DA:377,1
DA:378,1
DA:379,1
DA:380,1
DA:381,1
DA:382,1
DA:383,1
DA:384,1
DA:385,1
DA:386,1
DA:387,1
DA:388,1
DA:389,1
DA:390,1
DA:391,1
DA:392,0
DA:393,0
DA:394,0
DA:395,0
DA:396,0
DA:397,0
DA:398,0
DA:399,0
DA:400,0
DA:401,0
DA:402,0
DA:403,0
DA:404,0
DA:405,0
DA:406,0
DA:407,0
DA:408,0
DA:409,1
DA:410,1
DA:411,1
DA:412,1
DA:413,1
DA:414,1
DA:415,1
DA:416,0
DA:417,0
DA:418,0
DA:419,1
DA:420,1
DA:421,1
DA:422,1
DA:423,2
DA:424,2
DA:425,2
DA:426,2
DA:427,2
DA:428,2
DA:429,0
DA:430,0
DA:431,0
DA:432,0
DA:433,2
DA:434,2
DA:435,2
DA:436,2
DA:437,2
DA:438,1
DA:439,1
DA:440,1
DA:441,1
DA:442,1
DA:443,1
DA:444,1
DA:445,2
DA:446,0
DA:447,0
DA:448,0
DA:449,0
DA:450,0
DA:451,1
DA:452,1
DA:453,2
DA:454,0
DA:455,0
DA:456,0
DA:457,0
DA:458,0
DA:459,1
DA:460,1
DA:461,1
DA:462,1
DA:463,1
DA:464,1
DA:465,1
DA:466,1
DA:467,1
DA:468,1
DA:469,1
DA:470,1
DA:471,1
DA:472,1
DA:473,1
DA:474,1
DA:475,1
DA:476,1
DA:477,1
DA:478,1
DA:479,2
DA:480,0
DA:481,0
DA:482,0
DA:483,2
DA:484,1
DA:485,1
DA:486,1
DA:487,2
DA:488,2
DA:489,2
DA:490,0
DA:491,0
DA:492,0
DA:493,0
DA:494,2
DA:495,2
DA:496,2
DA:497,2
DA:498,2
DA:499,2
DA:500,2
DA:501,2
DA:502,2
DA:503,2
DA:504,1
DA:505,1
DA:506,1
DA:507,1
DA:508,1
DA:509,1
DA:510,1
DA:511,1
DA:512,1
DA:513,1
DA:514,1
DA:515,1
DA:516,1
DA:517,1
DA:518,1
DA:519,1
DA:520,1
DA:521,2
DA:522,0
DA:523,0
DA:524,1
DA:525,2
DA:526,0
DA:527,0
DA:528,0
DA:529,0
DA:530,0
DA:531,2
DA:532,1
DA:533,1
DA:534,1
DA:535,1
DA:536,1
DA:537,1
DA:538,1
DA:539,1
DA:540,1
DA:541,1
DA:542,1
DA:543,1
DA:544,1
DA:545,1
DA:546,1
DA:547,1
DA:548,1
DA:549,1
DA:550,2
DA:551,1
DA:552,1
DA:553,1
DA:554,2
DA:555,2
DA:556,2
DA:557,2
DA:558,1
DA:559,1
DA:560,1
DA:561,1
DA:562,1
DA:563,1
DA:564,1
DA:565,1
DA:566,1
DA:567,1
DA:568,1
DA:569,1
DA:570,1
DA:571,1
DA:572,1
DA:573,1
DA:574,1
DA:575,1
DA:576,1
DA:577,1
DA:578,1
DA:579,1
DA:580,1
DA:581,1
DA:582,2
DA:583,0
DA:584,0
DA:585,0
DA:586,2
DA:587,1
DA:588,1
DA:589,1
DA:590,1
DA:591,2
DA:592,2
DA:593,2
DA:594,2
DA:595,2
DA:596,2
DA:597,2
DA:598,2
DA:599,2
DA:600,2
DA:601,2
DA:602,2
DA:603,2
DA:604,0
DA:605,0
DA:606,0
DA:607,0
DA:608,0
DA:609,0
DA:610,2
DA:611,2
DA:612,1
DA:613,1
DA:614,1
DA:615,1
DA:616,1
DA:617,1
DA:618,1
DA:619,1
DA:620,1
DA:621,1
DA:622,1
DA:623,2
DA:624,0
DA:625,0
DA:626,0
DA:627,0
DA:628,0
DA:629,1
DA:630,2
DA:631,0
DA:632,0
DA:633,0
DA:634,0
DA:635,0
DA:636,1
DA:637,1
DA:638,1
DA:639,1
DA:640,1
DA:641,1
DA:642,1
DA:643,1
DA:644,1
DA:645,1
DA:646,1
DA:647,1
DA:648,1
DA:649,2
DA:650,0
DA:651,0
DA:652,0
DA:653,0
DA:654,0
DA:655,1
DA:656,1
DA:657,1
DA:658,1
DA:659,1
DA:660,1
DA:661,1
DA:662,1
DA:663,1
DA:664,1
DA:665,1
DA:666,1
DA:667,1
DA:668,1
DA:669,2
DA:670,2
DA:671,2
DA:672,2
DA:673,2
DA:674,1
DA:675,1
DA:676,1
DA:677,1
DA:678,1
DA:679,1
DA:680,1
DA:681,1
DA:682,1
DA:683,1
DA:684,1
DA:685,1
DA:686,1
DA:687,1
DA:688,1
DA:689,2
DA:690,0
DA:691,0
DA:692,0
DA:693,2
DA:694,1
DA:695,1
DA:696,2
DA:697,2
DA:698,2
DA:699,2
DA:700,2
DA:701,2
DA:702,0
DA:703,0
DA:704,0
DA:705,0
DA:706,2
DA:707,2
DA:708,1
DA:709,1
DA:710,1
DA:711,1
DA:712,1
DA:713,1
DA:714,2
DA:715,0
DA:716,0
DA:717,0
DA:718,0
DA:719,0
DA:720,1
DA:721,1
DA:722,2
DA:723,0
DA:724,0
DA:725,0
DA:726,0
DA:727,1
DA:728,1
DA:729,1
DA:730,1
DA:731,1
DA:732,2
DA:733,2
DA:734,1
DA:735,2
DA:736,0
DA:737,0
DA:738,0
DA:739,0
DA:740,0
DA:741,0
DA:742,1
DA:743,1
DA:744,1
DA:745,1
DA:746,0
DA:747,2
DA:748,2
DA:749,2
DA:750,0
DA:751,0
DA:752,0
DA:753,0
DA:754,0
DA:755,0
DA:756,0
DA:757,0
DA:758,0
DA:759,0
DA:760,0
DA:761,0
DA:762,1
DA:763,1
DA:764,1
DA:765,1
DA:766,2
DA:767,2
DA:768,0
DA:769,2
DA:770,2
DA:771,2
DA:772,2
DA:773,2
DA:774,2
DA:775,2
DA:776,2
DA:777,2
DA:778,2
DA:779,2
DA:780,2
DA:781,2
DA:782,2
DA:783,2
DA:784,1
DA:785,1
DA:786,1
DA:787,1
DA:788,1
DA:789,1
DA:790,1
DA:791,1
DA:792,1
DA:793,1
DA:794,1
DA:795,1
DA:796,1
DA:797,1
DA:798,1
DA:799,1
DA:800,1
DA:801,1
DA:802,1
DA:803,1
DA:804,1
DA:805,1
DA:806,2
DA:807,2
DA:808,2
DA:809,2
DA:810,2
DA:811,2
DA:812,0
DA:813,0
DA:814,0
DA:815,2
DA:816,1
DA:817,1
DA:818,1
DA:819,4
DA:820,4
DA:821,4
DA:822,4
DA:823,0
DA:824,0
DA:825,0
DA:826,0
DA:827,4
DA:828,4
DA:829,4
DA:830,4
DA:831,4
DA:832,4
DA:833,0
DA:834,0
DA:835,0
DA:836,0
DA:837,0
DA:838,4
DA:839,4
DA:840,4
DA:841,0
DA:842,0
DA:843,0
DA:844,0
DA:845,4
DA:846,4
DA:847,4
DA:848,4
DA:849,4
DA:850,4
DA:851,4
DA:852,4
DA:853,4
DA:854,4
DA:855,0
DA:856,0
DA:857,0
DA:858,0
DA:859,4
DA:860,4
DA:861,4
DA:862,4
DA:863,4
DA:864,4
DA:865,4
DA:866,4
DA:867,4
DA:868,4
DA:869,1
DA:870,1
DA:871,1
DA:872,1
DA:873,1
DA:874,3
DA:875,3
DA:876,3
DA:877,4
DA:878,4
DA:879,4
DA:880,4
DA:881,4
DA:882,4
DA:883,4
DA:884,4
DA:885,4
DA:886,4
DA:887,0
DA:888,0
DA:889,0
DA:890,0
DA:891,3
DA:892,3
DA:893,3
DA:894,3
DA:895,4
DA:896,1
DA:897,1
DA:898,1
DA:899,1
DA:900,1
DA:901,1
DA:902,0
DA:903,0
DA:904,0
DA:905,0
DA:906,0
DA:907,1
DA:908,1
DA:909,1
DA:910,1
DA:911,1
DA:912,1
DA:913,1
DA:914,1
DA:915,1
DA:916,0
DA:917,0
DA:918,0
DA:919,0
DA:920,0
DA:921,0
DA:922,0
DA:923,0
DA:924,1
DA:925,1
DA:926,1
DA:927,1
DA:928,1
DA:929,1
DA:930,1
DA:931,0
DA:932,0
DA:933,0
DA:934,0
DA:935,0
DA:936,0
DA:937,0
DA:938,0
DA:939,0
DA:940,0
DA:941,0
DA:942,0
DA:943,0
DA:944,2
DA:945,2
DA:946,4
DA:947,1
DA:948,1
DA:949,1
DA:950,1
DA:951,1
DA:952,1
DA:953,1
DA:954,1
DA:955,1
DA:956,1
DA:957,1
DA:958,1
DA:959,1
DA:960,1
DA:961,1
DA:962,1
DA:963,1
DA:964,1
DA:965,1
DA:966,1
DA:967,4
DA:968,1
DA:969,1
DA:970,4
DA:971,4
DA:972,4
DA:973,4
DA:974,1
DA:975,1
DA:976,1
DA:977,1
DA:978,1
DA:979,1
DA:980,1
DA:981,1
DA:982,1
DA:983,1
DA:984,1
DA:985,1
DA:986,1
DA:987,1
DA:988,1
DA:989,1
DA:990,1
DA:991,1
DA:992,1
DA:993,1
DA:994,1
DA:995,1
DA:996,1
DA:997,4
DA:998,4
DA:999,4
DA:1000,4
DA:1001,4
DA:1002,4
DA:1003,4
DA:1004,1
DA:1005,1
DA:1006,1
DA:1007,1
DA:1008,1
DA:1009,1
DA:1010,1
DA:1011,1
DA:1012,1
DA:1013,1
DA:1014,1
DA:1015,1
DA:1016,1
DA:1017,1
DA:1018,1
DA:1019,1
DA:1020,1
DA:1021,1
DA:1022,1
DA:1023,4
DA:1024,0
DA:1025,0
DA:1026,0
DA:1027,4
DA:1028,1
DA:1029,1
DA:1030,1
DA:1031,3
DA:1032,3
DA:1033,3
DA:1034,0
DA:1035,0
DA:1036,0
DA:1037,0
DA:1038,3
DA:1039,3
DA:1040,3
DA:1041,3
DA:1042,3
DA:1043,3
DA:1044,1
DA:1045,1
DA:1046,1
DA:1047,1
DA:1048,1
DA:1049,2
DA:1050,2
DA:1051,3
DA:1052,0
DA:1053,0
DA:1054,0
DA:1055,0
DA:1056,2
DA:1057,3
DA:1058,1
DA:1059,1
DA:1060,1
DA:1061,1
DA:1062,1
DA:1063,1
DA:1064,1
DA:1065,1
DA:1066,3
DA:1067,3
DA:1068,1
DA:1069,1
DA:1070,3
DA:1071,3
DA:1072,1
DA:1073,3
DA:1074,0
DA:1075,0
DA:1076,0
DA:1077,0
DA:1078,1
DA:1079,1
DA:1080,1
DA:1081,1
DA:1082,1
DA:1083,1
DA:1084,1
DA:1085,3
DA:1086,0
DA:1087,0
DA:1088,0
DA:1089,0
DA:1090,1
DA:1091,1
DA:1092,1
DA:1093,1
DA:1094,1
DA:1095,3
DA:1096,3
DA:1097,3
DA:1098,3
DA:1099,3
DA:1100,3
DA:1101,3
DA:1102,3
DA:1103,3
DA:1104,1
DA:1105,1
DA:1106,1
DA:1107,1
DA:1108,1
DA:1109,1
DA:1110,1
DA:1111,1
DA:1112,1
DA:1113,1
DA:1114,1
DA:1115,1
DA:1116,1
DA:1117,1
DA:1118,1
DA:1119,1
DA:1120,1
DA:1121,1
DA:1122,1
DA:1123,1
DA:1124,1
DA:1125,1
DA:1126,1
DA:1127,1
DA:1128,3
DA:1129,0
DA:1130,0
DA:1131,0
DA:1132,3
DA:1133,1
DA:1134,1
DA:1135,1
DA:1136,2
DA:1137,2
DA:1138,2
DA:1139,2
DA:1140,2
DA:1141,0
DA:1142,0
DA:1143,0
DA:1144,0
DA:1145,0
DA:1146,2
DA:1147,2
DA:1148,2
DA:1149,0
DA:1150,0
DA:1151,0
DA:1152,0
DA:1153,2
DA:1154,2
DA:1155,2
DA:1156,1
DA:1157,1
DA:1158,1
DA:1159,1
DA:1160,1
DA:1161,2
DA:1162,0
DA:1163,0
DA:1164,0
DA:1165,0
DA:1166,0
DA:1167,1
DA:1168,1
DA:1169,1
DA:1170,1
DA:1171,1
DA:1172,1
DA:1173,1
DA:1174,1
DA:1175,1
DA:1176,1
DA:1177,1
DA:1178,1
DA:1179,1
DA:1180,1
DA:1181,1
DA:1182,1
DA:1183,1
DA:1184,2
DA:1185,2
DA:1186,2
DA:1187,2
DA:1188,1
DA:1189,1
DA:1190,1
DA:1191,1
DA:1192,1
DA:1193,1
DA:1194,1
DA:1195,1
DA:1196,1
DA:1197,1
DA:1198,1
DA:1199,1
DA:1200,1
DA:1201,1
DA:1202,1
DA:1203,1
DA:1204,1
DA:1205,1
DA:1206,1
DA:1207,1
DA:1208,1
DA:1209,1
DA:1210,1
DA:1211,1
DA:1212,1
DA:1213,2
DA:1214,0
DA:1215,0
DA:1216,0
DA:1217,0
DA:1218,0
DA:1219,1
DA:1220,2
DA:1221,2
DA:1222,2
DA:1223,2
DA:1224,2
DA:1225,2
DA:1226,2
DA:1227,2
DA:1228,2
DA:1229,2
DA:1230,2
DA:1231,2
DA:1232,2
DA:1233,1
DA:1234,1
DA:1235,1
DA:1236,1
DA:1237,1
DA:1238,1
DA:1239,1
DA:1240,1
DA:1241,1
DA:1242,1
DA:1243,1
DA:1244,1
DA:1245,1
DA:1246,1
DA:1247,1
DA:1248,1
DA:1249,1
DA:1250,1
DA:1251,1
DA:1252,1
DA:1253,1
DA:1254,1
DA:1255,1
DA:1256,1
DA:1257,1
DA:1258,1
DA:1259,1
DA:1260,1
DA:1261,1
DA:1262,1
DA:1263,1
DA:1264,1
DA:1265,1
DA:1266,1
DA:1267,1
DA:1268,1
DA:1269,2
DA:1270,0
DA:1271,0
DA:1272,0
DA:1273,2
DA:1274,1
DA:1275,1
DA:1276,1
DA:1277,2
DA:1278,2
DA:1279,2
DA:1280,2
DA:1281,2
DA:1282,0
DA:1283,0
DA:1284,0
DA:1285,0
DA:1286,0
DA:1287,2
DA:1288,2
DA:1289,2
DA:1290,0
DA:1291,0
DA:1292,0
DA:1293,0
DA:1294,0
DA:1295,2
DA:1296,2
DA:1297,1
DA:1298,1
DA:1299,1
DA:1300,1
DA:1301,1
DA:1302,1
DA:1303,1
DA:1304,2
DA:1305,0
DA:1306,0
DA:1307,0
DA:1308,2
DA:1309,1
DA:1310,1
DA:1311,1
DA:1312,3
DA:1313,3
DA:1314,3
DA:1315,3
DA:1316,0
DA:1317,0
DA:1318,0
DA:1319,0
DA:1320,0
DA:1321,3
DA:1322,3
DA:1323,3
DA:1324,1
DA:1325,1
DA:1326,1
DA:1327,1
DA:1328,1
DA:1329,2
DA:1330,3
DA:1331,0
DA:1332,0
DA:1333,0
DA:1334,0
DA:1335,0
DA:1336,2
DA:1337,3
DA:1338,0
DA:1339,0
DA:1340,0
DA:1341,0
DA:1342,0
DA:1343,2
DA:1344,2
DA:1345,2
DA:1346,0
DA:1347,0
DA:1348,0
DA:1349,0
DA:1350,2
DA:1351,2
DA:1352,2
DA:1353,2
DA:1354,2
DA:1355,2
DA:1356,2
DA:1357,2
DA:1358,2
DA:1359,2
DA:1360,2
DA:1361,3
DA:1362,2
DA:1363,2
DA:1364,3
DA:1365,3
DA:1366,3
DA:1367,3
DA:1368,3
DA:1369,2
DA:1370,3
DA:1371,3
DA:1372,3
DA:1373,3
DA:1374,3
DA:1375,0
DA:1376,0
DA:1377,0
DA:1378,0
DA:1379,0
DA:1380,2
DA:1381,2
DA:1382,2
DA:1383,2
DA:1384,2
DA:1385,2
DA:1386,2
DA:1387,2
DA:1388,2
DA:1389,2
DA:1390,2
DA:1391,2
DA:1392,2
DA:1393,2
DA:1394,2
DA:1395,2
DA:1396,2
DA:1397,2
DA:1398,2
DA:1399,2
DA:1400,2
DA:1401,3
DA:1402,1
DA:1403,1
DA:1404,1
DA:1405,1
DA:1406,1
DA:1407,1
DA:1408,1
DA:1409,1
DA:1410,1
DA:1411,1
DA:1412,1
DA:1413,1
DA:1414,1
DA:1415,1
DA:1416,1
DA:1417,1
DA:1418,1
DA:1419,1
DA:1420,1
DA:1421,1
DA:1422,1
DA:1423,1
DA:1424,1
DA:1425,1
DA:1426,1
DA:1427,1
DA:1428,1
DA:1429,1
DA:1430,1
DA:1431,1
DA:1432,1
DA:1433,1
DA:1434,1
DA:1435,1
DA:1436,1
DA:1437,1
DA:1438,1
DA:1439,1
DA:1440,1
DA:1441,1
DA:1442,1
DA:1443,1
DA:1444,1
DA:1445,1
DA:1446,1
DA:1447,1
DA:1448,1
DA:1449,1
DA:1450,1
DA:1451,1
DA:1452,1
DA:1453,3
DA:1454,3
DA:1455,1
DA:1456,3
DA:1457,0
DA:1458,0
DA:1459,0
DA:1460,0
DA:1461,0
DA:1462,0
DA:1463,1
DA:1464,3
DA:1465,3
DA:1466,3
DA:1467,3
DA:1468,3
DA:1469,3
DA:1470,3
DA:1471,3
DA:1472,3
DA:1473,3
DA:1474,3
DA:1475,3
DA:1476,3
DA:1477,3
DA:1478,3
DA:1479,3
DA:1480,3
DA:1481,3
DA:1482,1
DA:1483,1
DA:1484,1
DA:1485,1
DA:1486,1
DA:1487,1
DA:1488,1
DA:1489,3
DA:1490,3
DA:1491,3
DA:1492,3
DA:1493,3
DA:1494,3
DA:1495,3
DA:1496,3
DA:1497,3
DA:1498,3
DA:1499,3
DA:1500,3
DA:1501,0
DA:1502,0
DA:1503,0
DA:1504,0
DA:1505,0
DA:1506,0
DA:1507,3
DA:1508,1
DA:1509,1
DA:1510,1
DA:1511,3
DA:1512,3
DA:1513,3
DA:1514,0
DA:1515,0
DA:1516,0
DA:1517,0
DA:1518,3
DA:1519,3
DA:1520,3
DA:1521,3
DA:1522,3
DA:1523,3
DA:1524,0
DA:1525,0
DA:1526,0
DA:1527,0
DA:1528,0
DA:1529,3
DA:1530,3
DA:1531,0
DA:1532,0
DA:1533,0
DA:1534,0
DA:1535,0
DA:1536,3
DA:1537,3
DA:1538,3
DA:1539,0
DA:1540,0
DA:1541,0
DA:1542,0
DA:1543,0
DA:1544,3
DA:1545,3
DA:1546,3
DA:1547,0
DA:1548,0
DA:1549,0
DA:1550,0
DA:1551,0
DA:1552,3
DA:1553,3
DA:1554,0
DA:1555,0
DA:1556,0
DA:1557,0
DA:1558,0
DA:1559,3
DA:1560,3
DA:1561,1
DA:1562,1
DA:1563,1
DA:1564,1
DA:1565,1
DA:1566,1
DA:1567,1
DA:1568,1
DA:1569,1
DA:1570,2
DA:1571,2
DA:1572,2
DA:1573,2
DA:1574,3
DA:1575,3
DA:1576,2
DA:1577,3
DA:1578,0
DA:1579,0
DA:1580,0
DA:1581,0
DA:1582,2
DA:1583,2
DA:1584,2
DA:1585,2
DA:1586,2
DA:1587,2
DA:1588,2
DA:1589,3
DA:1590,1
DA:1591,1
DA:1592,1
DA:1593,1
DA:1594,1
DA:1595,1
DA:1596,1
DA:1597,1
DA:1598,1
DA:1599,1
DA:1600,0
DA:1601,0
DA:1602,0
DA:1603,0
DA:1604,1
DA:1605,1
DA:1606,1
DA:1607,1
DA:1608,3
DA:1609,1
DA:1610,1
DA:1611,3
DA:1612,3
DA:1613,3
DA:1614,3
DA:1615,3
DA:1616,1
DA:1617,1
DA:1618,1
DA:1619,1
DA:1620,1
DA:1621,1
DA:1622,1
DA:1623,1
DA:1624,1
DA:1625,1
DA:1626,1
DA:1627,1
DA:1628,1
DA:1629,1
DA:1630,1
DA:1631,1
DA:1632,1
DA:1633,1
DA:1634,1
DA:1635,1
DA:1636,1
DA:1637,1
DA:1638,1
DA:1639,1
DA:1640,1
DA:1641,1
DA:1642,1
DA:1643,1
DA:1644,1
DA:1645,1
DA:1646,1
DA:1647,1
DA:1648,1
DA:1649,1
DA:1650,1
DA:1651,1
DA:1652,1
DA:1653,1
DA:1654,1
DA:1655,1
DA:1656,1
DA:1657,1
DA:1658,1
DA:1659,1
DA:1660,3
DA:1661,0
DA:1662,0
DA:1663,0
DA:1664,0
DA:1665,0
DA:1666,0
DA:1667,3
DA:1668,1
DA:1669,1
DA:1670,1
DA:1671,2
DA:1672,2
DA:1673,2
DA:1674,2
DA:1675,2
DA:1676,2
DA:1677,0
DA:1678,0
DA:1679,0
DA:1680,0
DA:1681,2
DA:1682,2
DA:1683,2
DA:1684,2
DA:1685,0
DA:1686,0
DA:1687,2
DA:1688,2
DA:1689,2
DA:1690,0
DA:1691,0
DA:1692,0
DA:1693,0
DA:1694,2
DA:1695,2
DA:1696,2
DA:1697,2
DA:1698,0
DA:1699,0
DA:1700,2
DA:1701,2
DA:1702,2
DA:1703,2
DA:1704,2
DA:1705,1
DA:1706,1
DA:1707,1
DA:1708,1
DA:1709,1
DA:1710,1
DA:1711,1
DA:1712,1
DA:1713,1
DA:1714,1
DA:1715,1
DA:1716,1
DA:1717,2
DA:1718,2
DA:1719,2
DA:1720,2
DA:1721,2
DA:1722,2
DA:1723,2
DA:1724,2
DA:1725,2
DA:1726,2
DA:1727,2
DA:1728,2
DA:1729,2
DA:1730,2
DA:1731,2
DA:1732,2
DA:1733,0
DA:1734,0
DA:1735,0
DA:1736,2
DA:1737,1
DA:1738,1
DA:1739,1
DA:1740,2
DA:1741,2
DA:1742,2
DA:1743,2
DA:1744,2
DA:1745,2
DA:1746,1
DA:1747,1
DA:1748,1
DA:1749,1
DA:1750,1
DA:1751,1
DA:1752,1
DA:1753,1
DA:1754,2
DA:1755,0
DA:1756,0
DA:1757,0
DA:1758,1
DA:1759,1
DA:1760,1
DA:1761,2
DA:1762,0
DA:1763,0
DA:1764,1
DA:1765,1
DA:1766,2
DA:1767,0
DA:1768,0
DA:1769,0
DA:1770,0
DA:1771,0
DA:1772,1
DA:1773,1
DA:1774,1
DA:1775,1
DA:1776,1
DA:1777,1
DA:1778,1
DA:1779,1
DA:1780,1
DA:1781,1
DA:1782,1
DA:1783,2
DA:1784,2
DA:1785,1
DA:1786,1
DA:1787,1
DA:1788,1
DA:1789,1
DA:1790,1
DA:1791,2
DA:1792,0
DA:1793,0
DA:1794,0
DA:1795,2
DA:1796,1
DA:1797,1
DA:1798,1
DA:1799,2
DA:1800,2
DA:1801,2
DA:1802,2
DA:1803,2
DA:1804,2
DA:1805,2
DA:1806,1
DA:1807,1
DA:1808,1
DA:1809,1
DA:1810,1
DA:1811,1
DA:1812,2
DA:1813,0
DA:1814,0
DA:1815,1
DA:1816,1
DA:1817,2
DA:1818,0
DA:1819,0
DA:1820,0
DA:1821,0
DA:1822,0
DA:1823,1
DA:1824,1
DA:1825,1
DA:1826,1
DA:1827,1
DA:1828,2
DA:1829,2
DA:1830,2
DA:1831,1
DA:1832,1
DA:1833,1
DA:1834,1
DA:1835,1
DA:1836,2
DA:1837,0
DA:1838,0
DA:1839,0
DA:1840,2
DA:1841,1
DA:1842,1
DA:1843,1
DA:1844,1
DA:1845,1
DA:1846,1
DA:1847,1
DA:1848,1
DA:1849,1
DA:1850,1
DA:1851,0
DA:1852,0
DA:1853,1
DA:1854,1
DA:1855,1
DA:1856,1
DA:1857,2
DA:1858,2
DA:1859,2
DA:1860,2
DA:1861,2
DA:1862,2
DA:1863,0
DA:1864,0
DA:1865,0
DA:1866,0
DA:1867,2
DA:1868,2
DA:1869,2
DA:1870,0
DA:1871,0
DA:1872,0
DA:1873,0
DA:1874,2
DA:1875,2
DA:1876,2
DA:1877,1
DA:1878,1
DA:1879,1
DA:1880,1
DA:1881,1
DA:1882,2
DA:1883,0
DA:1884,0
DA:1885,0
DA:1886,0
DA:1887,0
DA:1888,1
DA:1889,1
DA:1890,1
DA:1891,1
DA:1892,2
DA:1893,1
DA:1894,1
DA:1895,1
DA:1896,1
DA:1897,1
DA:1898,1
DA:1899,1
DA:1900,1
DA:1901,1
DA:1902,1
DA:1903,1
DA:1904,1
DA:1905,1
DA:1906,1
DA:1907,2
DA:1908,2
DA:1909,2
DA:1910,2
DA:1911,2
DA:1912,1
DA:1913,2
DA:1914,0
DA:1915,0
DA:1916,0
DA:1917,0
DA:1918,0
DA:1919,0
DA:1920,0
DA:1921,0
DA:1922,0
DA:1923,0
DA:1924,0
DA:1925,0
DA:1926,0
DA:1927,0
DA:1928,0
DA:1929,0
DA:1930,0
DA:1931,0
DA:1932,0
DA:1933,0
DA:1934,0
DA:1935,0
DA:1936,0
DA:1937,0
DA:1938,0
DA:1939,0
DA:1940,0
DA:1941,0
DA:1942,0
DA:1943,1
DA:1944,1
DA:1945,2
DA:1946,1
DA:1947,1
DA:1948,0
DA:1949,0
DA:1950,0
DA:1951,0
DA:1952,0
DA:1953,0
DA:1954,0
DA:1955,0
DA:1956,0
DA:1957,0
DA:1958,0
DA:1959,0
DA:1960,0
DA:1961,0
DA:1962,0
DA:1963,0
DA:1964,0
DA:1965,0
DA:1966,1
DA:1967,1
DA:1968,1
DA:1969,1
DA:1970,1
DA:1971,1
DA:1972,1
DA:1973,1
DA:1974,1
DA:1975,1
DA:1976,1
DA:1977,1
DA:1978,1
DA:1979,1
DA:1980,1
DA:1981,1
DA:1982,1
DA:1983,2
DA:1984,2
DA:1985,2
DA:1986,2
DA:1987,2
DA:1988,1
DA:1989,1
DA:1990,1
DA:1991,1
DA:1992,1
DA:1993,1
DA:1994,1
DA:1995,1
DA:1996,1
DA:1997,1
DA:1998,1
DA:1999,1
DA:2000,1
DA:2001,1
DA:2002,1
DA:2003,2
DA:2004,0
DA:2005,0
DA:2006,0
DA:2007,2
DA:2008,1
DA:2009,1
DA:2010,1
DA:2011,2
DA:2012,2
DA:2013,2
DA:2014,2
DA:2015,2
DA:2016,2
DA:2017,2
DA:2018,0
DA:2019,0
DA:2020,0
DA:2021,0
DA:2022,2
DA:2023,2
DA:2024,2
DA:2025,2
DA:2026,0
DA:2027,0
DA:2028,2
DA:2029,2
DA:2030,0
DA:2031,0
DA:2032,0
DA:2033,0
DA:2034,2
DA:2035,2
DA:2036,1
DA:2037,1
DA:2038,1
DA:2039,1
DA:2040,1
DA:2041,1
DA:2042,2
DA:2043,0
DA:2044,0
DA:2045,0
DA:2046,0
DA:2047,2
DA:2048,0
DA:2049,0
DA:2050,0
DA:2051,0
DA:2052,1
DA:2053,1
DA:2054,1
DA:2055,1
DA:2056,2
DA:2057,0
DA:2058,0
DA:2059,0
DA:2060,0
DA:2061,1
DA:2062,1
DA:2063,1
DA:2064,1
DA:2065,1
DA:2066,1
DA:2067,1
DA:2068,1
DA:2069,1
DA:2070,1
DA:2071,1
DA:2072,1
DA:2073,1
DA:2074,2
DA:2075,2
DA:2076,2
DA:2077,2
DA:2078,2
DA:2079,2
DA:2080,2
DA:2081,1
DA:2082,1
DA:2083,1
DA:2084,1
DA:2085,1
DA:2086,1
DA:2087,1
DA:2088,2
DA:2089,2
DA:2090,2
DA:2091,2
DA:2092,2
DA:2093,2
DA:2094,2
DA:2095,2
DA:2096,2
DA:2097,2
DA:2098,2
DA:2099,1
DA:2100,1
DA:2101,1
DA:2102,1
DA:2103,1
DA:2104,1
DA:2105,1
DA:2106,1
DA:2107,1
DA:2108,1
DA:2109,1
DA:2110,1
DA:2111,1
DA:2112,1
DA:2113,1
DA:2114,1
DA:2115,1
DA:2116,2
DA:2117,2
DA:2118,2
DA:2119,2
DA:2120,2
DA:2121,2
DA:2122,1
DA:2123,1
DA:2124,1
DA:2125,1
DA:2126,1
DA:2127,1
DA:2128,1
DA:2129,1
DA:2130,1
DA:2131,1
DA:2132,1
DA:2133,1
DA:2134,2
DA:2135,0
DA:2136,0
DA:2137,0
DA:2138,2
DA:2139,1
DA:2140,1
DA:2141,0
DA:2142,0
DA:2143,0
DA:2144,0
DA:2145,0
DA:2146,0
DA:2147,0
DA:2148,0
DA:2149,0
DA:2150,0
DA:2151,0
DA:2152,1
DA:2153,1
DA:2154,1
DA:2155,1
DA:2156,1
DA:2157,1
DA:2158,1
DA:2159,1
DA:2160,1
DA:2161,1
DA:2162,1
DA:2163,1
DA:2164,1
DA:2165,1
DA:2166,1
DA:2167,1
DA:2168,1
DA:2169,1
DA:2170,1
DA:2171,1
DA:2172,1
DA:2173,1
LF:2173
LH:1701
BRDA:16,0,0,10
BRDA:21,1,0,0
BRDA:31,2,0,0
BRDA:37,3,0,4
BRDA:47,4,0,0
BRDA:50,5,0,0
BRDA:57,6,0,0
BRDA:67,7,0,0
BRDA:81,8,0,21
BRDA:82,9,0,0
BRDA:88,10,0,7
BRDA:94,11,0,6
BRDA:94,12,0,6
BRDA:94,13,0,6
BRDA:94,14,0,1
BRDA:98,15,0,6
BRDA:102,16,0,5
BRDA:103,17,0,1
BRDA:107,18,0,4
BRDA:109,19,0,1
BRDA:113,20,0,3
BRDA:117,21,0,0
BRDA:134,22,0,3
BRDA:136,23,0,2
BRDA:145,24,0,0
BRDA:152,25,0,0
BRDA:160,26,0,1
BRDA:160,27,0,1
BRDA:184,28,0,1
BRDA:194,29,0,0
BRDA:196,30,0,1
BRDA:202,31,0,1
BRDA:204,32,0,1
BRDA:209,33,0,0
BRDA:214,34,0,1
BRDA:214,35,0,0
BRDA:233,36,0,1
BRDA:236,37,0,0
BRDA:239,38,0,0
BRDA:246,39,0,1
BRDA:257,40,0,0
BRDA:272,41,0,1
BRDA:272,42,0,0
BRDA:276,43,0,1
BRDA:281,44,0,0
BRDA:286,45,0,1
BRDA:293,46,0,2
BRDA:299,47,0,0
BRDA:306,48,0,1
BRDA:327,49,0,0
BRDA:334,50,0,1
BRDA:415,51,0,0
BRDA:350,52,0,1
BRDA:378,53,0,0
BRDA:380,54,0,0
BRDA:383,55,0,0
BRDA:387,56,0,0
BRDA:391,57,0,0
BRDA:422,58,0,2
BRDA:428,59,0,0
BRDA:437,60,0,1
BRDA:445,61,0,0
BRDA:450,62,0,1
BRDA:453,63,0,0
BRDA:453,64,0,0
BRDA:458,65,0,1
BRDA:468,66,0,0
BRDA:479,67,0,0
BRDA:486,68,0,2
BRDA:489,69,0,0
BRDA:503,70,0,1
BRDA:521,71,0,0
BRDA:521,72,0,0
BRDA:523,73,0,1
BRDA:525,74,0,0
BRDA:531,75,0,1
BRDA:550,76,0,1
BRDA:582,77,0,0
BRDA:501,78,0,1
BRDA:553,79,0,2
BRDA:554,80,0,0
BRDA:555,81,0,0
BRDA:557,82,0,0
BRDA:570,83,0,2
BRDA:572,84,0,2
BRDA:573,85,0,2
BRDA:575,86,0,2
BRDA:577,87,0,2
BRDA:590,88,0,2
BRDA:603,89,0,0
BRDA:611,90,0,1
BRDA:623,91,0,0
BRDA:628,92,0,1
BRDA:630,93,0,0
BRDA:635,94,0,1
BRDA:649,95,0,0
BRDA:654,96,0,1
BRDA:669,97,0,0
BRDA:673,98,0,1
BRDA:689,99,0,0
BRDA:695,100,0,2
BRDA:701,101,0,0
BRDA:707,102,0,1
BRDA:714,103,0,0
BRDA:719,104,0,1
BRDA:722,105,0,0
BRDA:726,106,0,1
BRDA:732,107,0,1
BRDA:733,108,0,1
BRDA:735,109,0,0
BRDA:741,110,0,1
BRDA:746,111,0,0
BRDA:747,112,0,1
BRDA:749,113,0,0
BRDA:749,114,0,0
BRDA:761,115,0,1
BRDA:766,116,0,0
BRDA:766,117,0,1
BRDA:768,118,0,0
BRDA:769,119,0,1
BRDA:783,120,0,1
BRDA:807,121,0,1
BRDA:807,122,0,1
BRDA:808,123,0,1
BRDA:811,124,0,0
BRDA:818,125,0,4
BRDA:822,126,0,0
BRDA:832,127,0,0
BRDA:840,128,0,0
BRDA:854,129,0,0
BRDA:867,130,0,3
BRDA:868,131,0,1
BRDA:869,132,0,0
BRDA:873,133,0,3
BRDA:877,134,0,0
BRDA:878,135,0,0
BRDA:882,136,0,3
BRDA:882,137,0,0
BRDA:883,138,0,0
BRDA:886,139,0,0
BRDA:890,140,0,3
BRDA:895,141,0,1
BRDA:901,142,0,0
BRDA:907,143,0,0
BRDA:915,144,0,0
BRDA:930,145,0,0
BRDA:943,146,0,2
BRDA:946,147,0,1
BRDA:967,148,0,0
BRDA:967,149,0,1
BRDA:970,150,0,0
BRDA:973,151,0,1
BRDA:979,152,0,0
BRDA:1003,153,0,1
BRDA:1023,154,0,0
BRDA:1030,155,0,3
BRDA:1033,156,0,0
BRDA:1043,157,0,2
BRDA:1043,158,0,1
BRDA:1048,159,0,2
BRDA:1051,160,0,0
BRDA:1055,161,0,2
BRDA:1057,162,0,1
BRDA:1067,163,0,1
BRDA:1070,164,0,1
BRDA:1071,165,0,1
BRDA:1073,166,0,0
BRDA:1077,167,0,1
BRDA:1085,168,0,0
BRDA:1089,169,0,1
BRDA:1095,170,0,0
BRDA:1103,171,0,1
BRDA:1128,172,0,0
BRDA:1135,173,0,2
BRDA:1140,174,0,0
BRDA:1148,175,0,0
BRDA:1155,176,0,1
BRDA:1161,177,0,0
BRDA:1166,178,0,1
BRDA:1184,179,0,0
BRDA:1187,180,0,1
BRDA:1201,181,0,0
BRDA:1213,182,0,0
BRDA:1218,183,0,1
BRDA:1221,184,0,0
BRDA:1232,185,0,1
BRDA:1269,186,0,0
BRDA:1276,187,0,2
BRDA:1281,188,0,0
BRDA:1289,189,0,0
BRDA:1296,190,0,1
BRDA:1304,191,0,0
BRDA:1311,192,0,3
BRDA:1315,193,0,0
BRDA:1323,194,0,1
BRDA:1328,195,0,2
BRDA:1330,196,0,0
BRDA:1335,197,0,2
BRDA:1337,198,0,0
BRDA:1342,199,0,2
BRDA:1361,200,0,0
BRDA:1361,201,0,2
BRDA:1364,202,0,0
BRDA:1368,203,0,2
BRDA:1370,204,0,0
BRDA:1370,205,0,2
BRDA:1371,206,0,1
BRDA:1374,207,0,0
BRDA:1379,208,0,2
BRDA:1401,209,0,1
BRDA:1453,210,0,1
BRDA:1454,211,0,1
BRDA:1456,212,0,0
BRDA:1462,213,0,1
BRDA:1471,214,0,0
BRDA:1481,215,0,1
BRDA:1490,216,0,1
BRDA:1500,217,0,0
BRDA:1510,218,0,3
BRDA:1513,219,0,0
BRDA:1523,220,0,0
BRDA:1530,221,0,0
BRDA:1538,222,0,0
BRDA:1546,223,0,0
BRDA:1553,224,0,0
BRDA:1560,225,0,1
BRDA:1569,226,0,2
BRDA:1574,227,0,2
BRDA:1575,228,0,2
BRDA:1577,229,0,0
BRDA:1581,230,0,2
BRDA:1589,231,0,1
BRDA:1608,232,0,0
BRDA:1608,233,0,1
BRDA:1611,234,0,0
BRDA:1612,235,0,1
BRDA:1613,236,0,0
BRDA:1613,237,0,1
BRDA:1615,238,0,1
BRDA:1621,239,0,0
BRDA:1660,240,0,0
BRDA:1670,241,0,2
BRDA:1676,242,0,0
BRDA:1684,243,0,0
BRDA:1689,244,0,0
BRDA:1697,245,0,0
BRDA:1704,246,0,1
BRDA:1720,247,0,0
BRDA:1732,248,0,0
BRDA:1739,249,0,2
BRDA:1745,250,0,1
BRDA:1754,251,0,0
BRDA:1757,252,0,1
BRDA:1761,253,0,0
BRDA:1763,254,0,1
BRDA:1766,255,0,0
BRDA:1771,256,0,1
BRDA:1783,257,0,0
BRDA:1784,258,0,1
BRDA:1791,259,0,0
BRDA:1798,260,0,2
BRDA:1805,261,0,1
BRDA:1812,262,0,0
BRDA:1814,263,0,1
BRDA:1817,264,0,0
BRDA:1822,265,0,1
BRDA:1828,266,0,0
BRDA:1830,267,0,1
BRDA:1836,268,0,0
BRDA:1843,269,0,1
BRDA:1850,270,0,0
BRDA:1856,271,0,2
BRDA:1862,272,0,0
BRDA:1869,273,0,0
BRDA:1876,274,0,1
BRDA:1882,275,0,0
BRDA:1887,276,0,1
BRDA:1892,277,0,0
BRDA:1892,278,0,1
BRDA:1907,279,0,0
BRDA:1911,280,0,1
BRDA:1913,281,0,0
BRDA:1942,282,0,1
BRDA:1945,283,0,1
BRDA:1947,284,0,0
BRDA:1983,285,0,0
BRDA:1985,286,0,1
BRDA:1987,287,0,1
BRDA:2003,288,0,0
BRDA:2010,289,0,2
BRDA:2017,290,0,0
BRDA:2025,291,0,0
BRDA:2029,292,0,0
BRDA:2035,293,0,1
BRDA:2042,294,0,0
BRDA:2046,295,0,1
BRDA:2047,296,0,0
BRDA:2051,297,0,1
BRDA:2056,298,0,0
BRDA:2060,299,0,1
BRDA:2074,300,0,0
BRDA:2080,301,0,1
BRDA:2090,302,0,1
BRDA:2096,303,0,1
BRDA:2098,304,0,1
BRDA:2121,305,0,1
BRDA:2134,306,0,0
BRF:307
BRH:161
end_of_record
TN:
SF:controller\club.controller.js
FN:18,getAllClubs
FN:127,timeToMinutes
FN:134,getClubById
FN:298,getClubsByAccount
FN:357,registerClub
FN:493,updateClub
FN:607,getClubStatistics
FN:703,completeOnboarding
FNF:8
FNH:8
FNDA:1,getAllClubs
FNDA:6,timeToMinutes
FNDA:2,getClubById
FNDA:5,getClubsByAccount
FNDA:8,registerClub
FNDA:5,updateClub
FNDA:8,getClubStatistics
FNDA:5,completeOnboarding
DA:1,1
DA:2,1
DA:3,1
DA:4,1
DA:5,1
DA:6,1
DA:7,1
DA:8,1
DA:9,1
DA:10,1
DA:11,1
DA:12,1
DA:13,1
DA:14,1
DA:15,1
DA:16,1
DA:17,1
DA:18,1
DA:19,1
DA:20,1
DA:21,1
DA:22,1
DA:23,1
DA:24,1
DA:25,1
DA:26,1
DA:27,1
DA:28,1
DA:29,1
DA:30,1
DA:31,1
DA:32,0
DA:33,0
DA:34,1
DA:35,1
DA:36,0
DA:37,0
DA:38,1
DA:39,1
DA:40,1
DA:41,1
DA:42,1
DA:43,1
DA:44,1
DA:45,1
DA:46,0
DA:47,0
DA:48,0
DA:49,1
DA:50,0
DA:51,0
DA:52,0
DA:53,1
DA:54,1
DA:55,1
DA:56,1
DA:57,1
DA:58,1
DA:59,1
DA:60,1
DA:61,1
DA:62,1
DA:63,1
DA:64,1
DA:65,1
DA:66,1
DA:67,1
DA:68,1
DA:69,1
DA:70,1
DA:71,1
DA:72,1
DA:73,1
DA:74,1
DA:75,1
DA:76,1
DA:77,1
DA:78,1
DA:79,1
DA:80,1
DA:81,1
DA:82,1
DA:83,1
DA:84,1
DA:85,1
DA:86,1
DA:87,1
DA:88,0
DA:89,0
DA:90,0
DA:91,0
DA:92,0
DA:93,0
DA:94,0
DA:95,0
DA:96,1
DA:97,1
DA:98,1
DA:99,1
DA:100,1
DA:101,1
DA:102,1
DA:103,1
DA:104,1
DA:105,0
DA:106,0
DA:107,0
DA:108,1
DA:109,1
DA:110,1
DA:111,1
DA:112,1
DA:113,1
DA:114,1
DA:115,1
DA:116,1
DA:117,1
DA:118,1
DA:119,1
DA:120,1
DA:121,0
DA:122,0
DA:123,0
DA:124,1
DA:125,1
DA:126,1
DA:127,1
DA:128,6
DA:129,6
DA:130,6
DA:131,6
DA:132,1
DA:133,1
DA:134,1
DA:135,2
DA:136,2
DA:137,2
DA:138,2
DA:139,2
DA:140,2
DA:141,2
DA:142,0
DA:143,0
DA:144,2
DA:145,2
DA:146,2
DA:147,2
DA:148,2
DA:149,2
DA:150,2
DA:151,0
DA:152,0
DA:153,0
DA:154,2
DA:155,0
DA:156,0
DA:157,0
DA:158,2
DA:159,2
DA:160,2
DA:161,2
DA:162,2
DA:163,2
DA:164,2
DA:165,2
DA:166,2
DA:167,2
DA:168,2
DA:169,2
DA:170,2
DA:171,2
DA:172,2
DA:173,2
DA:174,2
DA:175,2
DA:176,2
DA:177,2
DA:178,2
DA:179,2
DA:180,2
DA:181,2
DA:182,2
DA:183,2
DA:184,2
DA:185,2
DA:186,2
DA:187,2
DA:188,2
DA:189,2
DA:190,2
DA:191,2
DA:192,2
DA:193,2
DA:194,2
DA:195,2
DA:196,2
DA:197,2
DA:198,2
DA:199,2
DA:200,2
DA:201,2
DA:202,2
DA:203,2
DA:204,2
DA:205,2
DA:206,2
DA:207,2
DA:208,1
DA:209,1
DA:210,1
DA:211,1
DA:212,1
DA:213,1
DA:214,1
DA:215,1
DA:216,1
DA:217,1
DA:218,1
DA:219,1
DA:220,1
DA:221,1
DA:222,1
DA:223,1
DA:224,1
DA:225,0
DA:226,1
DA:227,1
DA:228,1
DA:229,1
DA:230,0
DA:231,0
DA:232,0
DA:233,0
DA:234,0
DA:235,0
DA:236,1
DA:237,0
DA:238,0
DA:239,0
DA:240,0
DA:241,0
DA:242,1
DA:243,2
DA:244,2
DA:245,1
DA:246,1
DA:247,2
DA:248,2
DA:249,2
DA:250,2
DA:251,2
DA:252,2
DA:253,2
DA:254,2
DA:255,2
DA:256,0
DA:257,0
DA:258,2
DA:259,2
DA:260,2
DA:261,2
DA:262,2
DA:263,2
DA:264,2
DA:265,0
DA:266,0
DA:267,2
DA:268,2
DA:269,2
DA:270,2
DA:271,2
DA:272,0
DA:273,0
DA:274,0
DA:275,0
DA:276,0
DA:277,0
DA:278,0
DA:279,0
DA:280,0
DA:281,0
DA:282,0
DA:283,2
DA:284,2
DA:285,2
DA:286,2
DA:287,2
DA:288,2
DA:289,2
DA:290,0
DA:291,0
DA:292,0
DA:293,2
DA:294,1
DA:295,1
DA:296,1
DA:297,1
DA:298,1
DA:299,5
DA:300,5
DA:301,5
DA:302,5
DA:303,5
DA:304,1
DA:305,1
DA:306,4
DA:307,4
DA:308,3
DA:309,3
DA:310,3
DA:311,3
DA:312,3
DA:313,3
DA:314,3
DA:315,3
DA:316,3
DA:317,3
DA:318,3
DA:319,3
DA:320,3
DA:321,3
DA:322,3
DA:323,3
DA:324,3
DA:325,3
DA:326,3
DA:327,3
DA:328,2
DA:329,2
DA:330,2
DA:331,2
DA:332,3
DA:333,3
DA:334,2
DA:335,2
DA:336,2
DA:337,3
DA:338,3
DA:339,3
DA:340,3
DA:341,3
DA:342,3
DA:343,3
DA:344,3
DA:345,3
DA:346,3
DA:347,3
DA:348,5
DA:349,1
DA:350,1
DA:351,1
DA:352,5
DA:353,1
DA:354,1
DA:355,1
DA:356,1
DA:357,1
DA:358,8
DA:359,8
DA:360,8
DA:361,8
DA:362,8
DA:363,8
DA:364,8
DA:365,8
DA:366,8
DA:367,8
DA:368,8
DA:369,8
DA:370,8
DA:371,8
DA:372,8
DA:373,8
DA:374,8
DA:375,8
DA:376,8
DA:377,8
DA:378,1
DA:379,1
DA:380,7
DA:381,8
DA:382,1
DA:383,1
DA:384,1
DA:385,1
DA:386,1
DA:387,6
DA:388,6
DA:389,8
DA:390,1
DA:391,1
DA:392,1
DA:393,1
DA:394,1
DA:395,5
DA:396,5
DA:397,8
DA:398,8
DA:399,8
DA:400,8
DA:401,8
DA:402,8
DA:403,4
DA:404,4
DA:405,4
DA:406,4
DA:407,4
DA:408,4
DA:409,4
DA:410,4
DA:411,4
DA:412,3
DA:413,3
DA:414,3
DA:415,3
DA:416,3
DA:417,3
DA:418,4
DA:419,1
DA:420,1
DA:421,8
DA:422,1
DA:423,1
DA:424,1
DA:425,1
DA:426,5
DA:427,5
DA:428,5
DA:429,5
DA:430,5
DA:431,5
DA:432,5
DA:433,5
DA:434,5
DA:435,5
DA:436,5
DA:437,5
DA:438,5
DA:439,5
DA:440,8
DA:441,8
DA:442,8
DA:443,8
DA:444,8
DA:445,8
DA:446,4
DA:447,8
DA:448,1
DA:449,1
DA:450,1
DA:451,2
DA:452,2
DA:453,2
DA:454,1
DA:455,1
DA:456,1
DA:457,1
DA:458,1
DA:459,1
DA:460,4
DA:461,4
DA:462,4
DA:463,4
DA:464,4
DA:465,4
DA:466,4
DA:467,4
DA:468,4
DA:469,4
DA:470,4
DA:471,8
DA:472,8
DA:473,1
DA:474,1
DA:475,1
DA:476,1
DA:477,1
DA:478,1
DA:479,1
DA:480,1
DA:481,4
DA:482,4
DA:483,4
DA:484,4
DA:485,4
DA:486,4
DA:487,8
DA:488,1
DA:489,1
DA:490,1
DA:491,8
DA:492,1
DA:493,1
DA:494,5
DA:495,5
DA:496,5
DA:497,5
DA:498,5
DA:499,5
DA:500,5
DA:501,5
DA:502,5
DA:503,5
DA:504,5
DA:505,5
DA:506,5
DA:507,5
DA:508,5
DA:509,5
DA:510,5
DA:511,5
DA:512,5
DA:513,5
DA:514,5
DA:515,5
DA:516,5
DA:517,5
DA:518,5
DA:519,1
DA:520,1
DA:521,4
DA:522,4
DA:523,5
DA:524,5
DA:525,5
DA:526,5
DA:527,5
DA:528,5
DA:529,5
DA:530,5
DA:531,5
DA:532,5
DA:533,5
DA:534,5
DA:535,5
DA:536,5
DA:537,0
DA:538,0
DA:539,4
DA:540,4
DA:541,5
DA:542,0
DA:543,0
DA:544,0
DA:545,0
DA:546,0
DA:547,4
DA:548,4
DA:549,5
DA:550,2
DA:551,2
DA:552,2
DA:553,4
DA:554,4
DA:555,4
DA:556,4
DA:557,5
DA:558,2
DA:559,2
DA:560,2
DA:561,2
DA:562,2
DA:563,2
DA:564,2
DA:565,4
DA:566,4
DA:567,5
DA:568,2
DA:569,2
DA:570,2
DA:571,2
DA:572,1
DA:573,2
DA:574,2
DA:575,2
DA:576,1
DA:577,1
DA:578,1
DA:579,2
DA:580,4
DA:581,4
DA:582,5
DA:583,1
DA:584,1
DA:585,1
DA:586,1
DA:587,1
DA:588,2
DA:589,2
DA:590,2
DA:591,1
DA:592,1
DA:593,1
DA:594,1
DA:595,1
DA:596,1
DA:597,1
DA:598,4
DA:599,4
DA:600,5
DA:601,0
DA:602,0
DA:603,0
DA:604,5
DA:605,1
DA:606,1
DA:607,1
DA:608,8
DA:609,8
DA:610,8
DA:611,8
DA:612,8
DA:613,8
DA:614,4
DA:615,4
DA:616,3
DA:617,3
DA:618,3
DA:619,1
DA:620,1
DA:621,2
DA:622,4
DA:623,1
DA:624,1
DA:625,6
DA:626,6
DA:627,8
DA:628,1
DA:629,1
DA:630,4
DA:631,8
DA:632,1
DA:633,1
DA:634,3
DA:635,3
DA:636,3
DA:637,8
DA:638,1
DA:639,1
DA:640,1
DA:641,1
DA:642,3
DA:643,3
DA:644,3
DA:645,3
DA:646,3
DA:647,3
DA:648,3
DA:649,8
DA:650,3
DA:651,3
DA:652,3
DA:653,3
DA:654,3
DA:655,3
DA:656,3
DA:657,3
DA:658,3
DA:659,3
DA:660,8
DA:661,3
DA:662,3
DA:663,3
DA:664,3
DA:665,3
DA:666,3
DA:667,3
DA:668,3
DA:669,8
DA:670,3
DA:671,3
DA:672,3
DA:673,3
DA:674,3
DA:675,3
DA:676,3
DA:677,3
DA:678,3
DA:679,0
DA:680,0
DA:681,0
DA:682,0
DA:683,0
DA:684,0
DA:685,3
DA:686,3
DA:687,0
DA:688,0
DA:689,0
DA:690,0
DA:691,0
DA:692,0
DA:693,3
DA:694,3
DA:695,3
DA:696,3
DA:697,8
DA:698,1
DA:699,1
DA:700,1
DA:701,8
DA:702,1
DA:703,1
DA:704,5
DA:705,5
DA:706,5
DA:707,5
DA:708,5
DA:709,5
DA:710,1
DA:711,1
DA:712,3
DA:713,3
DA:714,3
DA:715,3
DA:716,3
DA:717,3
DA:718,3
DA:719,3
DA:720,3
DA:721,5
DA:722,2
DA:723,2
DA:724,2
DA:725,2
DA:726,3
DA:727,3
DA:728,3
DA:729,3
DA:730,3
DA:731,3
DA:732,3
DA:733,3
DA:734,3
DA:735,3
DA:736,5
DA:737,1
DA:738,1
DA:739,1
DA:740,5
DA:741,1
DA:742,1
DA:743,1
DA:744,1
DA:745,1
DA:746,1
DA:747,1
DA:748,1
DA:749,1
DA:750,1
LF:750
LH:666
BRDA:18,0,0,1
BRDA:31,1,0,0
BRDA:35,2,0,0
BRDA:120,3,0,0
BRDA:43,4,0,1
BRDA:45,5,0,0
BRDA:49,6,0,0
BRDA:55,7,0,0
BRDA:56,8,0,0
BRDA:57,9,0,0
BRDA:61,10,0,0
BRDA:62,11,0,0
BRDA:83,12,0,0
BRDA:87,13,0,0
BRDA:104,14,0,0
BRDA:127,15,0,6
BRDA:128,16,0,0
BRDA:134,17,0,2
BRDA:141,18,0,0
BRDA:150,19,0,0
BRDA:154,20,0,0
BRDA:178,21,0,0
BRDA:179,22,0,1
BRDA:182,23,0,0
BRDA:195,24,0,0
BRDA:207,25,0,1
BRDA:224,26,0,0
BRDA:225,27,0,0
BRDA:229,28,0,0
BRDA:236,29,0,0
BRDA:244,30,0,1
BRDA:245,31,0,0
BRDA:255,32,0,0
BRDA:264,33,0,0
BRDA:264,34,0,0
BRDA:271,35,0,0
BRDA:289,36,0,0
BRDA:254,37,0,2
BRDA:298,38,0,5
BRDA:301,39,0,1
BRDA:303,40,0,1
BRDA:305,41,0,4
BRDA:307,42,0,3
BRDA:348,43,0,1
BRDA:310,44,0,3
BRDA:319,45,0,0
BRDA:327,46,0,2
BRDA:327,47,0,2
BRDA:329,48,0,1
BRDA:330,49,0,1
BRDA:333,50,0,2
BRDA:316,51,0,1
BRDA:317,52,0,1
BRDA:357,53,0,8
BRDA:377,54,0,7
BRDA:377,55,0,1
BRDA:379,56,0,7
BRDA:381,57,0,6
BRDA:381,58,0,6
BRDA:381,59,0,6
BRDA:381,60,0,1
BRDA:386,61,0,6
BRDA:389,62,0,1
BRDA:394,63,0,5
BRDA:397,64,0,4
BRDA:398,65,0,4
BRDA:402,66,0,1
BRDA:402,67,0,4
BRDA:409,68,0,0
BRDA:410,69,0,0
BRDA:411,70,0,3
BRDA:418,71,0,1
BRDA:421,72,0,1
BRDA:424,73,0,0
BRDA:424,74,0,0
BRDA:425,75,0,5
BRDA:441,76,0,0
BRDA:442,77,0,0
BRDA:443,78,0,5
BRDA:445,79,0,4
BRDA:447,80,0,1
BRDA:447,81,0,1
BRDA:459,82,0,4
BRDA:471,83,0,0
BRDA:472,84,0,4
BRDA:472,85,0,1
BRDA:480,86,0,4
BRDA:487,87,0,1
BRDA:449,88,0,2
BRDA:450,89,0,2
BRDA:473,90,0,1
BRDA:476,91,0,0
BRDA:493,92,0,5
BRDA:518,93,0,1
BRDA:520,94,0,4
BRDA:523,95,0,2
BRDA:523,96,0,4
BRDA:524,97,0,0
BRDA:524,98,0,4
BRDA:525,99,0,0
BRDA:525,100,0,4
BRDA:526,101,0,0
BRDA:526,102,0,4
BRDA:527,103,0,0
BRDA:527,104,0,4
BRDA:528,105,0,0
BRDA:528,106,0,4
BRDA:529,107,0,0
BRDA:529,108,0,4
BRDA:530,109,0,0
BRDA:530,110,0,4
BRDA:531,111,0,0
BRDA:531,112,0,4
BRDA:532,113,0,0
BRDA:532,114,0,4
BRDA:533,115,0,0
BRDA:533,116,0,4
BRDA:534,117,0,0
BRDA:534,118,0,4
BRDA:535,119,0,0
BRDA:535,120,0,4
BRDA:536,121,0,0
BRDA:538,122,0,4
BRDA:541,123,0,0
BRDA:546,124,0,4
BRDA:549,125,0,2
BRDA:552,126,0,4
BRDA:557,127,0,2
BRDA:564,128,0,4
BRDA:567,129,0,2
BRDA:571,130,0,1
BRDA:579,131,0,4
BRDA:582,132,0,1
BRDA:597,133,0,4
BRDA:600,134,0,0
BRDA:572,135,0,2
BRDA:586,136,0,3
BRDA:587,137,0,2
BRDA:607,138,0,8
BRDA:613,139,0,4
BRDA:615,140,0,3
BRDA:618,141,0,1
BRDA:620,142,0,2
BRDA:622,143,0,1
BRDA:624,144,0,6
BRDA:626,145,0,5
BRDA:627,146,0,1
BRDA:629,147,0,4
BRDA:631,148,0,1
BRDA:633,149,0,3
BRDA:637,150,0,1
BRDA:637,151,0,1
BRDA:641,152,0,3
BRDA:649,153,0,1
BRDA:649,154,0,3
BRDA:660,155,0,1
BRDA:660,156,0,3
BRDA:669,157,0,1
BRDA:669,158,0,3
BRDA:697,159,0,1
BRDA:645,160,0,1
BRDA:655,161,0,1
BRDA:656,162,0,1
BRDA:656,163,0,0
BRDA:703,164,0,5
BRDA:708,165,0,4
BRDA:709,166,0,1
BRDA:711,167,0,3
BRDA:721,168,0,2
BRDA:721,169,0,2
BRDA:723,170,0,1
BRDA:724,171,0,1
BRDA:725,172,0,3
BRDA:736,173,0,1
BRF:174
BRH:119
end_of_record
TN:
SF:controller\clubAnalytics.controller.js
FN:11,getClubAnalytics
FN:140,toMins
FNF:2
FNH:2
FNDA:3,getClubAnalytics
FNDA:2,toMins
DA:1,1
DA:2,1
DA:3,1
DA:4,1
DA:5,1
DA:6,1
DA:7,1
DA:8,1
DA:9,1
DA:10,1
DA:11,1
DA:12,3
DA:13,3
DA:14,3
DA:15,3
DA:16,3
DA:17,0
DA:18,0
DA:19,3
DA:20,3
DA:21,3
DA:22,1
DA:23,1
DA:24,2
DA:25,3
DA:26,1
DA:27,1
DA:28,1
DA:29,1
DA:30,1
DA:31,3
DA:32,1
DA:33,1
DA:34,3
DA:35,0
DA:36,0
DA:37,0
DA:38,0
DA:39,0
DA:40,0
DA:41,0
DA:42,1
DA:43,1
DA:44,1
DA:45,1
DA:46,1
DA:47,1
DA:48,1
DA:49,1
DA:50,1
DA:51,1
DA:52,1
DA:53,1
DA:54,1
DA:55,1
DA:56,1
DA:57,1
DA:58,1
DA:59,1
DA:60,1
DA:61,1
DA:62,1
DA:63,1
DA:64,1
DA:65,1
DA:66,1
DA:67,1
DA:68,1
DA:69,1
DA:70,1
DA:71,1
DA:72,1
DA:73,1
DA:74,1
DA:75,1
DA:76,1
DA:77,1
DA:78,1
DA:79,1
DA:80,1
DA:81,1
DA:82,1
DA:83,1
DA:84,1
DA:85,1
DA:86,0
DA:87,0
DA:88,1
DA:89,1
DA:90,1
DA:91,1
DA:92,1
DA:93,1
DA:94,1
DA:95,1
DA:96,1
DA:97,1
DA:98,1
DA:99,1
DA:100,1
DA:101,1
DA:102,1
DA:103,1
DA:104,1
DA:105,1
DA:106,1
DA:107,1
DA:108,1
DA:109,3
DA:110,1
DA:111,1
DA:112,1
DA:113,1
DA:114,1
DA:115,1
DA:116,1
DA:117,1
DA:118,1
DA:119,1
DA:120,1
DA:121,1
DA:122,1
DA:123,1
DA:124,1
DA:125,1
DA:126,1
DA:127,1
DA:128,1
DA:129,1
DA:130,1
DA:131,1
DA:132,1
DA:133,1
DA:134,1
DA:135,1
DA:136,1
DA:137,1
DA:138,1
DA:139,1
DA:140,1
DA:141,2
DA:142,2
DA:143,1
DA:144,1
DA:145,1
DA:146,1
DA:147,1
DA:148,1
DA:149,1
DA:150,1
DA:151,1
DA:152,1
DA:153,1
DA:154,1
DA:155,1
DA:156,1
DA:157,1
DA:158,1
DA:159,1
DA:160,1
DA:161,1
DA:162,1
DA:163,1
DA:164,1
DA:165,1
DA:166,1
DA:167,1
DA:168,1
DA:169,1
DA:170,1
DA:171,1
DA:172,1
DA:173,1
DA:174,1
DA:175,1
DA:176,1
DA:177,1
DA:178,1
DA:179,1
DA:180,1
DA:181,1
DA:182,1
DA:183,1
DA:184,1
DA:185,0
DA:186,0
DA:187,1
DA:188,1
DA:189,1
DA:190,1
DA:191,1
DA:192,1
DA:193,1
DA:194,1
DA:195,1
DA:196,1
DA:197,1
DA:198,1
DA:199,1
DA:200,1
DA:201,1
DA:202,1
DA:203,1
DA:204,1
DA:205,1
DA:206,1
DA:207,1
DA:208,1
DA:209,1
DA:210,1
DA:211,1
DA:212,2
DA:213,2
DA:214,2
DA:215,2
DA:216,2
DA:217,1
DA:218,1
DA:219,3
DA:220,3
DA:221,5
DA:222,5
DA:223,3
DA:224,3
DA:225,3
DA:226,3
DA:227,3
DA:228,3
DA:229,3
DA:230,1
DA:231,1
DA:232,1
DA:233,1
DA:234,1
DA:235,1
DA:236,1
DA:237,1
DA:238,1
DA:239,1
DA:240,1
DA:241,1
DA:242,0
DA:243,0
DA:244,0
DA:245,0
DA:246,0
DA:247,1
DA:248,1
DA:249,1
DA:250,1
DA:251,1
DA:252,1
DA:253,1
DA:254,0
DA:255,0
DA:256,0
DA:257,0
DA:258,0
DA:259,0
DA:260,1
DA:261,1
DA:262,1
DA:263,1
DA:264,1
DA:265,1
DA:266,1
DA:267,1
DA:268,1
DA:269,1
DA:270,1
DA:271,1
DA:272,3
DA:273,3
DA:274,3
DA:275,3
DA:276,3
DA:277,3
DA:278,3
DA:279,3
DA:280,3
DA:281,3
DA:282,3
DA:283,3
DA:284,3
DA:285,3
DA:286,3
DA:287,3
DA:288,3
DA:289,3
DA:290,3
DA:291,3
DA:292,3
DA:293,3
DA:294,3
DA:295,3
DA:296,3
DA:297,3
DA:298,3
DA:299,0
DA:300,0
DA:301,0
DA:302,3
DA:303,1
DA:304,1
DA:305,1
DA:306,1
LF:306
LH:279
BRDA:11,0,0,3
BRDA:16,1,0,0
BRDA:21,2,0,1
BRDA:23,3,0,2
BRDA:25,4,0,1
BRDA:31,5,0,1
BRDA:32,6,0,0
BRDA:33,7,0,0
BRDA:34,8,0,0
BRDA:41,9,0,1
BRDA:109,10,0,0
BRDA:109,11,0,1
BRDA:219,12,0,0
BRDA:229,13,0,1
BRDA:272,14,0,0
BRDA:273,15,0,1
BRDA:273,16,0,0
BRDA:298,17,0,0
BRDA:47,18,0,1
BRDA:50,19,0,1
BRDA:72,20,0,1
BRDA:74,21,0,0
BRDA:85,22,0,0
BRDA:105,23,0,1
BRDA:121,24,0,1
BRDA:122,25,0,0
BRDA:124,26,0,0
BRDA:125,27,0,0
BRDA:134,28,0,0
BRDA:134,29,0,0
BRDA:145,30,0,0
BRDA:140,31,0,2
BRDA:158,32,0,1
BRDA:160,33,0,1
BRDA:161,34,0,0
BRDA:177,35,0,1
BRDA:181,36,0,1
BRDA:182,37,0,0
BRDA:184,38,0,0
BRDA:187,39,0,0
BRDA:188,40,0,0
BRDA:196,41,0,1
BRDA:199,42,0,1
BRDA:202,43,0,1
BRDA:211,44,0,2
BRDA:212,45,0,0
BRDA:216,46,0,0
BRDA:220,47,0,4
BRDA:220,48,0,5
BRF:49
BRH:25
end_of_record
TN:
SF:controller\clubBank.controller.js
FN:4,maskSecret
FN:12,getBankByClub
FN:59,upsertBankByClub
FNF:3
FNH:3
FNDA:2,maskSecret
FNDA:2,getBankByClub
FNDA:2,upsertBankByClub
DA:1,1
DA:2,1
DA:3,1
DA:4,1
DA:5,2
DA:6,1
DA:7,2
DA:8,1
DA:9,1
DA:10,1
DA:11,1
DA:12,1
DA:13,2
DA:14,2
DA:15,2
DA:16,2
DA:17,0
DA:18,0
DA:19,2
DA:20,2
DA:21,2
DA:22,0
DA:23,0
DA:24,2
DA:25,2
DA:26,2
DA:27,2
DA:28,2
DA:29,2
DA:30,2
DA:31,2
DA:32,2
DA:33,2
DA:34,0
DA:35,0
DA:36,2
DA:37,2
DA:38,2
DA:39,2
DA:40,2
DA:41,2
DA:42,2
DA:43,2
DA:44,2
DA:45,2
DA:46,2
DA:47,2
DA:48,2
DA:49,2
DA:50,2
DA:51,2
DA:52,2
DA:53,0
DA:54,0
DA:55,0
DA:56,2
DA:57,1
DA:58,1
DA:59,1
DA:60,2
DA:61,2
DA:62,2
DA:63,2
DA:64,2
DA:65,2
DA:66,0
DA:67,0
DA:68,2
DA:69,2
DA:70,0
DA:71,0
DA:72,2
DA:73,2
DA:74,0
DA:75,0
DA:76,0
DA:77,0
DA:78,0
DA:79,2
DA:80,2
DA:81,2
DA:82,2
DA:83,1
DA:84,1
DA:85,1
DA:86,1
DA:87,1
DA:88,1
DA:89,1
DA:90,1
DA:91,1
DA:92,1
DA:93,1
DA:94,1
DA:95,2
DA:96,0
DA:97,0
DA:98,0
DA:99,0
DA:100,0
DA:101,0
DA:102,0
DA:103,1
DA:104,1
DA:105,1
DA:106,1
DA:107,1
DA:108,1
DA:109,2
DA:110,0
DA:111,0
DA:112,0
DA:113,2
DA:114,1
DA:115,1
DA:116,1
DA:117,1
DA:118,1
LF:118
LH:90
BRDA:4,0,0,2
BRDA:5,1,0,1
BRDA:7,2,0,0
BRDA:7,3,0,1
BRDA:12,4,0,2
BRDA:16,5,0,0
BRDA:21,6,0,0
BRDA:33,7,0,0
BRDA:41,8,0,0
BRDA:41,9,0,0
BRDA:43,10,0,1
BRDA:43,11,0,0
BRDA:43,12,0,1
BRDA:43,13,0,0
BRDA:44,14,0,1
BRDA:44,15,0,0
BRDA:44,16,0,1
BRDA:52,17,0,0
BRDA:59,18,0,2
BRDA:65,19,0,0
BRDA:69,20,0,0
BRDA:73,21,0,0
BRDA:82,22,0,1
BRDA:95,23,0,0
BRDA:102,24,0,1
BRDA:109,25,0,0
BRF:26
BRH:11
end_of_record
TN:
SF:controller\feedback.controller.js
FN:8,notifyClubStaff
FN:28,exports.createFeedback
FN:109,exports.getFeedbackByBooking
FN:138,exports.getClubFeedbacks
FN:200,exports.replyFeedback
FN:263,exports.updateFeedback
FNF:6
FNH:5
FNDA:1,notifyClubStaff
FNDA:3,exports.createFeedback
FNDA:0,exports.getFeedbackByBooking
FNDA:1,exports.getClubFeedbacks
FNDA:2,exports.replyFeedback
FNDA:3,exports.updateFeedback
DA:1,1
DA:2,1
DA:3,1
DA:4,1
DA:5,1
DA:6,1
DA:7,1
DA:8,1
DA:9,1
DA:10,1
DA:11,1
DA:12,0
DA:13,0
DA:14,0
DA:15,0
DA:16,0
DA:17,0
DA:18,0
DA:19,0
DA:20,0
DA:21,0
DA:22,0
DA:23,0
DA:24,0
DA:25,1
DA:26,1
DA:27,1
DA:28,1
DA:29,3
DA:30,3
DA:31,3
DA:32,3
DA:33,3
DA:34,0
DA:35,0
DA:36,3
DA:37,3
DA:38,1
DA:39,1
DA:40,2
DA:41,2
DA:42,2
DA:43,3
DA:44,0
DA:45,0
DA:46,2
DA:47,3
DA:48,1
DA:49,1
DA:50,1
DA:51,3
DA:52,0
DA:53,0
DA:54,1
DA:55,1
DA:56,1
DA:57,3
DA:58,0
DA:59,0
DA:60,1
DA:61,1
DA:62,1
DA:63,1
DA:64,1
DA:65,1
DA:66,3
DA:67,3
DA:68,3
DA:69,3
DA:70,0
DA:71,0
DA:72,0
DA:73,0
DA:74,1
DA:75,3
DA:76,0
DA:77,0
DA:78,1
DA:79,1
DA:80,1
DA:81,1
DA:82,1
DA:83,1
DA:84,1
DA:85,3
DA:86,3
DA:87,1
DA:88,1
DA:89,1
DA:90,1
DA:91,1
DA:92,3
DA:93,3
DA:94,3
DA:95,1
DA:96,1
DA:97,1
DA:98,1
DA:99,1
DA:100,1
DA:101,1
DA:102,3
DA:103,0
DA:104,0
DA:105,0
DA:106,3
DA:107,1
DA:108,1
DA:109,1
DA:110,0
DA:111,0
DA:112,0
DA:113,0
DA:114,0
DA:115,0
DA:116,0
DA:117,0
DA:118,0
DA:119,0
DA:120,0
DA:121,0
DA:122,0
DA:123,0
DA:124,0
DA:125,0
DA:126,0
DA:127,0
DA:128,0
DA:129,0
DA:130,0
DA:131,0
DA:132,0
DA:133,0
DA:134,0
DA:135,0
DA:136,1
DA:137,1
DA:138,1
DA:139,1
DA:140,1
DA:141,1
DA:142,0
DA:143,1
DA:144,1
DA:145,1
DA:146,1
DA:147,1
DA:148,0
DA:149,0
DA:150,1
DA:151,1
DA:152,1
DA:153,1
DA:154,1
DA:155,1
DA:156,1
DA:157,1
DA:158,1
DA:159,1
DA:160,1
DA:161,1
DA:162,0
DA:163,0
DA:164,0
DA:165,0
DA:166,0
DA:167,0
DA:168,0
DA:169,0
DA:170,0
DA:171,1
DA:172,1
DA:173,1
DA:174,1
DA:175,1
DA:176,1
DA:177,1
DA:178,1
DA:179,1
DA:180,1
DA:181,1
DA:182,1
DA:183,1
DA:184,1
DA:185,1
DA:186,1
DA:187,1
DA:188,1
DA:189,1
DA:190,1
DA:191,1
DA:192,1
DA:193,1
DA:194,0
DA:195,0
DA:196,0
DA:197,1
DA:198,1
DA:199,1
DA:200,1
DA:201,2
DA:202,2
DA:203,2
DA:204,2
DA:205,2
DA:206,2
DA:207,0
DA:208,0
DA:209,2
DA:210,2
DA:211,0
DA:212,0
DA:213,2
DA:214,2
DA:215,2
DA:216,0
DA:217,0
DA:218,2
DA:219,2
DA:220,1
DA:221,1
DA:222,1
DA:223,2
DA:224,0
DA:225,0
DA:226,1
DA:227,1
DA:228,1
DA:229,1
DA:230,1
DA:231,1
DA:232,1
DA:233,1
DA:234,1
DA:235,2
DA:236,1
DA:237,1
DA:238,1
DA:239,1
DA:240,1
DA:241,2
DA:242,2
DA:243,2
DA:244,2
DA:245,2
DA:246,2
DA:247,2
DA:248,2
DA:249,2
DA:250,1
DA:251,1
DA:252,1
DA:253,1
DA:254,1
DA:255,1
DA:256,1
DA:257,2
DA:258,0
DA:259,0
DA:260,2
DA:261,1
DA:262,1
DA:263,1
DA:264,3
DA:265,3
DA:266,3
DA:267,3
DA:268,3
DA:269,3
DA:270,0
DA:271,0
DA:272,3
DA:273,3
DA:274,3
DA:275,0
DA:276,0
DA:277,3
DA:278,3
DA:279,0
DA:280,0
DA:281,3
DA:282,3
DA:283,1
DA:284,1
DA:285,2
DA:286,3
DA:287,3
DA:288,3
DA:289,3
DA:290,3
DA:291,1
DA:292,1
DA:293,1
DA:294,1
DA:295,3
DA:296,3
DA:297,3
DA:298,3
DA:299,1
DA:300,1
DA:301,1
DA:302,1
DA:303,1
DA:304,1
DA:305,1
DA:306,3
DA:307,0
DA:308,0
DA:309,0
DA:310,3
LF:310
LH:220
BRDA:8,0,0,1
BRDA:11,1,0,0
BRDA:28,2,0,3
BRDA:33,3,0,0
BRDA:37,4,0,1
BRDA:39,5,0,2
BRDA:43,6,0,0
BRDA:45,7,0,2
BRDA:47,8,0,1
BRDA:51,9,0,0
BRDA:53,10,0,1
BRDA:57,11,0,0
BRDA:59,12,0,1
BRDA:66,13,0,0
BRDA:69,14,0,0
BRDA:69,15,0,0
BRDA:73,16,0,1
BRDA:75,17,0,0
BRDA:77,18,0,1
BRDA:85,19,0,0
BRDA:86,20,0,1
BRDA:92,21,0,0
BRDA:94,22,0,1
BRDA:102,23,0,0
BRDA:138,24,0,1
BRDA:141,25,0,0
BRDA:144,26,0,0
BRDA:147,27,0,0
BRDA:151,28,0,0
BRDA:161,29,0,0
BRDA:161,30,0,0
BRDA:193,31,0,0
BRDA:200,32,0,2
BRDA:204,33,0,0
BRDA:206,34,0,0
BRDA:210,35,0,0
BRDA:215,36,0,0
BRDA:219,37,0,1
BRDA:223,38,0,0
BRDA:225,39,0,1
BRDA:235,40,0,1
BRDA:235,41,0,1
BRDA:241,42,0,1
BRDA:241,43,0,0
BRDA:249,44,0,1
BRDA:257,45,0,0
BRDA:263,46,0,3
BRDA:269,47,0,0
BRDA:274,48,0,0
BRDA:278,49,0,0
BRDA:282,50,0,1
BRDA:284,51,0,2
BRDA:286,52,0,0
BRDA:290,53,0,1
BRDA:295,54,0,0
BRDA:298,55,0,1
BRDA:306,56,0,0
BRF:57
BRH:25
end_of_record
TN:
SF:controller\location.controller.js
FN:4,getProvinces
FN:13,getDistrictsByProvince
FNF:2
FNH:2
FNDA:2,getProvinces
FNDA:1,getDistrictsByProvince
DA:1,1
DA:2,1
DA:3,1
DA:4,1
DA:5,2
DA:6,2
DA:7,1
DA:8,1
DA:9,1
DA:10,1
DA:11,2
DA:12,1
DA:13,1
DA:14,1
DA:15,1
DA:16,1
DA:17,1
DA:18,1
DA:19,1
DA:20,1
DA:21,1
DA:22,1
DA:23,0
DA:24,0
DA:25,1
DA:26,1
DA:27,1
DA:28,1
DA:29,1
DA:30,1
LF:30
LH:28
BRDA:4,0,0,2
BRDA:6,1,0,1
BRDA:13,2,0,1
BRDA:22,3,0,0
BRF:4
BRH:3
end_of_record
TN:
SF:controller\post.controller.js
FN:7,normalizeBlocks
FN:21,buildPlainContent
FN:36,exports.getApprovedPosts
FN:49,exports.createPost
FN:108,exports.getMyPosts
FN:134,exports.updatePost
FN:179,exports.deletePost
FN:213,exports.getPendingPosts
FN:225,exports.reviewPost
FN:262,exports.getApprovedPostDetail
FNF:10
FNH:9
FNDA:4,normalizeBlocks
FNDA:2,buildPlainContent
FNDA:2,exports.getApprovedPosts
FNDA:6,exports.createPost
FNDA:5,exports.getMyPosts
FNDA:6,exports.updatePost
FNDA:6,exports.deletePost
FNDA:2,exports.getPendingPosts
FNDA:6,exports.reviewPost
FNDA:0,exports.getApprovedPostDetail
DA:1,1
DA:2,1
DA:3,1
DA:4,1
DA:5,1
DA:6,1
DA:7,1
DA:8,4
DA:9,2
DA:10,2
DA:11,2
DA:12,0
DA:13,0
DA:14,0
DA:15,0
DA:16,0
DA:17,2
DA:18,2
DA:19,2
DA:20,1
DA:21,1
DA:22,2
DA:23,2
DA:24,0
DA:25,0
DA:26,0
DA:27,0
DA:28,0
DA:29,0
DA:30,0
DA:31,2
DA:32,2
DA:33,1
DA:34,1
DA:35,1
DA:36,1
DA:37,2
DA:38,2
DA:39,2
DA:40,1
DA:41,1
DA:42,1
DA:43,1
DA:44,1
DA:45,2
DA:46,1
DA:47,1
DA:48,1
DA:49,1
DA:50,6
DA:51,6
DA:52,6
DA:53,6
DA:54,6
DA:55,6
DA:56,1
DA:57,1
DA:58,5
DA:59,6
DA:60,1
DA:61,1
DA:62,4
DA:63,4
DA:64,4
DA:65,6
DA:66,1
DA:67,1
DA:68,2
DA:69,2
DA:70,2
DA:71,2
DA:72,2
DA:73,2
DA:74,2
DA:75,2
DA:76,2
DA:77,2
DA:78,2
DA:79,2
DA:80,2
DA:81,2
DA:82,2
DA:83,2
DA:84,2
DA:85,2
DA:86,2
DA:87,6
DA:88,6
DA:89,6
DA:90,0
DA:91,0
DA:92,0
DA:93,0
DA:94,0
DA:95,0
DA:96,0
DA:97,0
DA:98,0
DA:99,2
DA:100,2
DA:101,6
DA:102,1
DA:103,1
DA:104,6
DA:105,1
DA:106,1
DA:107,1
DA:108,1
DA:109,5
DA:110,5
DA:111,5
DA:112,5
DA:113,5
DA:114,1
DA:115,1
DA:116,5
DA:117,1
DA:118,1
DA:119,3
DA:120,3
DA:121,5
DA:122,1
DA:123,1
DA:124,1
DA:125,1
DA:126,1
DA:127,1
DA:128,1
DA:129,1
DA:130,5
DA:131,1
DA:132,1
DA:133,1
DA:134,1
DA:135,6
DA:136,6
DA:137,6
DA:138,6
DA:139,6
DA:140,6
DA:141,1
DA:142,1
DA:143,6
DA:144,1
DA:145,1
DA:146,4
DA:147,4
DA:148,6
DA:149,1
DA:150,1
DA:151,2
DA:152,6
DA:153,6
DA:154,0
DA:155,0
DA:156,6
DA:157,0
DA:158,0
DA:159,2
DA:160,2
DA:161,2
DA:162,2
DA:163,2
DA:164,2
DA:165,2
DA:166,2
DA:167,2
DA:168,2
DA:169,6
DA:170,1
DA:171,1
DA:172,1
DA:173,1
DA:174,1
DA:175,6
DA:176,1
DA:177,1
DA:178,1
DA:179,1
DA:180,6
DA:181,6
DA:182,6
DA:183,6
DA:184,6
DA:185,1
DA:186,1
DA:187,5
DA:188,6
DA:189,1
DA:190,1
DA:191,4
DA:192,4
DA:193,6
DA:194,1
DA:195,1
DA:196,2
DA:197,2
DA:198,2
DA:199,2
DA:200,2
DA:201,2
DA:202,6
DA:203,1
DA:204,1
DA:205,1
DA:206,1
DA:207,1
DA:208,6
DA:209,1
DA:210,1
DA:211,1
DA:212,1
DA:213,1
DA:214,2
DA:215,2
DA:216,2
DA:217,1
DA:218,1
DA:219,1
DA:220,1
DA:221,1
DA:222,2
DA:223,1
DA:224,1
DA:225,1
DA:226,6
DA:227,6
DA:228,6
DA:229,6
DA:230,1
DA:231,1
DA:232,5
DA:233,5
DA:234,5
DA:235,6
DA:236,3
DA:237,3
DA:238,3
DA:239,3
DA:240,5
DA:241,6
DA:242,2
DA:243,2
DA:244,2
DA:245,5
DA:246,5
DA:247,5
DA:248,5
DA:249,5
DA:250,5
DA:251,4
DA:252,6
DA:253,1
DA:254,1
DA:255,3
DA:256,3
DA:257,6
DA:258,1
DA:259,1
DA:260,6
DA:261,1
DA:262,1
DA:263,0
DA:264,0
DA:265,0
DA:266,0
DA:267,0
DA:268,0
DA:269,0
DA:270,0
DA:271,0
DA:272,0
LF:272
LH:237
BRDA:7,0,0,4
BRDA:8,1,0,2
BRDA:21,2,0,2
BRDA:23,3,0,0
BRDA:31,4,0,1
BRDA:31,5,0,1
BRDA:36,6,0,2
BRDA:39,7,0,1
BRDA:49,8,0,6
BRDA:53,9,0,3
BRDA:53,10,0,2
BRDA:53,11,0,0
BRDA:55,12,0,1
BRDA:57,13,0,5
BRDA:59,14,0,1
BRDA:61,15,0,4
BRDA:64,16,0,3
BRDA:65,17,0,1
BRDA:67,18,0,2
BRDA:87,19,0,0
BRDA:89,20,0,0
BRDA:98,21,0,2
BRDA:101,22,0,1
BRDA:108,23,0,5
BRDA:111,24,0,2
BRDA:111,25,0,0
BRDA:113,26,0,1
BRDA:115,27,0,4
BRDA:116,28,0,1
BRDA:118,29,0,3
BRDA:120,30,0,2
BRDA:121,31,0,1
BRDA:134,32,0,6
BRDA:138,33,0,2
BRDA:138,34,0,2
BRDA:138,35,0,0
BRDA:140,36,0,1
BRDA:142,37,0,5
BRDA:143,38,0,1
BRDA:145,39,0,4
BRDA:147,40,0,3
BRDA:148,41,0,1
BRDA:150,42,0,2
BRDA:152,43,0,0
BRDA:153,44,0,0
BRDA:156,45,0,2
BRDA:156,46,0,0
BRDA:169,47,0,1
BRDA:179,48,0,6
BRDA:182,49,0,2
BRDA:182,50,0,0
BRDA:182,51,0,2
BRDA:184,52,0,1
BRDA:186,53,0,5
BRDA:188,54,0,1
BRDA:190,55,0,4
BRDA:192,56,0,3
BRDA:193,57,0,1
BRDA:195,58,0,2
BRDA:202,59,0,1
BRDA:213,60,0,2
BRDA:216,61,0,1
BRDA:225,62,0,6
BRDA:229,63,0,1
BRDA:231,64,0,5
BRDA:235,65,0,3
BRDA:239,66,0,5
BRDA:241,67,0,2
BRDA:243,68,0,1
BRDA:244,69,0,5
BRDA:250,70,0,4
BRDA:252,71,0,1
BRDA:254,72,0,3
BRDA:257,73,0,1
BRF:74
BRH:64
end_of_record
TN:
SF:controller\service.controller.js
FN:4,getServices
FN:35,getServiceById
FN:46,createService
FN:97,updateService
FN:175,deactivateService
FN:190,reactivateService
FN:205,deleteServicePermanently
FNF:7
FNH:5
FNDA:2,getServices
FNDA:0,getServiceById
FNDA:3,createService
FNDA:1,updateService
FNDA:1,deactivateService
FNDA:0,reactivateService
FNDA:1,deleteServicePermanently
DA:1,1
DA:2,1
DA:3,1
DA:4,1
DA:5,2
DA:6,2
DA:7,2
DA:8,2
DA:9,2
DA:10,1
DA:11,1
DA:12,1
DA:13,1
DA:14,1
DA:15,1
DA:16,1
DA:17,1
DA:18,1
DA:19,1
DA:20,1
DA:21,1
DA:22,1
DA:23,1
DA:24,1
DA:25,1
DA:26,1
DA:27,1
DA:28,1
DA:29,2
DA:30,0
DA:31,0
DA:32,0
DA:33,2
DA:34,1
DA:35,1
DA:36,0
DA:37,0
DA:38,0
DA:39,0
DA:40,0
DA:41,0
DA:42,0
DA:43,0
DA:44,0
DA:45,1
DA:46,1
DA:47,3
DA:48,3
DA:49,3
DA:50,3
DA:51,3
DA:52,0
DA:53,0
DA:54,3
DA:55,3
DA:56,0
DA:57,0
DA:58,3
DA:59,0
DA:60,0
DA:61,3
DA:62,1
DA:63,1
DA:64,3
DA:65,1
DA:66,1
DA:67,3
DA:68,0
DA:69,0
DA:70,1
DA:71,1
DA:72,3
DA:73,3
DA:74,3
DA:75,3
DA:76,3
DA:77,3
DA:78,3
DA:79,3
DA:80,3
DA:81,3
DA:82,3
DA:83,3
DA:84,1
DA:85,1
DA:86,1
DA:87,1
DA:88,1
DA:89,1
DA:90,3
DA:91,0
DA:92,0
DA:93,0
DA:94,0
DA:95,3
DA:96,1
DA:97,1
DA:98,1
DA:99,1
DA:100,1
DA:101,1
DA:102,1
DA:103,1
DA:104,0
DA:105,0
DA:106,1
DA:107,1
DA:108,0
DA:109,0
DA:110,1
DA:111,0
DA:112,0
DA:113,1
DA:114,0
DA:115,0
DA:116,1
DA:117,0
DA:118,0
DA:119,1
DA:120,0
DA:121,0
DA:122,1
DA:123,1
DA:124,1
DA:125,1
DA:126,1
DA:127,1
DA:128,1
DA:129,1
DA:130,1
DA:131,1
DA:132,1
DA:133,1
DA:134,1
DA:135,1
DA:136,1
DA:137,1
DA:138,1
DA:139,0
DA:140,0
DA:141,1
DA:142,1
DA:143,1
DA:144,1
DA:145,1
DA:146,1
DA:147,1
DA:148,1
DA:149,1
DA:150,1
DA:151,1
DA:152,1
DA:153,1
DA:154,1
DA:155,1
DA:156,1
DA:157,1
DA:158,1
DA:159,1
DA:160,0
DA:161,0
DA:162,1
DA:163,1
DA:164,1
DA:165,1
DA:166,1
DA:167,1
DA:168,1
DA:169,0
DA:170,0
DA:171,0
DA:172,0
DA:173,1
DA:174,1
DA:175,1
DA:176,1
DA:177,1
DA:178,1
DA:179,1
DA:180,1
DA:181,1
DA:182,1
DA:183,1
DA:184,1
DA:185,0
DA:186,0
DA:187,0
DA:188,1
DA:189,1
DA:190,1
DA:191,0
DA:192,0
DA:193,0
DA:194,0
DA:195,0
DA:196,0
DA:197,0
DA:198,0
DA:199,0
DA:200,0
DA:201,0
DA:202,0
DA:203,0
DA:204,1
DA:205,1
DA:206,1
DA:207,1
DA:208,1
DA:209,1
DA:210,1
DA:211,1
DA:212,1
DA:213,1
DA:214,1
DA:215,1
DA:216,1
DA:217,1
DA:218,1
DA:219,0
DA:220,0
DA:221,1
DA:222,1
DA:223,1
DA:224,1
DA:225,1
DA:226,1
DA:227,1
DA:228,0
DA:229,0
DA:230,0
DA:231,1
DA:232,1
DA:233,1
DA:234,1
DA:235,1
DA:236,1
DA:237,1
DA:238,1
DA:239,1
DA:240,1
DA:241,1
LF:241
LH:176
BRDA:4,0,0,2
BRDA:6,1,0,1
BRDA:6,2,0,0
BRDA:6,3,0,1
BRDA:6,4,0,0
BRDA:9,5,0,1
BRDA:29,6,0,0
BRDA:46,7,0,3
BRDA:49,8,0,0
BRDA:49,9,0,0
BRDA:51,10,0,0
BRDA:55,11,0,0
BRDA:58,12,0,0
BRDA:61,13,0,1
BRDA:63,14,0,2
BRDA:64,15,0,1
BRDA:67,16,0,0
BRDA:69,17,0,1
BRDA:72,18,0,0
BRDA:79,19,0,0
BRDA:80,20,0,1
BRDA:80,21,0,0
BRDA:80,22,0,0
BRDA:83,23,0,1
BRDA:90,24,0,0
BRDA:72,25,0,1
BRDA:97,26,0,1
BRDA:101,27,0,0
BRDA:101,28,0,0
BRDA:103,29,0,0
BRDA:107,30,0,0
BRDA:110,31,0,0
BRDA:113,32,0,0
BRDA:116,33,0,0
BRDA:119,34,0,0
BRDA:119,35,0,0
BRDA:125,36,0,0
BRDA:130,37,0,0
BRDA:138,38,0,0
BRDA:147,39,0,0
BRDA:159,40,0,0
BRDA:168,41,0,0
BRDA:144,42,0,2
BRDA:147,43,0,1
BRDA:175,44,0,1
BRDA:184,45,0,0
BRDA:205,46,0,1
BRDA:218,47,0,0
BRDA:227,48,0,0
BRF:49
BRH:17
end_of_record
TN:
SF:controller\staff.controller.js
FN:14,getDashboard
FN:136,approveClub
FN:174,rejectClub
FN:205,getClubs
FN:239,lockClub
FN:255,unlockClub
FN:271,approvePost
FN:287,rejectPost
FN:304,getNotifications
FN:321,markAllNotificationsRead
FN:339,markNotificationRead
FN:361,createTestNotification
FN:381,getPosts
FNF:13
FNH:11
FNDA:1,getDashboard
FNDA:1,approveClub
FNDA:1,rejectClub
FNDA:1,getClubs
FNDA:1,lockClub
FNDA:1,unlockClub
FNDA:1,approvePost
FNDA:1,rejectPost
FNDA:1,getNotifications
FNDA:1,markAllNotificationsRead
FNDA:1,markNotificationRead
FNDA:0,createTestNotification
FNDA:0,getPosts
DA:1,1
DA:2,1
DA:3,1
DA:4,1
DA:5,1
DA:6,1
DA:7,1
DA:8,1
DA:9,1
DA:10,1
DA:11,1
DA:12,1
DA:13,1
DA:14,1
DA:15,1
DA:16,1
DA:17,1
DA:18,1
DA:19,1
DA:20,0
DA:21,0
DA:22,0
DA:23,0
DA:24,1
DA:25,0
DA:26,0
DA:27,0
DA:28,0
DA:29,0
DA:30,0
DA:31,0
DA:32,1
DA:33,0
DA:34,0
DA:35,0
DA:36,1
DA:37,1
DA:38,1
DA:39,1
DA:40,1
DA:41,1
DA:42,1
DA:43,1
DA:44,1
DA:45,1
DA:46,1
DA:47,1
DA:48,1
DA:49,1
DA:50,1
DA:51,1
DA:52,1
DA:53,1
DA:54,1
DA:55,1
DA:56,1
DA:57,1
DA:58,1
DA:59,1
DA:60,1
DA:61,1
DA:62,1
DA:63,1
DA:64,1
DA:65,1
DA:66,1
DA:67,1
DA:68,1
DA:69,1
DA:70,1
DA:71,1
DA:72,1
DA:73,1
DA:74,1
DA:75,1
DA:76,1
DA:77,1
DA:78,1
DA:79,1
DA:80,1
DA:81,1
DA:82,1
DA:83,1
DA:84,1
DA:85,1
DA:86,1
DA:87,1
DA:88,1
DA:89,1
DA:90,0
DA:91,0
DA:92,0
DA:93,1
DA:94,1
DA:95,1
DA:96,1
DA:97,1
DA:98,1
DA:99,1
DA:100,0
DA:101,0
DA:102,0
DA:103,1
DA:104,1
DA:105,1
DA:106,1
DA:107,1
DA:108,1
DA:109,1
DA:110,1
DA:111,1
DA:112,1
DA:113,1
DA:114,1
DA:115,1
DA:116,1
DA:117,1
DA:118,1
DA:119,1
DA:120,1
DA:121,1
DA:122,1
DA:123,1
DA:124,1
DA:125,1
DA:126,1
DA:127,1
DA:128,1
DA:129,1
DA:130,0
DA:131,0
DA:132,0
DA:133,1
DA:134,1
DA:135,1
DA:136,1
DA:137,1
DA:138,1
DA:139,1
DA:140,1
DA:141,1
DA:142,1
DA:143,1
DA:144,1
DA:145,1
DA:146,1
DA:147,1
DA:148,1
DA:149,1
DA:150,1
DA:151,1
DA:152,0
DA:153,0
DA:154,0
DA:155,1
DA:156,1
DA:157,1
DA:158,1
DA:159,1
DA:160,1
DA:161,1
DA:162,1
DA:163,1
DA:164,1
DA:165,1
DA:166,1
DA:167,1
DA:168,0
DA:169,0
DA:170,0
DA:171,1
DA:172,1
DA:173,1
DA:174,1
DA:175,1
DA:176,1
DA:177,1
DA:178,1
DA:179,1
DA:180,1
DA:181,1
DA:182,1
DA:183,1
DA:184,1
DA:185,1
DA:186,1
DA:187,1
DA:188,1
DA:189,1
DA:190,1
DA:191,1
DA:192,1
DA:193,1
DA:194,0
DA:195,0
DA:196,1
DA:197,1
DA:198,1
DA:199,0
DA:200,0
DA:201,0
DA:202,1
DA:203,1
DA:204,1
DA:205,1
DA:206,1
DA:207,1
DA:208,1
DA:209,1
DA:210,1
DA:211,1
DA:212,1
DA:213,1
DA:214,1
DA:215,1
DA:216,1
DA:217,1
DA:218,1
DA:219,1
DA:220,1
DA:221,1
DA:222,0
DA:223,0
DA:224,1
DA:225,1
DA:226,1
DA:227,1
DA:228,1
DA:229,1
DA:230,1
DA:231,1
DA:232,1
DA:233,0
DA:234,0
DA:235,0
DA:236,1
DA:237,1
DA:238,1
DA:239,1
DA:240,1
DA:241,1
DA:242,1
DA:243,1
DA:244,1
DA:245,1
DA:246,1
DA:247,1
DA:248,1
DA:249,0
DA:250,0
DA:251,0
DA:252,1
DA:253,1
DA:254,1
DA:255,1
DA:256,1
DA:257,1
DA:258,1
DA:259,1
DA:260,1
DA:261,1
DA:262,1
DA:263,1
DA:264,1
DA:265,0
DA:266,0
DA:267,0
DA:268,1
DA:269,1
DA:270,1
DA:271,1
DA:272,1
DA:273,1
DA:274,1
DA:275,1
DA:276,1
DA:277,1
DA:278,1
DA:279,1
DA:280,1
DA:281,0
DA:282,0
DA:283,0
DA:284,1
DA:285,1
DA:286,1
DA:287,1
DA:288,1
DA:289,1
DA:290,1
DA:291,1
DA:292,1
DA:293,1
DA:294,1
DA:295,1
DA:296,1
DA:297,1
DA:298,0
DA:299,0
DA:300,0
DA:301,1
DA:302,1
DA:303,1
DA:304,1
DA:305,1
DA:306,1
DA:307,1
DA:308,1
DA:309,1
DA:310,1
DA:311,1
DA:312,1
DA:313,1
DA:314,1
DA:315,0
DA:316,0
DA:317,0
DA:318,1
DA:319,1
DA:320,1
DA:321,1
DA:322,1
DA:323,1
DA:324,1
DA:325,1
DA:326,1
DA:327,1
DA:328,1
DA:329,1
DA:330,1
DA:331,1
DA:332,1
DA:333,0
DA:334,0
DA:335,0
DA:336,1
DA:337,1
DA:338,1
DA:339,1
DA:340,1
DA:341,1
DA:342,1
DA:343,1
DA:344,1
DA:345,1
DA:346,1
DA:347,1
DA:348,1
DA:349,1
DA:350,1
DA:351,1
DA:352,1
DA:353,1
DA:354,1
DA:355,0
DA:356,0
DA:357,0
DA:358,1
DA:359,1
DA:360,1
DA:361,1
DA:362,0
DA:363,0
DA:364,0
DA:365,0
DA:366,0
DA:367,0
DA:368,0
DA:369,0
DA:370,0
DA:371,0
DA:372,0
DA:373,0
DA:374,0
DA:375,0
DA:376,0
DA:377,0
DA:378,0
DA:379,1
DA:380,1
DA:381,1
DA:382,0
DA:383,0
DA:384,0
DA:385,0
DA:386,0
DA:387,0
DA:388,0
DA:389,0
DA:390,0
DA:391,0
DA:392,0
DA:393,0
DA:394,0
DA:395,0
DA:396,1
DA:397,1
DA:398,1
DA:399,1
DA:400,1
DA:401,1
DA:402,1
DA:403,1
DA:404,1
DA:405,1
DA:406,1
DA:407,1
DA:408,1
DA:409,1
DA:410,1
DA:411,1
LF:411
LH:320
BRDA:14,0,0,1
BRDA:19,1,0,0
BRDA:19,2,0,0
BRDA:24,3,0,0
BRDA:32,4,0,0
BRDA:129,5,0,0
BRDA:94,6,0,1
BRDA:96,7,0,0
BRDA:105,8,0,1
BRDA:136,9,0,1
BRDA:143,10,0,0
BRDA:151,11,0,0
BRDA:167,12,0,0
BRDA:174,13,0,1
BRDA:181,14,0,0
BRDA:184,15,0,0
BRDA:193,16,0,0
BRDA:198,17,0,0
BRDA:205,18,0,1
BRDA:208,19,0,0
BRDA:232,20,0,0
BRDA:215,21,0,1
BRDA:226,22,0,1
BRDA:239,23,0,1
BRDA:246,24,0,0
BRDA:248,25,0,0
BRDA:255,26,0,1
BRDA:262,27,0,0
BRDA:264,28,0,0
BRDA:271,29,0,1
BRDA:278,30,0,0
BRDA:280,31,0,0
BRDA:287,32,0,1
BRDA:292,33,0,0
BRDA:295,34,0,0
BRDA:297,35,0,0
BRDA:304,36,0,1
BRDA:307,37,0,0
BRDA:314,38,0,0
BRDA:321,39,0,1
BRDA:324,40,0,0
BRDA:332,41,0,0
BRDA:339,42,0,1
BRDA:343,43,0,0
BRDA:351,44,0,0
BRDA:354,45,0,0
BRF:46
BRH:15
end_of_record
TN:
SF:controller\staff_club.controller.js
FN:7,verifyClubOwnership
FN:13,getActiveStaffClub
FN:34,getBannedStaffClub
FN:54,createStaffClub
FN:111,banStaffClub
FN:133,unbanStaffClub
FN:157,deleteStaffClub
FN:178,getStaffClubById
FN:202,updateStaffClub
FNF:9
FNH:8
FNDA:8,verifyClubOwnership
FNDA:1,getActiveStaffClub
FNDA:0,getBannedStaffClub
FNDA:2,createStaffClub
FNDA:1,banStaffClub
FNDA:1,unbanStaffClub
FNDA:1,deleteStaffClub
FNDA:1,getStaffClubById
FNDA:1,updateStaffClub
DA:1,1
DA:2,1
DA:3,1
DA:4,1
DA:5,1
DA:6,1
DA:7,1
DA:8,8
DA:9,8
DA:10,8
DA:11,8
DA:12,1
DA:13,1
DA:14,1
DA:15,1
DA:16,1
DA:17,1
DA:18,1
DA:19,1
DA:20,0
DA:21,0
DA:22,1
DA:23,1
DA:24,1
DA:25,1
DA:26,1
DA:27,1
DA:28,1
DA:29,1
DA:30,0
DA:31,0
DA:32,1
DA:33,1
DA:34,1
DA:35,0
DA:36,0
DA:37,0
DA:38,0
DA:39,0
DA:40,0
DA:41,0
DA:42,0
DA:43,0
DA:44,0
DA:45,0
DA:46,0
DA:47,0
DA:48,0
DA:49,0
DA:50,0
DA:51,0
DA:52,0
DA:53,1
DA:54,1
DA:55,2
DA:56,2
DA:57,2
DA:58,2
DA:59,2
DA:60,2
DA:61,1
DA:62,1
DA:63,1
DA:64,2
DA:65,0
DA:66,0
DA:67,1
DA:68,1
DA:69,2
DA:70,0
DA:71,0
DA:72,1
DA:73,1
DA:74,2
DA:75,0
DA:76,0
DA:77,1
DA:78,1
DA:79,1
DA:80,2
DA:81,0
DA:82,0
DA:83,1
DA:84,1
DA:85,1
DA:86,1
DA:87,1
DA:88,1
DA:89,2
DA:90,2
DA:91,2
DA:92,2
DA:93,2
DA:94,2
DA:95,2
DA:96,1
DA:97,1
DA:98,1
DA:99,1
DA:100,1
DA:101,2
DA:102,0
DA:103,0
DA:104,0
DA:105,0
DA:106,0
DA:107,0
DA:108,2
DA:109,1
DA:110,1
DA:111,1
DA:112,1
DA:113,1
DA:114,1
DA:115,1
DA:116,1
DA:117,1
DA:118,1
DA:119,1
DA:120,0
DA:121,0
DA:122,1
DA:123,1
DA:124,1
DA:125,1
DA:126,1
DA:127,1
DA:128,0
DA:129,0
DA:130,1
DA:131,1
DA:132,1
DA:133,1
DA:134,1
DA:135,1
DA:136,1
DA:137,1
DA:138,1
DA:139,1
DA:140,0
DA:141,0
DA:142,1
DA:143,1
DA:144,0
DA:145,0
DA:146,1
DA:147,1
DA:148,1
DA:149,1
DA:150,1
DA:151,1
DA:152,0
DA:153,0
DA:154,1
DA:155,1
DA:156,1
DA:157,1
DA:158,1
DA:159,1
DA:160,1
DA:161,1
DA:162,1
DA:163,1
DA:164,1
DA:165,1
DA:166,0
DA:167,0
DA:168,1
DA:169,1
DA:170,1
DA:171,1
DA:172,1
DA:173,1
DA:174,0
DA:175,0
DA:176,1
DA:177,1
DA:178,1
DA:179,1
DA:180,1
DA:181,1
DA:182,1
DA:183,1
DA:184,1
DA:185,1
DA:186,1
DA:187,0
DA:188,0
DA:189,1
DA:190,1
DA:191,1
DA:192,0
DA:193,0
DA:194,1
DA:195,1
DA:196,1
DA:197,0
DA:198,0
DA:199,1
DA:200,1
DA:201,1
DA:202,1
DA:203,1
DA:204,1
DA:205,1
DA:206,1
DA:207,1
DA:208,1
DA:209,1
DA:210,1
DA:211,0
DA:212,0
DA:213,1
DA:214,1
DA:215,1
DA:216,0
DA:217,0
DA:218,1
DA:219,1
DA:220,1
DA:221,1
DA:222,1
DA:223,1
DA:224,0
DA:225,0
DA:226,1
DA:227,1
DA:228,1
DA:229,1
DA:230,1
DA:231,1
DA:232,1
DA:233,1
DA:234,1
DA:235,1
DA:236,1
DA:237,1
DA:238,1
DA:239,1
DA:240,1
DA:241,1
DA:242,0
DA:243,0
DA:244,0
DA:245,0
DA:246,0
DA:247,0
DA:248,1
DA:249,1
DA:250,1
DA:251,1
DA:252,1
DA:253,1
DA:254,1
DA:255,1
DA:256,1
DA:257,1
DA:258,1
LF:258
LH:190
BRDA:7,0,0,8
BRDA:8,1,0,0
BRDA:13,2,0,1
BRDA:19,3,0,0
BRDA:29,4,0,0
BRDA:54,5,0,2
BRDA:60,6,0,1
BRDA:64,7,0,1
BRDA:64,8,0,0
BRDA:66,9,0,1
BRDA:69,10,0,0
BRDA:69,11,0,0
BRDA:71,12,0,1
BRDA:74,13,0,0
BRDA:76,14,0,1
BRDA:80,15,0,0
BRDA:82,16,0,1
BRDA:95,17,0,1
BRDA:101,18,0,0
BRDA:111,19,0,1
BRDA:117,20,0,0
BRDA:119,21,0,0
BRDA:127,22,0,0
BRDA:133,23,0,1
BRDA:139,24,0,0
BRDA:143,25,0,0
BRDA:151,26,0,0
BRDA:157,27,0,1
BRDA:163,28,0,0
BRDA:165,29,0,0
BRDA:173,30,0,0
BRDA:178,31,0,1
BRDA:186,32,0,0
BRDA:191,33,0,0
BRDA:196,34,0,0
BRDA:202,35,0,1
BRDA:210,36,0,0
BRDA:215,37,0,0
BRDA:223,38,0,0
BRDA:227,39,0,0
BRDA:241,40,0,0
BRF:41
BRH:15
end_of_record
TN:
SF:controller\subscription.controller.js
FN:9,getPlanTier
FN:16,notifySubscriptionExpiringSoon
FN:64,getSubscriptions
FN:88,getCurrentSubscription
FN:130,createSubscriptionPayment
FN:210,verifySubscriptionPayment
FNF:6
FNH:6
FNDA:14,getPlanTier
FNDA:1,notifySubscriptionExpiringSoon
FNDA:2,getSubscriptions
FNDA:4,getCurrentSubscription
FNDA:7,createSubscriptionPayment
FNDA:8,verifySubscriptionPayment
DA:1,1
DA:2,1
DA:3,1
DA:4,1
DA:5,1
DA:6,1
DA:7,1
DA:8,1
DA:9,14
DA:10,14
DA:11,14
DA:12,14
DA:13,14
DA:14,14
DA:15,1
DA:16,1
DA:17,1
DA:18,1
DA:19,1
DA:20,0
DA:21,0
DA:22,0
DA:23,0
DA:24,0
DA:25,0
DA:26,1
DA:27,0
DA:28,0
DA:29,0
DA:30,0
DA:31,0
DA:32,1
DA:33,1
DA:34,1
DA:35,1
DA:36,1
DA:37,1
DA:38,1
DA:39,1
DA:40,1
DA:41,1
DA:42,1
DA:43,1
DA:44,1
DA:45,1
DA:46,1
DA:47,1
DA:48,1
DA:49,1
DA:50,0
DA:51,0
DA:52,0
DA:53,0
DA:54,0
DA:55,0
DA:56,0
DA:57,0
DA:58,0
DA:59,0
DA:60,0
DA:61,1
DA:62,1
DA:63,1
DA:64,1
DA:65,2
DA:66,2
DA:67,1
DA:68,1
DA:69,1
DA:70,1
DA:71,1
DA:72,1
DA:73,1
DA:74,1
DA:75,1
DA:76,1
DA:77,1
DA:78,1
DA:79,1
DA:80,1
DA:81,1
DA:82,1
DA:83,2
DA:84,1
DA:85,1
DA:86,1
DA:87,1
DA:88,1
DA:89,4
DA:90,4
DA:91,4
DA:92,4
DA:93,4
DA:94,1
DA:95,1
DA:96,1
DA:97,1
DA:98,1
DA:99,3
DA:100,3
DA:101,3
DA:102,3
DA:103,3
DA:104,3
DA:105,3
DA:106,2
DA:107,4
DA:108,1
DA:109,1
DA:110,2
DA:111,2
DA:112,2
DA:113,2
DA:114,2
DA:115,2
DA:116,4
DA:117,1
DA:118,1
DA:119,1
DA:120,1
DA:121,1
DA:122,1
DA:123,1
DA:124,1
DA:125,1
DA:126,4
DA:127,1
DA:128,1
DA:129,1
DA:130,1
DA:131,7
DA:132,7
DA:133,7
DA:134,7
DA:135,7
DA:136,7
DA:137,7
DA:138,2
DA:139,2
DA:140,2
DA:141,2
DA:142,2
DA:143,5
DA:144,7
DA:145,7
DA:146,0
DA:147,0
DA:148,0
DA:149,0
DA:150,0
DA:151,5
DA:152,5
DA:153,5
DA:154,7
DA:155,1
DA:156,1
DA:157,1
DA:158,1
DA:159,1
DA:160,4
DA:161,4
DA:162,4
DA:163,4
DA:164,4
DA:165,4
DA:166,7
DA:167,7
DA:168,7
DA:169,0
DA:170,0
DA:171,0
DA:172,0
DA:173,0
DA:174,4
DA:175,4
DA:176,4
DA:177,7
DA:178,7
DA:179,7
DA:180,7
DA:181,7
DA:182,7
DA:183,7
DA:184,7
DA:185,7
DA:186,7
DA:187,7
DA:188,3
DA:189,3
DA:190,3
DA:191,3
DA:192,3
DA:193,3
DA:194,7
DA:195,1
DA:196,1
DA:197,1
DA:198,1
DA:199,1
DA:200,1
DA:201,1
DA:202,1
DA:203,1
DA:204,7
DA:205,1
DA:206,1
DA:207,1
DA:208,1
DA:209,1
DA:210,1
DA:211,8
DA:212,8
DA:213,8
DA:214,8
DA:215,8
DA:216,8
DA:217,8
DA:218,3
DA:219,3
DA:220,3
DA:221,3
DA:222,3
DA:223,5
DA:224,8
DA:225,8
DA:226,0
DA:227,0
DA:228,0
DA:229,0
DA:230,0
DA:231,5
DA:232,5
DA:233,4
DA:234,4
DA:235,4
DA:236,8
DA:237,1
DA:238,1
DA:239,1
DA:240,1
DA:241,1
DA:242,3
DA:243,3
DA:244,3
DA:245,3
DA:246,3
DA:247,3
DA:248,8
DA:249,8
DA:250,8
DA:251,0
DA:252,0
DA:253,0
DA:254,0
DA:255,0
DA:256,3
DA:257,3
DA:258,3
DA:259,3
DA:260,8
DA:261,8
DA:262,8
DA:263,8
DA:264,8
DA:265,8
DA:266,8
DA:267,8
DA:268,8
DA:269,8
DA:270,8
DA:271,3
DA:272,8
DA:273,1
DA:274,1
DA:275,1
DA:276,1
DA:277,1
DA:278,1
DA:279,1
DA:280,1
DA:281,1
DA:282,1
DA:283,1
DA:284,1
DA:285,1
DA:286,8
DA:287,2
DA:288,2
DA:289,2
DA:290,2
DA:291,2
DA:292,2
DA:293,2
DA:294,2
DA:295,2
DA:296,2
DA:297,2
DA:298,2
DA:299,2
DA:300,2
DA:301,2
DA:302,3
DA:303,3
DA:304,3
DA:305,3
DA:306,3
DA:307,3
DA:308,3
DA:309,8
DA:310,1
DA:311,1
DA:312,1
DA:313,1
DA:314,1
DA:315,1
DA:316,1
DA:317,1
DA:318,1
DA:319,8
DA:320,1
DA:321,1
DA:322,1
DA:323,1
DA:324,1
DA:325,1
DA:326,1
DA:327,1
DA:328,1
LF:328
LH:286
BRDA:9,0,0,14
BRDA:10,1,0,7
BRDA:11,2,0,0
BRDA:12,3,0,0
BRDA:16,4,0,1
BRDA:17,5,0,0
BRDA:19,6,0,0
BRDA:26,7,0,0
BRDA:32,8,0,0
BRDA:49,9,0,0
BRDA:64,10,0,2
BRDA:66,11,0,1
BRDA:88,12,0,4
BRDA:93,13,0,1
BRDA:98,14,0,3
BRDA:105,15,0,2
BRDA:107,16,0,1
BRDA:109,17,0,2
BRDA:116,18,0,1
BRDA:130,19,0,7
BRDA:137,20,0,6
BRDA:137,21,0,2
BRDA:142,22,0,5
BRDA:145,23,0,0
BRDA:150,24,0,5
BRDA:154,25,0,1
BRDA:159,26,0,4
BRDA:166,27,0,0
BRDA:168,28,0,0
BRDA:168,29,0,0
BRDA:173,30,0,4
BRDA:177,31,0,3
BRDA:187,32,0,3
BRDA:194,33,0,1
BRDA:210,34,0,8
BRDA:217,35,0,7
BRDA:217,36,0,6
BRDA:217,37,0,3
BRDA:222,38,0,5
BRDA:225,39,0,0
BRDA:230,40,0,5
BRDA:232,41,0,4
BRDA:236,42,0,1
BRDA:241,43,0,3
BRDA:248,44,0,0
BRDA:250,45,0,0
BRDA:250,46,0,0
BRDA:255,47,0,3
BRDA:265,48,0,1
BRDA:270,49,0,3
BRDA:272,50,0,1
BRDA:286,51,0,2
BRDA:301,52,0,3
BRDA:309,53,0,1
BRF:54
BRH:39
end_of_record
TN:
SF:controller\tournament.controller.js
FN:16,shuffleArray
FN:25,nextPowerOfTwo
FN:32,ensureTournamentApproved
FN:105,markTransactionSuccessAndApprove
FN:119,fetchApprovedPlayers
FN:128,clearBracket
FN:135,buildFirstRoundPairs
FN:160,normalizePrizePool
FN:189,getWinnerFeedTarget
FN:194,canMatchProduceParticipant
FN:262,canSlotReceiveParticipant
FN:314,pushParticipantToMatch
FN:334,syncRoundStatusesForStartedTournament
FN:379,propagateMatchOutcomes
FN:420,refreshMatchState
FN:460,resolvePendingAutoAdvances
FN:485,computeRoundRobinLeaderboard
FN:497,ensureEntry
FN:569,checkAndCompleteTournament
FN:710,generateKnockoutBracket
FN:836,generateDoubleEliminationBracket
FN:968,getLosersMatchCount
FN:1164,generateRoundRobinBracket
FN:1251,updateRoundStatusAndProgression
FN:1258,getTournamentPlayers
FN:1284,createTournament
FN:1431,getTournamentsByClub
FN:1474,getPublicTournaments
FN:1504,getTournamentById
FN:1525,getMyRegisteredTournamentIds
FN:1552,openTournamentRegistration
FN:1594,closeTournamentRegistration
FN:1657,updateTournament
FN:1790,deleteTournament
FN:1837,generateTournamentBracket
FN:1900,startTournament
FN:1966,getTournamentBracket
FN:2028,getTournamentMatches
FN:2079,startRoundMatch
FN:2184,updateMatchResult
FN:2351,getRoundRobinLeaderboard
FN:2378,createTournamentPayOSPayment
FN:2507,verifyTournamentPayOSPayment
FN:2579,tournamentPayOSWebhook
FN:2654,getMyTournaments
FN:2693,cancelTournament
FNF:46
FNH:41
FNDA:3,shuffleArray
FNDA:2,nextPowerOfTwo
FNDA:3,ensureTournamentApproved
FNDA:2,markTransactionSuccessAndApprove
FNDA:9,fetchApprovedPlayers
FNDA:3,clearBracket
FNDA:2,buildFirstRoundPairs
FNDA:3,normalizePrizePool
FNDA:1,getWinnerFeedTarget
FNDA:0,canMatchProduceParticipant
FNDA:0,canSlotReceiveParticipant
FNDA:0,pushParticipantToMatch
FNDA:2,syncRoundStatusesForStartedTournament
FNDA:1,propagateMatchOutcomes
FNDA:0,refreshMatchState
FNDA:2,resolvePendingAutoAdvances
FNDA:1,computeRoundRobinLeaderboard
FNDA:2,ensureEntry
FNDA:1,checkAndCompleteTournament
FNDA:1,generateKnockoutBracket
FNDA:1,generateDoubleEliminationBracket
FNDA:2,getLosersMatchCount
FNDA:1,generateRoundRobinBracket
FNDA:1,updateRoundStatusAndProgression
FNDA:1,getTournamentPlayers
FNDA:3,createTournament
FNDA:1,getTournamentsByClub
FNDA:1,getPublicTournaments
FNDA:2,getTournamentById
FNDA:1,getMyRegisteredTournamentIds
FNDA:2,openTournamentRegistration
FNDA:2,closeTournamentRegistration
FNDA:1,updateTournament
FNDA:2,deleteTournament
FNDA:4,generateTournamentBracket
FNDA:2,startTournament
FNDA:1,getTournamentBracket
FNDA:1,getTournamentMatches
FNDA:2,startRoundMatch
FNDA:2,updateMatchResult
FNDA:2,getRoundRobinLeaderboard
FNDA:2,createTournamentPayOSPayment
FNDA:2,verifyTournamentPayOSPayment
FNDA:3,tournamentPayOSWebhook
FNDA:1,getMyTournaments
FNDA:0,cancelTournament
DA:1,1
DA:2,1
DA:3,1
DA:4,1
DA:5,1
DA:6,1
DA:7,1
DA:8,1
DA:9,1
DA:10,1
DA:11,1
DA:12,1
DA:13,1
DA:14,1
DA:15,1
DA:16,1
DA:17,3
DA:18,3
DA:19,5
DA:20,5
DA:21,5
DA:22,3
DA:23,3
DA:24,1
DA:25,1
DA:26,2
DA:27,2
DA:28,2
DA:29,2
DA:30,2
DA:31,1
DA:32,1
DA:33,3
DA:34,3
DA:35,3
DA:36,3
DA:37,3
DA:38,3
DA:39,3
DA:40,3
DA:41,3
DA:42,3
DA:43,3
DA:44,3
DA:45,3
DA:46,3
DA:47,3
DA:48,3
DA:49,3
DA:50,3
DA:51,3
DA:52,3
DA:53,3
DA:54,3
DA:55,3
DA:56,3
DA:57,3
DA:58,3
DA:59,3
DA:60,3
DA:61,3
DA:62,3
DA:63,3
DA:64,3
DA:65,3
DA:66,3
DA:67,3
DA:68,3
DA:69,3
DA:70,3
DA:71,3
DA:72,3
DA:73,3
DA:74,3
DA:75,3
DA:76,3
DA:77,3
DA:78,3
DA:79,3
DA:80,3
DA:81,3
DA:82,3
DA:83,3
DA:84,3
DA:85,3
DA:86,3
DA:87,3
DA:88,3
DA:89,3
DA:90,3
DA:91,3
DA:92,3
DA:93,3
DA:94,3
DA:95,3
DA:96,3
DA:97,3
DA:98,3
DA:99,3
DA:100,3
DA:101,3
DA:102,3
DA:103,3
DA:104,1
DA:105,1
DA:106,2
DA:107,2
DA:108,2
DA:109,2
DA:110,2
DA:111,2
DA:112,2
DA:113,2
DA:114,2
DA:115,2
DA:116,2
DA:117,2
DA:118,1
DA:119,1
DA:120,9
DA:121,9
DA:122,9
DA:123,9
DA:124,9
DA:125,9
DA:126,9
DA:127,1
DA:128,1
DA:129,3
DA:130,3
DA:131,3
DA:132,3
DA:133,3
DA:134,1
DA:135,1
DA:136,2
DA:137,2
DA:138,2
DA:139,2
DA:140,2
DA:141,3
DA:142,3
DA:143,3
DA:144,3
DA:145,0
DA:146,0
DA:147,0
DA:148,3
DA:149,3
DA:150,0
DA:151,0
DA:152,0
DA:153,3
DA:154,3
DA:155,3
DA:156,2
DA:157,2
DA:158,2
DA:159,1
DA:160,1
DA:161,3
DA:162,3
DA:163,0
DA:164,0
DA:165,3
DA:166,3
DA:167,3
DA:168,3
DA:169,3
DA:170,3
DA:171,3
DA:172,3
DA:173,3
DA:174,0
DA:175,0
DA:176,3
DA:177,3
DA:178,3
DA:179,0
DA:180,0
DA:181,3
DA:182,3
DA:183,1
DA:184,1
DA:185,2
DA:186,2
DA:187,2
DA:188,1
DA:189,1
DA:190,1
DA:191,1
DA:192,1
DA:193,1
DA:194,1
DA:195,0
DA:196,0
DA:197,0
DA:198,0
DA:199,0
DA:200,0
DA:201,0
DA:202,0
DA:203,0
DA:204,0
DA:205,0
DA:206,0
DA:207,0
DA:208,0
DA:209,0
DA:210,0
DA:211,0
DA:212,0
DA:213,0
DA:214,0
DA:215,0
DA:216,0
DA:217,0
DA:218,0
DA:219,0
DA:220,0
DA:221,0
DA:222,0
DA:223,0
DA:224,0
DA:225,0
DA:226,0
DA:227,0
DA:228,0
DA:229,0
DA:230,0
DA:231,0
DA:232,0
DA:233,0
DA:234,0
DA:235,0
DA:236,0
DA:237,0
DA:238,0
DA:239,0
DA:240,0
DA:241,0
DA:242,0
DA:243,0
DA:244,0
DA:245,0
DA:246,0
DA:247,0
DA:248,0
DA:249,0
DA:250,0
DA:251,0
DA:252,0
DA:253,0
DA:254,0
DA:255,0
DA:256,0
DA:257,0
DA:258,0
DA:259,0
DA:260,0
DA:261,1
DA:262,1
DA:263,0
DA:264,0
DA:265,0
DA:266,0
DA:267,0
DA:268,0
DA:269,0
DA:270,0
DA:271,0
DA:272,0
DA:273,0
DA:274,0
DA:275,0
DA:276,0
DA:277,0
DA:278,0
DA:279,0
DA:280,0
DA:281,0
DA:282,0
DA:283,0
DA:284,0
DA:285,0
DA:286,0
DA:287,0
DA:288,0
DA:289,0
DA:290,0
DA:291,0
DA:292,0
DA:293,0
DA:294,0
DA:295,0
DA:296,0
DA:297,0
DA:298,0
DA:299,0
DA:300,0
DA:301,0
DA:302,0
DA:303,0
DA:304,0
DA:305,0
DA:306,0
DA:307,0
DA:308,0
DA:309,0
DA:310,0
DA:311,0
DA:312,0
DA:313,1
DA:314,1
DA:315,0
DA:316,0
DA:317,0
DA:318,0
DA:319,0
DA:320,0
DA:321,0
DA:322,0
DA:323,0
DA:324,0
DA:325,0
DA:326,0
DA:327,0
DA:328,0
DA:329,0
DA:330,0
DA:331,0
DA:332,0
DA:333,1
DA:334,1
DA:335,2
DA:336,2
DA:337,2
DA:338,2
DA:339,2
DA:340,2
DA:341,2
DA:342,2
DA:343,2
DA:344,2
DA:345,2
DA:346,2
DA:347,2
DA:348,2
DA:349,2
DA:350,2
DA:351,2
DA:352,2
DA:353,2
DA:354,2
DA:355,2
DA:356,2
DA:357,2
DA:358,2
DA:359,2
DA:360,2
DA:361,2
DA:362,2
DA:363,2
DA:364,2
DA:365,2
DA:366,1
DA:367,1
DA:368,1
DA:369,2
DA:370,2
DA:371,2
DA:372,2
DA:373,2
DA:374,2
DA:375,2
DA:376,2
DA:377,2
DA:378,1
DA:379,1
DA:380,1
DA:381,1
DA:382,1
DA:383,1
DA:384,1
DA:385,1
DA:386,1
DA:387,1
DA:388,1
DA:389,1
DA:390,1
DA:391,1
DA:392,0
DA:393,0
DA:394,0
DA:395,0
DA:396,0
DA:397,0
DA:398,0
DA:399,0
DA:400,0
DA:401,0
DA:402,1
DA:403,1
DA:404,0
DA:405,0
DA:406,0
DA:407,0
DA:408,0
DA:409,0
DA:410,0
DA:411,0
DA:412,0
DA:413,0
DA:414,0
DA:415,0
DA:416,0
DA:417,0
DA:418,1
DA:419,1
DA:420,0
DA:421,0
DA:422,0
DA:423,0
DA:424,0
DA:425,0
DA:426,0
DA:427,0
DA:428,0
DA:429,0
DA:430,0
DA:431,0
DA:432,0
DA:433,0
DA:434,0
DA:435,0
DA:436,0
DA:437,0
DA:438,0
DA:439,0
DA:440,0
DA:441,0
DA:442,0
DA:443,0
DA:444,0
DA:445,0
DA:446,0
DA:447,0
DA:448,0
DA:449,0
DA:450,0
DA:451,0
DA:452,0
DA:453,0
DA:454,0
DA:455,0
DA:456,0
DA:457,0
DA:458,0
DA:459,1
DA:460,1
DA:461,2
DA:462,2
DA:463,2
DA:464,2
DA:465,2
DA:466,2
DA:467,2
DA:468,2
DA:469,2
DA:470,2
DA:471,2
DA:472,2
DA:473,2
DA:474,2
DA:475,2
DA:476,2
DA:477,0
DA:478,0
DA:479,0
DA:480,0
DA:481,0
DA:482,2
DA:483,2
DA:484,1
DA:485,1
DA:486,1
DA:487,1
DA:488,1
DA:489,1
DA:490,1
DA:491,1
DA:492,1
DA:493,1
DA:494,1
DA:495,1
DA:496,1
DA:497,1
DA:498,2
DA:499,2
DA:500,2
DA:501,2
DA:502,2
DA:503,2
DA:504,2
DA:505,2
DA:506,2
DA:507,2
DA:508,2
DA:509,2
DA:510,2
DA:511,2
DA:512,1
DA:513,1
DA:514,1
DA:515,1
DA:516,1
DA:517,1
DA:518,1
DA:519,1
DA:520,1
DA:521,1
DA:522,1
DA:523,1
DA:524,1
DA:525,1
DA:526,1
DA:527,1
DA:528,1
DA:529,2
DA:530,2
DA:531,2
DA:532,2
DA:533,2
DA:534,2
DA:535,1
DA:536,1
DA:537,1
DA:538,1
DA:539,1
DA:540,1
DA:541,1
DA:542,1
DA:543,1
DA:544,2
DA:545,2
DA:546,1
DA:547,1
DA:548,1
DA:549,2
DA:550,2
DA:551,2
DA:552,1
DA:553,1
DA:554,1
DA:555,1
DA:556,1
DA:557,1
DA:558,1
DA:559,0
DA:560,1
DA:561,1
DA:562,2
DA:563,1
DA:564,1
DA:565,1
DA:566,1
DA:567,1
DA:568,1
DA:569,1
DA:570,1
DA:571,1
DA:572,1
DA:573,1
DA:574,1
DA:575,1
DA:576,1
DA:577,1
DA:578,1
DA:579,1
DA:580,1
DA:581,1
DA:582,1
DA:583,1
DA:584,1
DA:585,1
DA:586,0
DA:587,1
DA:588,0
DA:589,0
DA:590,0
DA:591,0
DA:592,0
DA:593,0
DA:594,0
DA:595,0
DA:596,0
DA:597,0
DA:598,0
DA:599,0
DA:600,0
DA:601,0
DA:602,0
DA:603,0
DA:604,0
DA:605,0
DA:606,0
DA:607,0
DA:608,0
DA:609,0
DA:610,0
DA:611,0
DA:612,0
DA:613,0
DA:614,0
DA:615,0
DA:616,0
DA:617,0
DA:618,0
DA:619,1
DA:620,1
DA:621,0
DA:622,0
DA:623,0
DA:624,0
DA:625,0
DA:626,0
DA:627,0
DA:628,0
DA:629,0
DA:630,0
DA:631,0
DA:632,0
DA:633,0
DA:634,0
DA:635,0
DA:636,0
DA:637,0
DA:638,0
DA:639,0
DA:640,0
DA:641,0
DA:642,0
DA:643,0
DA:644,0
DA:645,0
DA:646,0
DA:647,0
DA:648,0
DA:649,0
DA:650,0
DA:651,0
DA:652,0
DA:653,0
DA:654,0
DA:655,0
DA:656,0
DA:657,0
DA:658,0
DA:659,0
DA:660,0
DA:661,0
DA:662,0
DA:663,0
DA:664,0
DA:665,0
DA:666,0
DA:667,0
DA:668,0
DA:669,0
DA:670,0
DA:671,0
DA:672,0
DA:673,0
DA:674,0
DA:675,0
DA:676,0
DA:677,0
DA:678,0
DA:679,0
DA:680,0
DA:681,0
DA:682,0
DA:683,0
DA:684,0
DA:685,0
DA:686,0
DA:687,0
DA:688,0
DA:689,0
DA:690,0
DA:691,0
DA:692,0
DA:693,0
DA:694,0
DA:695,0
DA:696,0
DA:697,0
DA:698,0
DA:699,0
DA:700,0
DA:701,0
DA:702,0
DA:703,0
DA:704,0
DA:705,0
DA:706,0
DA:707,0
DA:708,1
DA:709,1
DA:710,1
DA:711,1
DA:712,1
DA:713,0
DA:714,0
DA:715,1
DA:716,1
DA:717,1
DA:718,1
DA:719,1
DA:720,1
DA:721,1
DA:722,1
DA:723,1
DA:724,1
DA:725,1
DA:726,1
DA:727,1
DA:728,1
DA:729,1
DA:730,1
DA:731,1
DA:732,1
DA:733,1
DA:734,1
DA:735,1
DA:736,1
DA:737,1
DA:738,1
DA:739,1
DA:740,1
DA:741,1
DA:742,1
DA:743,1
DA:744,1
DA:745,1
DA:746,1
DA:747,1
DA:748,1
DA:749,1
DA:750,1
DA:751,1
DA:752,1
DA:753,1
DA:754,1
DA:755,1
DA:756,1
DA:757,1
DA:758,1
DA:759,1
DA:760,1
DA:761,1
DA:762,1
DA:763,1
[...]
DA:39,1
DA:40,1
DA:41,1
DA:42,1
DA:43,1
DA:44,1
DA:45,1
DA:46,1
DA:47,1
DA:48,1
DA:49,1
DA:50,1
DA:51,1
DA:52,1
DA:53,1
DA:54,1
DA:55,1
DA:56,1
DA:57,1
DA:58,1
DA:59,1
DA:60,1
DA:61,1
DA:62,1
DA:63,1
DA:64,1
DA:65,1
DA:66,1
DA:67,1
DA:68,1
DA:69,1
DA:70,1
DA:71,1
DA:72,1
DA:73,1
DA:74,1
DA:75,1
DA:76,1
DA:77,1
DA:78,1
DA:79,1
DA:80,0
DA:81,0
DA:82,0
DA:83,1
DA:84,1
DA:85,1
DA:86,1
DA:87,1
DA:88,1
DA:89,1
DA:90,3
DA:91,3
DA:92,3
DA:93,3
DA:94,3
DA:95,3
DA:96,0
DA:97,0
DA:98,3
DA:99,0
DA:100,0
DA:101,3
DA:102,3
DA:103,2
DA:104,2
DA:105,2
DA:106,1
DA:107,1
DA:108,2
DA:109,2
DA:110,2
DA:111,2
DA:112,2
DA:113,2
DA:114,2
DA:115,2
DA:116,2
DA:117,2
DA:118,2
DA:119,2
DA:120,2
DA:121,2
DA:122,2
DA:123,2
DA:124,2
DA:125,2
DA:126,2
DA:127,2
DA:128,2
DA:129,2
DA:130,2
DA:131,2
DA:132,2
DA:133,2
DA:134,2
DA:135,2
DA:136,2
DA:137,2
DA:138,2
DA:139,2
DA:140,2
DA:141,2
DA:142,2
DA:143,2
DA:144,2
DA:145,2
DA:146,2
DA:147,2
DA:148,2
DA:149,2
DA:150,2
DA:151,2
DA:152,2
DA:153,2
DA:154,2
DA:155,2
DA:156,2
DA:157,2
DA:158,2
DA:159,2
DA:160,2
DA:161,2
DA:162,2
DA:163,2
DA:164,2
DA:165,2
DA:166,2
DA:167,2
DA:168,2
DA:169,2
DA:170,2
DA:171,2
DA:172,2
DA:173,2
DA:174,2
DA:175,2
DA:176,2
DA:177,2
DA:178,2
DA:179,2
DA:180,2
DA:181,2
DA:182,2
DA:183,2
DA:184,2
DA:185,2
DA:186,2
DA:187,2
DA:188,2
DA:189,2
DA:190,2
DA:191,2
DA:192,2
DA:193,3
DA:194,0
DA:195,0
DA:196,0
DA:197,3
DA:198,1
DA:199,1
DA:200,1
DA:201,1
DA:202,1
LF:202
LH:190
BRDA:8,0,0,1
BRDA:11,1,0,0
BRDA:79,2,0,0
BRDA:89,3,0,3
BRDA:93,4,0,2
BRDA:93,5,0,0
BRDA:95,6,0,0
BRDA:98,7,0,0
BRDA:102,8,0,2
BRDA:105,9,0,1
BRDA:193,10,0,0
BRF:11
BRH:5
end_of_record
TN:
SF:controller\admin\admin.controller.js
FN:10,getAllAccountsForAdmin
FN:74,getAllClubs
FN:131,getAllSubscriptions
FN:182,toggleBanAccount
FN:210,deleteAccount
FN:228,createSubscription
FN:271,getSubscriptionById
FN:294,updateSubscription
FN:344,deleteSubscription
FN:366,getRevenueWeb
FN:476,getRevenueWebSummary
FN:513,createAccount
FNF:12
FNH:12
FNDA:5,getAllAccountsForAdmin
FNDA:4,getAllClubs
FNDA:3,getAllSubscriptions
FNDA:4,toggleBanAccount
FNDA:3,deleteAccount
FNDA:2,createSubscription
FNDA:3,getSubscriptionById
FNDA:3,updateSubscription
FNDA:3,deleteSubscription
FNDA:5,getRevenueWeb
FNDA:4,getRevenueWebSummary
FNDA:7,createAccount
DA:1,1
DA:2,1
DA:3,1
DA:4,1
DA:5,1
DA:6,1
DA:7,1
DA:8,1
DA:9,1
DA:10,1
DA:11,5
DA:12,5
DA:13,4
DA:14,4
DA:15,4
DA:16,4
DA:17,4
DA:18,4
DA:19,4
DA:20,4
DA:21,4
DA:22,4
DA:23,4
DA:24,4
DA:25,4
DA:26,4
DA:27,4
DA:28,4
DA:29,4
DA:30,5
DA:31,1
DA:32,1
DA:33,1
DA:34,1
DA:35,1
DA:36,4
DA:37,4
DA:38,5
DA:39,1
DA:40,1
DA:41,1
DA:42,4
DA:43,4
DA:44,5
DA:45,1
DA:46,1
DA:47,4
DA:48,4
DA:49,4
DA:50,4
DA:51,4
DA:52,4
DA:53,5
DA:54,5
DA:55,5
DA:56,4
DA:57,4
DA:58,4
DA:59,4
DA:60,4
DA:61,4
DA:62,4
DA:63,4
DA:64,4
DA:65,4
DA:66,4
DA:67,4
DA:68,4
DA:69,5
DA:70,1
DA:71,1
DA:72,5
DA:73,1
DA:74,1
DA:75,4
DA:76,4
DA:77,4
DA:78,4
DA:79,4
DA:80,4
DA:81,4
DA:82,4
DA:83,4
DA:84,4
DA:85,4
DA:86,4
DA:87,4
DA:88,4
DA:89,1
DA:90,1
DA:91,1
DA:92,1
DA:93,1
DA:94,4
DA:95,4
DA:96,4
DA:97,1
DA:98,1
DA:99,4
DA:100,4
DA:101,4
DA:102,4
DA:103,4
DA:104,4
DA:105,4
DA:106,4
DA:107,4
DA:108,4
DA:109,4
DA:110,3
DA:111,3
DA:112,3
DA:113,3
DA:114,3
DA:115,3
DA:116,3
DA:117,3
DA:118,3
DA:119,3
DA:120,3
DA:121,3
DA:122,3
DA:123,4
DA:124,1
DA:125,1
DA:126,1
DA:127,1
DA:128,1
DA:129,4
DA:130,1
DA:131,1
DA:132,3
DA:133,3
DA:134,3
DA:135,3
DA:136,3
DA:137,3
DA:138,3
DA:139,3
DA:140,3
DA:141,3
DA:142,3
DA:143,3
DA:144,3
DA:145,3
DA:146,3
DA:147,1
DA:148,1
DA:149,3
DA:150,3
DA:151,3
DA:152,3
DA:153,3
DA:154,3
DA:155,3
DA:156,3
DA:157,2
DA:158,2
DA:159,2
DA:160,2
DA:161,2
DA:162,2
DA:163,2
DA:164,2
DA:165,2
DA:166,2
DA:167,2
DA:168,2
DA:169,2
DA:170,2
DA:171,2
DA:172,2
DA:173,2
DA:174,3
DA:175,1
DA:176,1
DA:177,1
DA:178,1
DA:179,1
DA:180,3
DA:181,1
DA:182,1
DA:183,4
DA:184,4
DA:185,4
DA:186,4
DA:187,3
DA:188,4
DA:189,1
DA:190,1
DA:191,2
DA:192,2
DA:193,4
DA:194,4
DA:195,4
DA:196,2
DA:197,2
DA:198,2
DA:199,2
DA:200,1
DA:201,4
DA:202,4
DA:203,4
DA:204,4
DA:205,1
DA:206,1
DA:207,4
DA:208,1
DA:209,1
DA:210,1
DA:211,3
DA:212,3
DA:213,3
DA:214,3
DA:215,2
DA:216,3
DA:217,1
DA:218,1
DA:219,1
DA:220,1
DA:221,1
DA:222,1
DA:223,1
DA:224,1
DA:225,1
DA:226,3
DA:227,1
DA:228,1
DA:229,2
DA:230,2
DA:231,2
DA:232,2
DA:233,2
DA:234,2
DA:235,2
DA:236,2
DA:237,2
DA:238,2
DA:239,2
DA:240,2
DA:241,2
DA:242,2
DA:243,2
DA:244,2
DA:245,2
DA:246,2
DA:247,2
DA:248,2
DA:249,2
DA:250,2
DA:251,2
DA:252,2
DA:253,2
DA:254,2
DA:255,2
DA:256,2
DA:257,2
DA:258,2
DA:259,1
DA:260,1
DA:261,1
DA:262,1
DA:263,1
DA:264,1
DA:265,1
DA:266,1
DA:267,1
DA:268,1
DA:269,2
DA:270,1
DA:271,1
DA:272,3
DA:273,3
DA:274,3
DA:275,3
DA:276,2
DA:277,3
DA:278,1
DA:279,1
DA:280,1
DA:281,1
DA:282,1
DA:283,1
DA:284,1
DA:285,1
DA:286,1
DA:287,1
DA:288,1
DA:289,1
DA:290,1
DA:291,1
DA:292,3
DA:293,1
DA:294,1
DA:295,3
DA:296,3
DA:297,3
DA:298,3
DA:299,3
DA:300,3
DA:301,3
DA:302,3
DA:303,3
DA:304,3
DA:305,3
DA:306,3
DA:307,3
DA:308,3
DA:309,3
DA:310,3
DA:311,3
DA:312,3
DA:313,3
DA:314,3
DA:315,3
DA:316,3
DA:317,3
DA:318,3
DA:319,3
DA:320,3
DA:321,3
DA:322,3
DA:323,3
DA:324,3
DA:325,3
DA:326,2
DA:327,3
DA:328,1
DA:329,1
DA:330,1
DA:331,1
DA:332,1
DA:333,1
DA:334,1
DA:335,1
DA:336,1
DA:337,1
DA:338,1
DA:339,1
DA:340,1
DA:341,1
DA:342,3
DA:343,1
DA:344,1
DA:345,3
DA:346,3
DA:347,3
DA:348,3
DA:349,2
DA:350,3
DA:351,1
DA:352,1
DA:353,1
DA:354,1
DA:355,1
DA:356,1
DA:357,1
DA:358,1
DA:359,1
DA:360,1
DA:361,1
DA:362,1
DA:363,1
DA:364,3
DA:365,1
DA:366,1
DA:367,5
DA:368,5
DA:369,5
DA:370,5
DA:371,5
DA:372,5
DA:373,5
DA:374,5
DA:375,5
DA:376,5
DA:377,5
DA:378,5
DA:379,5
DA:380,5
DA:381,5
DA:382,5
DA:383,5
DA:384,5
DA:385,2
DA:386,2
DA:387,2
DA:388,2
DA:389,2
DA:390,5
DA:391,5
DA:392,5
DA:393,5
DA:394,5
DA:395,5
DA:396,5
DA:397,5
DA:398,5
DA:399,5
DA:400,5
DA:401,5
DA:402,5
DA:403,5
DA:404,5
DA:405,5
DA:406,5
DA:407,5
DA:408,5
DA:409,5
DA:410,5
DA:411,5
DA:412,5
DA:413,5
DA:414,5
DA:415,5
DA:416,5
DA:417,5
DA:418,5
DA:419,5
DA:420,5
DA:421,5
DA:422,5
DA:423,5
DA:424,5
DA:425,5
DA:426,5
DA:427,5
DA:428,5
DA:429,5
DA:430,5
DA:431,5
DA:432,5
DA:433,5
DA:434,5
DA:435,5
DA:436,5
DA:437,5
DA:438,5
DA:439,5
DA:440,5
DA:441,5
DA:442,5
DA:443,5
DA:444,5
DA:445,5
DA:446,5
DA:447,5
DA:448,5
DA:449,5
DA:450,5
DA:451,5
DA:452,5
DA:453,5
DA:454,5
DA:455,5
DA:456,5
DA:457,4
DA:458,4
DA:459,4
DA:460,4
DA:461,4
DA:462,4
DA:463,4
DA:464,4
DA:465,4
DA:466,4
DA:467,4
DA:468,4
DA:469,4
DA:470,5
DA:471,1
DA:472,1
DA:473,1
DA:474,5
DA:475,1
DA:476,1
DA:477,4
DA:478,4
DA:479,4
DA:480,4
DA:481,4
DA:482,4
DA:483,2
DA:484,2
DA:485,2
DA:486,2
DA:487,2
DA:488,4
DA:489,4
DA:490,4
DA:491,4
DA:492,4
DA:493,4
DA:494,4
DA:495,4
DA:496,4
DA:497,4
DA:498,4
DA:499,4
DA:500,3
DA:501,3
DA:502,3
DA:503,4
DA:504,1
DA:505,1
DA:506,1
DA:507,4
DA:508,4
DA:509,1
DA:510,1
DA:511,4
DA:512,1
DA:513,1
DA:514,7
DA:515,7
DA:516,7
DA:517,7
DA:518,7
DA:519,7
DA:520,1
DA:521,1
DA:522,6
DA:523,6
DA:524,6
DA:525,6
DA:526,6
DA:527,7
DA:528,1
DA:529,1
DA:530,1
DA:531,1
DA:532,1
DA:533,5
DA:534,5
DA:535,5
DA:536,7
DA:537,1
DA:538,1
DA:539,1
DA:540,1
DA:541,4
DA:542,4
DA:543,4
DA:544,7
DA:545,1
DA:546,1
DA:547,1
DA:548,1
DA:549,3
DA:550,3
DA:551,3
DA:552,2
DA:553,2
DA:554,2
DA:555,2
DA:556,2
DA:557,2
DA:558,2
DA:559,2
DA:560,2
DA:561,2
DA:562,2
DA:563,1
DA:564,1
DA:565,1
DA:566,1
DA:567,1
DA:568,7
DA:569,2
DA:570,2
DA:571,1
DA:572,1
DA:573,1
DA:574,1
DA:575,1
DA:576,1
DA:577,1
DA:578,7
DA:579,1
DA:580,1
DA:581,1
DA:582,1
DA:583,1
DA:584,1
DA:585,1
DA:586,1
DA:587,1
DA:588,1
DA:589,1
DA:590,1
DA:591,1
DA:592,1
LF:592
LH:592
BRDA:10,0,0,5
BRDA:12,1,0,4
BRDA:30,2,0,1
BRDA:35,3,0,4
BRDA:38,4,0,1
BRDA:38,5,0,1
BRDA:41,6,0,4
BRDA:44,7,0,1
BRDA:44,8,0,1
BRDA:46,9,0,4
BRDA:53,10,0,0
BRDA:53,11,0,4
BRDA:55,12,0,4
BRDA:69,13,0,1
BRDA:74,14,0,4
BRDA:88,15,0,1
BRDA:96,16,0,1
BRDA:96,17,0,1
BRDA:107,18,0,0
BRDA:107,19,0,3
BRDA:109,20,0,3
BRDA:123,21,0,1
BRDA:131,22,0,3
BRDA:146,23,0,1
BRDA:152,24,0,0
BRDA:156,25,0,2
BRDA:174,26,0,1
BRDA:182,27,0,4
BRDA:186,28,0,3
BRDA:188,29,0,1
BRDA:190,30,0,2
BRDA:193,31,0,1
BRDA:193,32,0,1
BRDA:195,33,0,2
BRDA:200,34,0,1
BRDA:201,35,0,1
BRDA:204,36,0,1
BRDA:210,37,0,3
BRDA:214,38,0,2
BRDA:216,39,0,1
BRDA:228,40,0,2
BRDA:249,41,0,0
BRDA:250,42,0,0
BRDA:251,43,0,0
BRDA:253,44,0,0
BRDA:255,45,0,1
BRDA:258,46,0,1
BRDA:271,47,0,3
BRDA:275,48,0,2
BRDA:277,49,0,1
BRDA:294,50,0,3
BRDA:318,51,0,0
BRDA:319,52,0,0
BRDA:320,53,0,0
BRDA:322,54,0,0
BRDA:325,55,0,2
BRDA:327,56,0,1
BRDA:344,57,0,3
BRDA:348,58,0,2
BRDA:350,59,0,1
BRDA:366,60,0,5
BRDA:384,61,0,2
BRDA:384,62,0,2
BRDA:386,63,0,1
BRDA:386,64,0,1
BRDA:387,65,0,1
BRDA:387,66,0,1
BRDA:428,67,0,0
BRDA:456,68,0,4
BRDA:470,69,0,1
BRDA:476,70,0,4
BRDA:482,71,0,2
BRDA:482,72,0,2
BRDA:484,73,0,1
BRDA:484,74,0,1
BRDA:485,75,0,1
BRDA:485,76,0,1
BRDA:499,77,0,3
BRDA:503,78,0,1
BRDA:508,79,0,1
BRDA:513,80,0,7
BRDA:519,81,0,1
BRDA:521,82,0,6
BRDA:527,83,0,1
BRDA:532,84,0,5
BRDA:536,85,0,1
BRDA:540,86,0,4
BRDA:544,87,0,1
BRDA:548,88,0,3
BRDA:551,89,0,2
BRDA:562,90,0,1
BRDA:568,91,0,2
BRDA:570,92,0,1
BRF:93
BRH:81
end_of_record
TN:
SF:controller\auth\auth.controller.js
FN:20,register
FN:91,verifyOtp
FN:136,resendOtp
FN:172,registerGoogle
FN:228,forgotPassword
FN:259,login
FN:306,loginGoogle
FN:359,getRoleNameById
FN:371,googleAuth
FN:430,getInforById
FN:455,updateProfile
FN:500,updatePassword
FN:555,getNotifications
FN:611,markAsRead
FN:635,markAllAsRead
FN:653,deleteNotification
FN:672,deleteAllNotifications
FN:687,countUnread
FN:705,checkProfileStatus
FNF:19
FNH:19
FNDA:6,register
FNDA:6,verifyOtp
FNDA:3,resendOtp
FNDA:3,registerGoogle
FNDA:4,forgotPassword
FNDA:5,login
FNDA:3,loginGoogle
FNDA:2,getRoleNameById
FNDA:3,googleAuth
FNDA:2,getInforById
FNDA:3,updateProfile
FNDA:6,updatePassword
FNDA:1,getNotifications
FNDA:2,markAsRead
FNDA:1,markAllAsRead
FNDA:2,deleteNotification
FNDA:1,deleteAllNotifications
FNDA:1,countUnread
FNDA:3,checkProfileStatus
DA:1,1
DA:2,1
DA:3,1
DA:4,1
DA:5,1
DA:6,1
DA:7,1
DA:8,1
DA:9,1
DA:10,1
DA:11,1
DA:12,1
DA:13,1
DA:14,1
DA:15,1
DA:16,1
DA:17,1
DA:18,1
DA:19,1
DA:20,1
DA:21,6
DA:22,6
DA:23,6
DA:24,6
DA:25,6
DA:26,1
DA:27,1
DA:28,1
DA:29,1
DA:30,5
DA:31,6
DA:32,1
DA:33,1
DA:34,1
DA:35,1
DA:36,4
DA:37,4
DA:38,6
DA:39,3
DA:40,3
DA:41,4
DA:42,4
DA:43,4
DA:44,6
DA:45,1
DA:46,1
DA:47,1
DA:48,1
DA:49,2
DA:50,2
DA:51,2
DA:52,2
DA:53,2
DA:54,2
DA:55,2
DA:56,2
DA:57,2
DA:58,2
DA:59,2
DA:60,2
DA:61,2
DA:62,1
DA:63,1
DA:64,1
DA:65,1
DA:66,1
DA:67,1
DA:68,1
DA:69,1
DA:70,1
DA:71,1
DA:72,1
DA:73,1
DA:74,1
DA:75,1
DA:76,1
DA:77,6
DA:78,2
DA:79,1
DA:80,1
DA:81,1
DA:82,1
DA:83,1
DA:84,1
DA:85,1
DA:86,1
DA:87,1
DA:88,6
DA:89,1
DA:90,1
DA:91,1
DA:92,6
DA:93,6
DA:94,6
DA:95,6
DA:96,6
DA:97,6
DA:98,6
DA:99,6
DA:100,5
DA:101,5
DA:102,6
DA:103,4
DA:104,6
DA:105,1
DA:106,1
DA:107,1
DA:108,3
DA:109,6
DA:110,1
DA:111,1
DA:112,1
DA:113,2
DA:114,6
DA:115,1
DA:116,1
DA:117,1
DA:118,0
DA:119,0
DA:120,0
DA:121,1
DA:122,1
DA:123,1
DA:124,1
DA:125,1
DA:126,1
DA:127,1
DA:128,1
DA:129,1
DA:130,6
DA:131,0
DA:132,0
DA:133,6
DA:134,1
DA:135,1
DA:136,1
DA:137,3
DA:138,3
DA:139,3
DA:140,3
DA:141,3
DA:142,3
DA:143,1
DA:144,1
DA:145,2
DA:146,3
DA:147,1
DA:148,1
DA:149,1
DA:150,1
DA:151,1
DA:152,1
DA:153,1
DA:154,1
DA:155,1
DA:156,1
DA:157,1
DA:158,1
DA:159,1
DA:160,1
DA:161,1
DA:162,1
DA:163,1
DA:164,1
DA:165,1
DA:166,3
DA:167,0
DA:168,0
DA:169,0
DA:170,3
DA:171,1
DA:172,1
DA:173,3
DA:174,3
DA:175,3
DA:176,3
DA:177,0
DA:178,0
DA:179,3
DA:180,3
DA:181,3
DA:182,3
DA:183,3
DA:184,3
DA:185,3
DA:186,3
DA:187,3
DA:188,3
DA:189,3
DA:190,3
DA:191,2
DA:192,2
DA:193,2
DA:194,3
DA:195,1
DA:196,1
DA:197,1
DA:198,1
DA:199,1
DA:200,1
DA:201,1
DA:202,1
DA:203,1
DA:204,1
DA:205,1
DA:206,1
DA:207,1
DA:208,1
DA:209,1
DA:210,3
DA:211,0
DA:212,0
DA:213,0
DA:214,0
DA:215,0
DA:216,1
DA:217,1
DA:218,1
DA:219,1
DA:220,3
DA:221,0
DA:222,0
DA:223,0
DA:224,0
DA:225,0
DA:226,3
DA:227,1
DA:228,1
DA:229,4
DA:230,4
DA:231,4
DA:232,4
DA:233,4
DA:234,4
DA:235,4
DA:236,3
DA:237,3
DA:238,4
DA:239,1
DA:240,1
DA:241,2
DA:242,2
DA:243,4
DA:244,1
DA:245,1
DA:246,1
DA:247,1
DA:248,1
DA:249,1
DA:250,1
DA:251,1
DA:252,1
DA:253,1
DA:254,4
DA:255,0
DA:256,0
DA:257,4
DA:258,1
DA:259,1
DA:260,5
DA:261,5
DA:262,5
DA:263,5
DA:264,5
DA:265,5
DA:266,5
DA:267,5
DA:268,5
DA:269,5
DA:270,4
DA:271,4
DA:272,5
DA:273,1
DA:274,1
DA:275,3
DA:276,3
DA:277,5
DA:278,2
DA:279,2
DA:280,5
DA:281,1
DA:282,1
DA:283,1
DA:284,1
DA:285,1
DA:286,1
DA:287,1
DA:288,1
DA:289,5
DA:290,5
DA:291,5
DA:292,5
DA:293,5
DA:294,5
DA:295,5
DA:296,5
DA:297,5
DA:298,5
DA:299,5
DA:300,5
DA:301,5
DA:302,0
DA:303,0
DA:304,5
DA:305,1
DA:306,1
DA:307,3
DA:308,3
DA:309,3
DA:310,3
DA:311,0
DA:312,0
DA:313,3
DA:314,3
DA:315,3
DA:316,3
DA:317,3
DA:318,3
DA:319,3
DA:320,3
DA:321,3
DA:322,3
DA:323,3
DA:324,3
DA:325,3
DA:326,1
DA:327,1
DA:328,1
DA:329,1
DA:330,2
DA:331,3
DA:332,1
DA:333,1
DA:334,1
DA:335,1
DA:336,1
DA:337,1
DA:338,1
DA:339,1
DA:340,1
DA:341,1
DA:342,3
DA:343,3
DA:344,3
DA:345,3
DA:346,3
DA:347,3
DA:348,3
DA:349,3
DA:350,3
DA:351,3
DA:352,3
DA:353,3
DA:354,3
DA:355,0
DA:356,0
DA:357,3
DA:358,1
DA:359,1
DA:360,2
DA:361,2
DA:362,2
DA:363,2
DA:364,1
DA:365,2
DA:366,0
DA:367,0
DA:368,0
DA:369,2
DA:370,1
DA:371,1
DA:372,3
DA:373,3
DA:374,3
DA:375,3
DA:376,3
DA:377,3
DA:378,3
DA:379,3
DA:380,3
DA:381,3
DA:382,3
DA:383,3
DA:384,3
DA:385,3
DA:386,1
DA:387,1
DA:388,1
DA:389,1
DA:390,1
DA:391,1
DA:392,1
DA:393,1
DA:394,1
DA:395,1
DA:396,1
DA:397,1
DA:398,1
DA:399,1
DA:400,1
DA:401,1
DA:402,1
DA:403,1
DA:404,1
DA:405,0
DA:406,0
DA:407,0
DA:408,0
DA:409,0
DA:410,1
DA:411,3
DA:412,3
DA:413,3
DA:414,2
DA:415,2
DA:416,3
DA:417,1
DA:418,1
DA:419,1
DA:420,1
DA:421,1
DA:422,1
DA:423,1
DA:424,1
DA:425,3
DA:426,0
DA:427,0
DA:428,3
DA:429,1
DA:430,1
DA:431,2
DA:432,2
DA:433,2
DA:434,2
DA:435,2
DA:436,2
DA:437,2
DA:438,2
DA:439,1
DA:440,1
DA:441,1
DA:442,1
DA:443,1
DA:444,1
DA:445,1
DA:446,1
DA:447,1
DA:448,2
DA:449,0
DA:450,0
DA:451,0
DA:452,0
DA:453,0
DA:454,2
DA:455,1
DA:456,3
DA:457,3
DA:458,3
DA:459,3
DA:460,3
DA:461,3
DA:462,3
DA:463,3
DA:464,3
DA:465,1
DA:466,1
DA:467,1
DA:468,1
DA:469,2
DA:470,2
DA:471,2
DA:472,3
DA:473,1
DA:474,1
DA:475,1
DA:476,1
DA:477,1
DA:478,1
DA:479,1
DA:480,1
DA:481,3
DA:482,1
DA:483,1
DA:484,1
DA:485,1
DA:486,1
DA:487,1
DA:488,1
DA:489,1
DA:490,1
DA:491,1
DA:492,1
DA:493,3
DA:494,0
DA:495,0
DA:496,0
DA:497,0
DA:498,0
DA:499,3
DA:500,1
DA:501,6
DA:502,6
DA:503,6
DA:504,6
DA:505,6
DA:506,1
DA:507,1
DA:508,1
DA:509,1
DA:510,5
DA:511,6
DA:512,1
DA:513,1
DA:514,1
DA:515,1
DA:516,4
DA:517,4
DA:518,4
DA:519,6
DA:520,1
DA:521,1
DA:522,1
DA:523,1
DA:524,3
DA:525,6
DA:526,1
DA:527,1
DA:528,1
DA:529,1
DA:530,2
DA:531,2
DA:532,2
DA:533,6
DA:534,1
DA:535,1
DA:536,1
DA:537,1
DA:538,1
DA:539,1
DA:540,1
DA:541,1
DA:542,1
DA:543,1
DA:544,1
DA:545,1
DA:546,1
DA:547,6
DA:548,0
DA:549,0
DA:550,0
DA:551,0
DA:552,6
DA:553,1
DA:554,1
DA:555,1
DA:556,1
DA:557,1
DA:558,1
DA:559,1
DA:560,1
DA:561,1
DA:562,1
DA:563,1
DA:564,1
DA:565,1
DA:566,1
DA:567,1
DA:568,1
DA:569,1
DA:570,1
DA:571,1
DA:572,1
DA:573,1
DA:574,1
DA:575,1
DA:576,1
DA:577,1
DA:578,1
DA:579,1
DA:580,1
DA:581,1
DA:582,1
DA:583,1
DA:584,1
DA:585,1
DA:586,0
DA:587,0
DA:588,1
DA:589,1
DA:590,1
DA:591,1
DA:592,1
DA:593,1
DA:594,1
DA:595,1
DA:596,1
DA:597,1
DA:598,1
DA:599,1
DA:600,1
DA:601,1
DA:602,1
DA:603,1
DA:604,1
DA:605,1
DA:606,1
DA:607,1
DA:608,1
DA:609,1
DA:610,1
DA:611,1
DA:612,2
DA:613,2
DA:614,2
DA:615,2
DA:616,2
DA:617,2
DA:618,2
DA:619,2
DA:620,2
DA:621,2
DA:622,1
DA:623,1
DA:624,1
DA:625,1
DA:626,1
DA:627,1
DA:628,1
DA:629,2
DA:630,0
DA:631,0
DA:632,2
DA:633,1
DA:634,1
DA:635,1
DA:636,1
DA:637,1
DA:638,1
DA:639,1
DA:640,1
DA:641,1
DA:642,1
DA:643,1
DA:644,1
DA:645,1
DA:646,1
DA:647,1
DA:648,0
DA:649,0
DA:650,1
DA:651,1
DA:652,1
DA:653,1
DA:654,2
DA:655,2
DA:656,2
DA:657,2
DA:658,2
DA:659,2
DA:660,1
DA:661,1
DA:662,1
DA:663,1
DA:664,1
DA:665,1
DA:666,2
DA:667,0
DA:668,0
DA:669,2
DA:670,1
DA:671,1
DA:672,1
DA:673,1
DA:674,1
DA:675,1
DA:676,1
DA:677,1
DA:678,1
DA:679,1
DA:680,1
DA:681,1
DA:682,0
DA:683,0
DA:684,1
DA:685,1
DA:686,1
DA:687,1
DA:688,1
DA:689,1
DA:690,1
DA:691,1
DA:692,1
DA:693,1
DA:694,1
DA:695,1
DA:696,1
DA:697,1
DA:698,1
DA:699,1
DA:700,0
DA:701,0
DA:702,1
DA:703,1
DA:704,1
DA:705,1
DA:706,3
DA:707,3
DA:708,3
DA:709,3
DA:710,3
DA:711,3
DA:712,3
DA:713,3
DA:714,1
DA:715,1
DA:716,1
DA:717,1
DA:718,2
DA:719,2
DA:720,2
DA:721,3
DA:722,1
DA:723,3
DA:724,3
DA:725,3
DA:726,3
DA:727,3
DA:728,3
DA:729,3
DA:730,0
DA:731,0
DA:732,0
DA:733,0
DA:734,0
DA:735,3
DA:736,1
DA:737,1
DA:738,1
DA:739,1
DA:740,1
DA:741,1
DA:742,1
DA:743,1
DA:744,1
DA:745,1
DA:746,1
DA:747,1
DA:748,1
DA:749,1
DA:750,1
DA:751,1
DA:752,1
DA:753,1
DA:754,1
DA:755,1
DA:756,1
DA:757,1
LF:757
LH:688
BRDA:20,0,0,6
BRDA:23,1,0,0
BRDA:25,2,0,5
BRDA:25,3,0,5
BRDA:25,4,0,1
BRDA:29,5,0,5
BRDA:31,6,0,1
BRDA:35,7,0,4
BRDA:38,8,0,3
BRDA:40,9,0,4
BRDA:43,10,0,3
BRDA:44,11,0,1
BRDA:48,12,0,2
BRDA:61,13,0,1
BRDA:77,14,0,2
BRDA:78,15,0,1
BRDA:82,16,0,0
BRDA:91,17,0,6
BRDA:94,18,0,0
BRDA:95,19,0,0
BRDA:99,20,0,1
BRDA:99,21,0,5
BRDA:102,22,0,1
BRDA:102,23,0,4
BRDA:104,24,0,1
BRDA:107,25,0,3
BRDA:109,26,0,1
BRDA:112,27,0,2
BRDA:114,28,0,1
BRDA:117,29,0,0
BRDA:130,30,0,0
BRDA:136,31,0,3
BRDA:139,32,0,0
BRDA:142,33,0,1
BRDA:144,34,0,2
BRDA:146,35,0,1
BRDA:166,36,0,0
BRDA:172,37,0,3
BRDA:176,38,0,0
BRDA:190,39,0,1
BRDA:190,40,0,2
BRDA:194,41,0,1
BRDA:210,42,0,0
BRDA:215,43,0,1
BRDA:220,44,0,0
BRDA:228,45,0,4
BRDA:231,46,0,0
BRDA:235,47,0,1
BRDA:235,48,0,3
BRDA:238,49,0,1
BRDA:240,50,0,2
BRDA:243,51,0,1
BRDA:254,52,0,0
BRDA:259,53,0,5
BRDA:262,54,0,0
BRDA:269,55,0,1
BRDA:269,56,0,4
BRDA:272,57,0,1
BRDA:274,58,0,3
BRDA:277,59,0,1
BRDA:277,60,0,2
BRDA:280,61,0,1
BRDA:289,62,0,0
BRDA:301,63,0,0
BRDA:306,64,0,3
BRDA:310,65,0,0
BRDA:325,66,0,1
BRDA:329,67,0,2
BRDA:331,68,0,1
BRDA:342,69,0,0
BRDA:354,70,0,0
BRDA:359,71,0,2
BRDA:363,72,0,1
BRDA:365,73,0,0
BRDA:371,74,0,3
BRDA:385,75,0,1
BRDA:388,76,0,0
BRDA:404,77,0,0
BRDA:413,78,0,1
BRDA:413,79,0,2
BRDA:416,80,0,1
BRDA:425,81,0,0
BRDA:430,82,0,2
BRDA:438,83,0,1
BRDA:448,84,0,0
BRDA:455,85,0,3
BRDA:464,86,0,2
BRDA:464,87,0,1
BRDA:468,88,0,2
BRDA:472,89,0,1
BRDA:481,90,0,0
BRDA:481,91,0,1
BRDA:493,92,0,0
BRDA:500,93,0,6
BRDA:505,94,0,5
BRDA:505,95,0,1
BRDA:509,96,0,5
BRDA:511,97,0,1
BRDA:515,98,0,4
BRDA:519,99,0,1
BRDA:523,100,0,3
BRDA:525,101,0,1
BRDA:529,102,0,2
BRDA:533,103,0,1
BRDA:547,104,0,0
BRDA:555,105,0,1
BRDA:559,106,0,0
BRDA:560,107,0,0
BRDA:585,108,0,0
BRDA:611,109,0,2
BRDA:621,110,0,1
BRDA:629,111,0,0
BRDA:635,112,0,1
BRDA:647,113,0,0
BRDA:653,114,0,2
BRDA:659,115,0,1
BRDA:666,116,0,0
BRDA:672,117,0,1
BRDA:681,118,0,0
BRDA:687,119,0,1
BRDA:699,120,0,0
BRDA:705,121,0,3
BRDA:713,122,0,1
BRDA:717,123,0,2
BRDA:721,124,0,1
BRDA:729,125,0,0
BRF:126
BRH:90
end_of_record
TN:
SF:controller\auth\home.controller.js
FN:1,(empty-report)
FNF:1
FNH:0
FNDA:0,(empty-report)
DA:1,0
DA:2,0
DA:3,0
DA:4,0
DA:5,0
DA:6,0
DA:7,0
DA:8,0
DA:9,0
DA:10,0
DA:11,0
DA:12,0
DA:13,0
DA:14,0
DA:15,0
DA:16,0
DA:17,0
DA:18,0
DA:19,0
DA:20,0
DA:21,0
DA:22,0
DA:23,0
DA:24,0
DA:25,0
DA:26,0
DA:27,0
DA:28,0
DA:29,0
DA:30,0
DA:31,0
DA:32,0
DA:33,0
DA:34,0
DA:35,0
DA:36,0
DA:37,0
DA:38,0
DA:39,0
DA:40,0
DA:41,0
DA:42,0
DA:43,0
DA:44,0
DA:45,0
DA:46,0
DA:47,0
DA:48,0
DA:49,0
DA:50,0
DA:51,0
DA:52,0
DA:53,0
DA:54,0
DA:55,0
DA:56,0
DA:57,0
DA:58,0
DA:59,0
DA:60,0
DA:61,0
DA:62,0
DA:63,0
DA:64,0
DA:65,0
DA:66,0
DA:67,0
DA:68,0
DA:69,0
DA:70,0
DA:71,0
DA:72,0
DA:73,0
DA:74,0
DA:75,0
DA:76,0
DA:77,0
DA:78,0
DA:79,0
DA:80,0
DA:81,0
DA:82,0
DA:83,0
DA:84,0
DA:85,0
DA:86,0
DA:87,0
DA:88,0
DA:89,0
DA:90,0
DA:91,0
DA:92,0
DA:93,0
DA:94,0
DA:95,0
DA:96,0
DA:97,0
DA:98,0
DA:99,0
DA:100,0
DA:101,0
DA:102,0
DA:103,0
DA:104,0
DA:105,0
DA:106,0
DA:107,0
DA:108,0
DA:109,0
DA:110,0
DA:111,0
DA:112,0
DA:113,0
DA:114,0
DA:115,0
DA:116,0
DA:117,0
DA:118,0
DA:119,0
DA:120,0
DA:121,0
DA:122,0
DA:123,0
DA:124,0
DA:125,0
DA:126,0
DA:127,0
DA:128,0
DA:129,0
DA:130,0
DA:131,0
DA:132,0
DA:133,0
DA:134,0
DA:135,0
DA:136,0
DA:137,0
DA:138,0
DA:139,0
DA:140,0
DA:141,0
DA:142,0
DA:143,0
DA:144,0
DA:145,0
DA:146,0
DA:147,0
DA:148,0
DA:149,0
DA:150,0
DA:151,0
DA:152,0
DA:153,0
LF:153
LH:0
BRDA:1,0,0,0
BRF:1
BRH:0
end_of_record
